options:
mpiexec -n 10 /tmp/hpda/pengb/hpda/test/bingjing/nomad/bin/f+nomad-lda -T 50 -k 10000 -a 100 -b 0.01 -t 100 -n 30 /share/jproject/fg474/dataset//enwikix
Data loading done (0.739668 sec)!
start model init
starting model init
done model init
init phase done! 1107903630 tokens
Mon Mar 13 23:24:28 2017
:iter 1 time 51.32 totaltime 51.32 time-1 511.6 time-2 20.95 eplasetime 532.5 training-LL -1.18039e+10 Nwt 402240465 avg 0.363064 Nt 49530
after119792/122132 99937/77352 100088/89596 100052/110073 100001/104983 99671/91016 100290/112062 100445/95561 100214/92440 99286/104786 
Mon Mar 13 23:33:12 2017
:iter 2 time 50 totaltime 101.3 time-1 503.8 time-2 20.19 eplasetime 1057 training-LL -1.15306e+10 Nwt 733885290 avg 0.662409 Nt 114545
after140943/140992 99937/51012 100088/76977 100052/98573 100001/148363 99671/93615 100290/111742 100445/67381 100214/98400 112919/112946 
Mon Mar 13 23:41:54 2017
:iter 3 time 50.01 totaltime 151.3 time-1 503.3 time-2 19.3 eplasetime 1579 training-LL -1.12585e+10 Nwt 1067203699 avg 0.963264 Nt 197345
after171032/171072 99937/31052 100088/60497 100052/92033 100001/170363 99671/108015 100290/120862 100445/42081 100214/71060 132926/132966 
Mon Mar 13 23:50:37 2017
:iter 4 time 50 totaltime 201.3 time-1 504.4 time-2 18.65 eplasetime 2102 training-LL -1.10802e+10 Nwt 1398226153 avg 1.26205 Nt 299026
after196515/196552 99937/248 100088/44141 100052/98233 100001/185803 99671/125695 100290/127902 100445/15401 100214/61760 144226/144266 
Mon Mar 13 23:59:17 2017
:iter 5 time 50 totaltime 251.3 time-1 501.7 time-2 18.06 eplasetime 2622 training-LL -1.09216e+10 Nwt 1731990717 avg 1.5633 Nt 409748
after214352/214392 99937/138 100088/5931 100052/100713 100001/188883 99671/154315 100290/137102 100445/197 100214/44444 153827/153886 
Tue Mar 14 00:07:54 2017
:iter 6 time 50 totaltime 301.3 time-1 499.7 time-2 17.54 eplasetime 3139 training-LL -1.0777e+10 Nwt 2061272773 avg 1.86052 Nt 531664
after222312/222352 99937/200 100088/270 100052/66991 100001/193303 99671/183555 100290/140803 100445/167 100214/15954 176367/176406 
Tue Mar 14 00:16:33 2017
:iter 7 time 50.01 totaltime 351.3 time-1 501.9 time-2 17.02 eplasetime 3658 training-LL -1.06498e+10 Nwt 2380537983 avg 2.14869 Nt 663890
after229852/229892 99937/281 100088/318 100052/26183 100001/216363 99671/200275 100290/140942 100445/167 100214/376 185183/185204 
Tue Mar 14 00:25:16 2017
:iter 8 time 50 totaltime 401.4 time-1 505.8 time-2 16.63 eplasetime 4180 training-LL -1.05283e+10 Nwt 2703776536 avg 2.44044 Nt 801150
after240292/240332 99937/34 100088/48 100052/134 100001/207288 99671/231415 100290/142342 100445/41 100214/111 178236/178256 
Tue Mar 14 00:33:55 2017
:iter 9 time 50 totaltime 451.4 time-1 503.1 time-2 16.29 eplasetime 4700 training-LL -1.04103e+10 Nwt 3025976926 avg 2.73126 Nt 944586
after251353/251373 99937/46 100088/456 100052/731 100001/170031 99671/264815 100290/144462 100445/91 100214/122 167874/167874 
Tue Mar 14 00:42:36 2017
:iter 10 time 50 totaltime 501.4 time-1 504.6 time-2 16.25 eplasetime 5221 training-LL -1.02919e+10 Nwt 3345784016 avg 3.01992 Nt 1091850
after262479/262532 99937/240 100088/66 100052/254 100001/132204 99671/300795 100290/145282 100445/141 100214/1 158481/158486 
Tue Mar 14 00:51:06 2017
:iter 11 time 50 totaltime 551.4 time-1 493.7 time-2 15.91 eplasetime 5730 training-LL -1.0174e+10 Nwt 3663040782 avg 3.30628 Nt 1243050
after275635/275672 99937/106 100088/41 100052/109 100001/116768 99671/317475 100290/142122 100445/159 100214/346 147163/147203 
Tue Mar 14 00:59:42 2017
:iter 12 time 50 totaltime 601.4 time-1 501.3 time-2 15.54 eplasetime 6247 training-LL -1.0051e+10 Nwt 3982202242 avg 3.59436 Nt 1397609
after284033/284073 99937/369 100088/55 100052/0 100001/110520 99671/331635 100290/138702 100445/136 100214/297 134194/134214 
Tue Mar 14 01:08:27 2017
:iter 13 time 50 totaltime 651.4 time-1 509.4 time-2 15.27 eplasetime 6772 training-LL -9.92195e+09 Nwt 4306769435 avg 3.88731 Nt 1555590
after296822/296852 99937/451 100088/360 100052/0 100001/102093 99671/343955 100290/125403 100445/161 100214/100 130586/130626 
Tue Mar 14 01:17:13 2017
:iter 14 time 50.01 totaltime 701.4 time-1 510.2 time-2 15.29 eplasetime 7297 training-LL -9.78966e+09 Nwt 4621392769 avg 4.17129 Nt 1718602
after305093/305133 99937/61 100088/239 100052/352 100001/85652 99671/362135 100290/115182 100445/248 100214/618 130341/130381 
Tue Mar 14 01:25:58 2017
:iter 15 time 50 totaltime 751.4 time-1 510.3 time-2 14.8 eplasetime 7822 training-LL -9.64749e+09 Nwt 4946077020 avg 4.46436 Nt 1881090
after318572/318612 99937/324 100088/280 100052/280 100001/49260 99671/395695 100290/111283 100445/206 100214/427 123594/123634 
Tue Mar 14 01:34:43 2017
:iter 16 time 50.01 totaltime 801.4 time-1 510.6 time-2 14.66 eplasetime 8348 training-LL -9.5037e+09 Nwt 5264595670 avg 4.75185 Nt 2048807
after330472/330492 99937/297 100088/212 100052/380 100001/34755 99671/408555 100290/111262 100445/173 100214/444 113391/113431 
Tue Mar 14 01:43:25 2017
:iter 17 time 50 totaltime 851.4 time-1 507.3 time-2 14.4 eplasetime 8869 training-LL -9.35459e+09 Nwt 5581199676 avg 5.03762 Nt 2220485
after339433/339453 99937/118 100088/379 100052/377 100001/2590 99671/436775 100290/111402 100445/158 100214/106 108623/108643 
Tue Mar 14 01:52:10 2017
:iter 18 time 50 totaltime 901.4 time-1 510.9 time-2 14.42 eplasetime 9395 training-LL -9.20487e+09 Nwt 5898564497 avg 5.32408 Nt 2393250
after351109/351132 99937/280 100088/182 100052/410 100001/201 99671/436886 100290/109482 100445/45 100214/450 100913/100933 
Tue Mar 14 02:00:52 2017
:iter 19 time 50 totaltime 951.4 time-1 508 time-2 14.05 eplasetime 9917 training-LL -9.05425e+09 Nwt 6213233669 avg 5.6081 Nt 2573400
after364451/364472 99937/44 100088/63 100052/95 100001/1090 99671/438248 100290/105182 100445/63 100214/412 90292/90332 
Tue Mar 14 02:09:35 2017
:iter 20 time 50.01 totaltime 1001 time-1 509.1 time-2 13.89 eplasetime 1.044e+04 training-LL -8.90365e+09 Nwt 6533995967 avg 5.89762 Nt 2752810
after377512/377552 99937/415 100088/586 100052/355 100001/812 99671/438592 100290/101822 100445/37 100214/176 79614/79654 
Tue Mar 14 02:18:19 2017
:iter 21 time 50.01 totaltime 1051 time-1 510.7 time-2 13.73 eplasetime 1.096e+04 training-LL -8.76077e+09 Nwt 6845253287 avg 6.17856 Nt 2938124
after393532/393552 99937/237 100088/309 100052/173 100001/288 99671/433853 100290/103722 100445/241 100214/301 67325/67325 
Tue Mar 14 02:27:03 2017
:iter 22 time 50 totaltime 1101 time-1 509.6 time-2 13.5 eplasetime 1.149e+04 training-LL -8.61701e+09 Nwt 7166292796 avg 6.46834 Nt 3122100
after409032/409072 99937/52 100088/63 100052/134 100001/88 99671/429863 100290/106622 100445/157 100214/471 53459/53479 
Tue Mar 14 02:35:48 2017
:iter 23 time 50 totaltime 1151 time-1 512.5 time-2 13.44 eplasetime 1.201e+04 training-LL -8.48783e+09 Nwt 7480317245 avg 6.75178 Nt 3309690
after425372/425412 99937/239 100088/274 100052/105 100001/472 99671/428129 100290/104363 100445/116 100214/346 40525/40545 
Tue Mar 14 02:44:31 2017
:iter 24 time 50 totaltime 1201 time-1 509.6 time-2 13.32 eplasetime 1.254e+04 training-LL -8.36311e+09 Nwt 7792612008 avg 7.03366 Nt 3507532
after438436/438472 99937/205 100088/0 100052/116 100001/232 99671/423667 100290/106882 100445/50 100214/180 30157/30197 
Tue Mar 14 02:53:11 2017
:iter 25 time 50 totaltime 1251 time-1 506 time-2 13.22 eplasetime 1.306e+04 training-LL -8.24645e+09 Nwt 8112396467 avg 7.32229 Nt 3697500
after451652/451672 99937/160 100088/166 100052/359 100001/41 99671/418134 100290/109982 100445/66 100214/577 18804/18844 
Tue Mar 14 03:01:49 2017
:iter 26 time 50 totaltime 1301 time-1 505.3 time-2 12.94 eplasetime 1.357e+04 training-LL -8.13885e+09 Nwt 8423884773 avg 7.60345 Nt 3896985
after461412/461432 99937/233 100088/264 100052/355 100001/315 99671/409573 100290/112782 100445/68 100214/289 14660/14690 
Tue Mar 14 03:10:31 2017
:iter 27 time 50.01 totaltime 1351 time-1 509.4 time-2 12.89 eplasetime 1.41e+04 training-LL -8.03839e+09 Nwt 8740476420 avg 7.8892 Nt 4098360
after477412/477432 99937/397 100088/160 100052/4 100001/427 99671/406731 100290/111583 100445/59 100214/36 3154/3172 
Tue Mar 14 03:19:11 2017
:iter 28 time 50 totaltime 1401 time-1 506.9 time-2 13.05 eplasetime 1.462e+04 training-LL -7.94537e+09 Nwt 9051275884 avg 8.16973 Nt 4297687
after483551/483592 99937/168 100088/76 100052/8 100001/341 99671/407226 100290/108082 100445/280 100214/181 47/47 
Tue Mar 14 03:27:55 2017
:iter 29 time 50.01 totaltime 1451 time-1 511.1 time-2 12.69 eplasetime 1.514e+04 training-LL -7.85807e+09 Nwt 9369184325 avg 8.45668 Nt 4504673
after489670/489690 99937/80 100088/114 100052/24 100001/43 99671/402698 100290/106942 100445/37 100214/115 217/258 
Tue Mar 14 03:36:41 2017
:iter 30 time 50.01 totaltime 1501 time-1 513.6 time-2 12.57 eplasetime 1.567e+04 training-LL -7.77868e+09 Nwt 9680028864 avg 8.73725 Nt 4710706
after491807/491832 99937/361 100088/57 100052/22 100001/124 99671/396515 100290/110322 100445/79 100214/261 395/428 
Tue Mar 14 03:45:29 2017
:iter 31 time 50.01 totaltime 1551 time-1 515.4 time-2 12.55 eplasetime 1.619e+04 training-LL -7.70344e+09 Nwt 9994367421 avg 9.02097 Nt 4923390
after496411/496447 99937/55 100088/41 100052/241 100001/76 99671/391326 100290/111623 100445/36 100214/3 137/153 
Tue Mar 14 03:54:14 2017
:iter 32 time 50.01 totaltime 1601 time-1 512.3 time-2 12.44 eplasetime 1.672e+04 training-LL -7.63226e+09 Nwt 10313921505 avg 9.3094 Nt 5131110
after497558/497578 99937/147 100088/174 100052/160 100001/478 99671/385660 100290/114842 100445/87 100214/71 789/804 
Tue Mar 14 04:03:07 2017
:iter 33 time 50 totaltime 1651 time-1 520.2 time-2 12.48 eplasetime 1.725e+04 training-LL -7.56676e+09 Nwt 10626472558 avg 9.59151 Nt 5345643
after498546/498576 99937/282 100088/226 100052/224 100001/281 99671/383647 100290/115462 100445/86 100214/431 746/786 
Tue Mar 14 04:11:55 2017
:iter 34 time 50 totaltime 1701 time-1 515.9 time-2 12.23 eplasetime 1.778e+04 training-LL -7.50409e+09 Nwt 10945549119 avg 9.87951 Nt 5557530
after500140/500180 99937/64 100088/227 100052/79 100001/159 99671/381071 100290/117722 100445/49 100214/93 312/357 
Tue Mar 14 04:20:43 2017
:iter 35 time 50 totaltime 1751 time-1 515.7 time-2 12.23 eplasetime 1.831e+04 training-LL -7.44601e+09 Nwt 11258068046 avg 10.1616 Nt 5773066
after503747/503787 99937/73 100088/20 100052/126 100001/260 99671/375740 100290/119442 100445/75 100214/135 302/343 
Tue Mar 14 04:29:23 2017
:iter 36 time 50.01 totaltime 1801 time-1 508.4 time-2 12.27 eplasetime 1.883e+04 training-LL -7.39029e+09 Nwt 11577374883 avg 10.4498 Nt 5986945
after507597/507630 99937/141 100088/88 100052/401 100001/357 99671/370212 100290/120762 100445/64 100214/69 252/277 
Tue Mar 14 04:38:05 2017
:iter 37 time 50.01 totaltime 1851 time-1 509.5 time-2 12.12 eplasetime 1.935e+04 training-LL -7.33932e+09 Nwt 11884701531 avg 10.7272 Nt 6202289
after512348/512368 99937/68 100088/150 100052/488 100001/133 99671/363020 100290/122683 100445/97 100214/417 537/577 
Tue Mar 14 04:46:46 2017
:iter 38 time 50 totaltime 1901 time-1 509.1 time-2 12.17 eplasetime 1.987e+04 training-LL -7.28969e+09 Nwt 12199834361 avg 11.0116 Nt 6418680
after516783/516803 99937/62 100088/194 100052/286 100001/60 99671/358857 100290/123342 100445/50 100214/66 241/281 
Tue Mar 14 04:55:27 2017
:iter 39 time 50 totaltime 1952 time-1 509.1 time-2 11.85 eplasetime 2.039e+04 training-LL -7.2417e+09 Nwt 12519753056 avg 11.3004 Nt 6632400
after521842/521882 99937/59 100088/295 100052/70 100001/114 99671/352322 100290/124542 100445/127 100214/196 357/394 
Tue Mar 14 05:04:11 2017
:iter 40 time 50.01 totaltime 2002 time-1 512.2 time-2 12.03 eplasetime 2.092e+04 training-LL -7.19763e+09 Nwt 12828748634 avg 11.5793 Nt 6852733
after526603/526639 99937/142 100088/148 100052/211 100001/321 99671/345117 100290/127002 100445/302 100214/91 3/28 
Tue Mar 14 05:12:53 2017
:iter 41 time 50 totaltime 2052 time-1 509.4 time-2 11.92 eplasetime 2.144e+04 training-LL -7.1549e+09 Nwt 13142751976 avg 11.8627 Nt 7067206
after528823/528863 99937/41 100088/31 100052/169 100001/212 99671/337206 100290/133002 100445/129 100214/108 220/240 
Tue Mar 14 05:21:39 2017
:iter 42 time 50 totaltime 2102 time-1 514.1 time-2 11.79 eplasetime 2.196e+04 training-LL -7.11373e+09 Nwt 13457694053 avg 12.147 Nt 7284120
after532065/532085 99937/69 100088/211 100052/120 100001/60 99671/328479 100290/138622 100445/97 100214/131 87/127 
Tue Mar 14 05:30:25 2017
:iter 43 time 50 totaltime 2152 time-1 514.8 time-2 11.64 eplasetime 2.249e+04 training-LL -7.07411e+09 Nwt 13774133303 avg 12.4326 Nt 7501740
after536410/536430 99937/190 100088/430 100052/90 100001/42 99671/318328 100290/144322 100445/58 100214/16 65/95 
Tue Mar 14 05:39:13 2017
:iter 44 time 50.01 totaltime 2202 time-1 516.4 time-2 11.6 eplasetime 2.302e+04 training-LL -7.03749e+09 Nwt 14079971167 avg 12.7087 Nt 7720860
after537734/537756 99937/130 100088/132 100052/81 100001/61 99671/310576 100290/150422 100445/325 100214/145 333/373 
Tue Mar 14 05:47:57 2017
:iter 45 time 50.01 totaltime 2252 time-1 512.2 time-2 11.84 eplasetime 2.354e+04 training-LL -7.0011e+09 Nwt 14397642727 avg 12.9954 Nt 7941840
after537948/537968 99937/49 100088/48 100052/143 100001/136 99671/303864 100290/157022 100445/371 100214/80 280/320 
Tue Mar 14 05:56:47 2017
:iter 46 time 50.01 totaltime 2302 time-1 517.8 time-2 11.64 eplasetime 2.407e+04 training-LL -6.96609e+09 Nwt 14712109481 avg 13.2792 Nt 8165100
after542245/542285 99937/79 100088/241 100052/44 100001/24 99671/297012 100290/159942 100445/233 100214/134 7/7 
Tue Mar 14 06:05:34 2017
:iter 47 time 50 totaltime 2352 time-1 515.1 time-2 11.77 eplasetime 2.46e+04 training-LL -6.93331e+09 Nwt 15020805829 avg 13.5579 Nt 8386643
after546601/546638 99937/20 100088/30 100052/36 100001/77 99671/287956 100290/164582 100445/321 100214/161 145/180 
Tue Mar 14 06:14:22 2017
:iter 48 time 50 totaltime 2402 time-1 517.2 time-2 11.59 eplasetime 2.513e+04 training-LL -6.90103e+09 Nwt 15335368452 avg 13.8418 Nt 8606837
after548111/548151 99937/20 100088/16 100052/35 100001/20 99671/280728 100290/170302 100445/111 100214/141 457/477 
Tue Mar 14 06:23:06 2017
:iter 49 time 50 totaltime 2452 time-1 512.2 time-2 11.48 eplasetime 2.565e+04 training-LL -6.87e+09 Nwt 15649221353 avg 14.1251 Nt 8828208
after549545/549576 99937/243 100088/33 100052/167 100001/98 99671/272838 100290/176922 100445/42 100214/33 14/49 
Tue Mar 14 06:31:48 2017
:iter 50 time 50.01 totaltime 2502 time-1 510.2 time-2 11.64 eplasetime 2.617e+04 training-LL -6.83914e+09 Nwt 15968530707 avg 14.4133 Nt 9046500
after549956/549983 99937/208 100088/101 100052/159 100001/201 99671/264531 100290/184442 100445/135 100214/112 89/129 
Tue Mar 14 06:40:27 2017
:iter 51 time 50.01 totaltime 2552 time-1 507.3 time-2 11.43 eplasetime 2.669e+04 training-LL -6.81113e+09 Nwt 16275014862 avg 14.6899 Nt 9269310
after551499/551519 99937/40 100088/429 100052/20 100001/20 99671/256850 100290/190602 100445/41 100214/164 276/316 
Tue Mar 14 06:49:05 2017
:iter 52 time 50.01 totaltime 2602 time-1 506.9 time-2 11.62 eplasetime 2.721e+04 training-LL -6.78269e+09 Nwt 16593812157 avg 14.9777 Nt 9494935
after551660/551680 99937/139 100088/5 100052/168 100001/177 99671/249951 100290/197562 100445/72 100214/47 160/200 
Tue Mar 14 06:57:43 2017
:iter 53 time 50 totaltime 2652 time-1 506.7 time-2 11.45 eplasetime 2.773e+04 training-LL -6.75539e+09 Nwt 16907005619 avg 15.2604 Nt 9716370
after551001/551057 99937/240 100088/181 100052/240 100001/293 99671/241906 100290/205322 100445/242 100214/143 360/377 
Tue Mar 14 07:06:24 2017
:iter 54 time 50 totaltime 2702 time-1 509.1 time-2 11.45 eplasetime 2.825e+04 training-LL -6.72955e+09 Nwt 17216888494 avg 15.5401 Nt 9942000
after553427/553460 99937/21 100088/217 100052/360 100001/415 99671/233427 100290/211662 100445/80 100214/159 160/200 
Tue Mar 14 07:15:00 2017
:iter 55 time 50 totaltime 2752 time-1 504.9 time-2 11.61 eplasetime 2.877e+04 training-LL -6.70404e+09 Nwt 17530201321 avg 15.8229 Nt 10161280
after554631/554651 99937/99 100088/151 100052/312 100001/120 99671/225298 100290/218542 100445/310 100214/56 424/462 
Tue Mar 14 07:23:41 2017
:iter 56 time 50 totaltime 2802 time-1 509.6 time-2 11.4 eplasetime 2.929e+04 training-LL -6.67967e+09 Nwt 17843098652 avg 16.1053 Nt 10386570
after557100/557140 99937/141 100088/156 100052/336 100001/71 99671/217236 100290/223922 100445/212 100214/239 508/548 
Tue Mar 14 07:32:19 2017
:iter 57 time 50 totaltime 2852 time-1 506.3 time-2 11.37 eplasetime 2.98e+04 training-LL -6.65473e+09 Nwt 18163240517 avg 16.3942 Nt 10609770
after557265/557298 99937/94 100088/242 100052/157 100001/99 99671/209788 100290/231542 100445/300 100214/60 401/421 
Tue Mar 14 07:40:59 2017
:iter 58 time 50 totaltime 2902 time-1 508.5 time-2 11.25 eplasetime 3.032e+04 training-LL -6.63244e+09 Nwt 18469853067 avg 16.671 Nt 10836240
after559953/559993 99937/132 100088/285 100052/383 100001/138 99671/200142 100290/238522 100445/166 100214/60 150/180 
Tue Mar 14 07:49:40 2017
:iter 59 time 50.01 totaltime 2952 time-1 509.5 time-2 11.39 eplasetime 3.084e+04 training-LL -6.60971e+09 Nwt 18785978185 avg 16.9563 Nt 11060370
after562159/562199 99937/120 100088/261 100052/562 100001/180 99671/191817 100290/244322 100445/100 100214/160 240/280 
Tue Mar 14 07:58:19 2017
:iter 60 time 50.01 totaltime 3002 time-1 508.3 time-2 11.22 eplasetime 3.136e+04 training-LL -6.58779e+09 Nwt 19098739592 avg 17.2386 Nt 11284435
after562781/562820 99937/123 100088/100 100052/101 100001/137 99671/184619 100290/251522 100445/199 100214/62 297/318 
Tue Mar 14 08:06:54 2017
:iter 61 time 50.01 totaltime 3052 time-1 503.8 time-2 11.23 eplasetime 3.188e+04 training-LL -6.56652e+09 Nwt 19410805201 avg 17.5203 Nt 11510922
after565722/565742 99937/219 100088/19 100052/260 100001/119 99671/176483 100290/256782 100445/43 100214/181 113/153 
Tue Mar 14 08:15:34 2017
:iter 62 time 50.01 totaltime 3102 time-1 508.9 time-2 11.38 eplasetime 3.24e+04 training-LL -6.54614e+09 Nwt 19721203358 avg 17.8005 Nt 11738100
after565881/565901 99937/200 100088/340 100052/345 100001/65 99671/169750 100290/263182 100445/45 100214/33 84/140 
Tue Mar 14 08:24:11 2017
:iter 63 time 50.01 totaltime 3152 time-1 505.1 time-2 11.28 eplasetime 3.292e+04 training-LL -6.5261e+09 Nwt 20035448831 avg 18.0841 Nt 11967340
after567343/567383 99937/72 100088/334 100052/39 100001/342 99671/161373 100290/270162 100445/138 100214/40 103/118 
Tue Mar 14 08:32:53 2017
:iter 64 time 50.01 totaltime 3202 time-1 511.2 time-2 11.18 eplasetime 3.344e+04 training-LL -6.50565e+09 Nwt 20355418632 avg 18.3729 Nt 12192180
after566293/566313 99937/160 100088/244 100052/215 100001/299 99671/153921 100290/278562 100445/26 100214/160 71/101 
Tue Mar 14 08:41:35 2017
:iter 65 time 50 totaltime 3252 time-1 510.1 time-2 11.23 eplasetime 3.396e+04 training-LL -6.48734e+09 Nwt 20663881366 avg 18.6513 Nt 12421020
after564550/564590 99937/119 100088/456 100052/102 100001/48 99671/149854 100290/284582 100445/130 100214/45 60/75 
Tue Mar 14 08:50:15 2017
:iter 66 time 50.01 totaltime 3302 time-1 509.2 time-2 11.16 eplasetime 3.448e+04 training-LL -6.46849e+09 Nwt 20980665056 avg 18.9373 Nt 12644828
after565009/565049 99937/89 100088/160 100052/180 100001/139 99671/143971 100290/290002 100445/128 100214/41 222/242 
Tue Mar 14 08:58:54 2017
:iter 67 time 50.01 totaltime 3352 time-1 507.2 time-2 11.44 eplasetime 3.5e+04 training-LL -6.45057e+09 Nwt 21294409824 avg 19.2205 Nt 12872010
after565919/565939 99937/117 100088/280 100052/231 100001/102 99671/135969 100290/296902 100445/42 100214/20 368/399 
Tue Mar 14 09:07:36 2017
:iter 68 time 50 totaltime 3402 time-1 511.1 time-2 11.44 eplasetime 3.552e+04 training-LL -6.4329e+09 Nwt 21609409751 avg 19.5048 Nt 13099710
after566109/566129 99937/81 100088/316 100052/816 100001/80 99671/132346 100290/299622 100445/32 100214/68 471/511 
Tue Mar 14 09:16:13 2017
:iter 69 time 50 totaltime 3452 time-1 505.5 time-2 11.34 eplasetime 3.604e+04 training-LL -6.41608e+09 Nwt 21918947068 avg 19.7842 Nt 13326780
after568965/569005 99937/241 100088/261 100052/213 100001/105 99671/133099 100290/296582 100445/98 100214/177 180/220 
Tue Mar 14 09:24:58 2017
:iter 70 time 50.01 totaltime 3502 time-1 513.8 time-2 11.13 eplasetime 3.656e+04 training-LL -6.39954e+09 Nwt 22235160124 avg 20.0696 Nt 13552326
after567322/567360 99937/187 100088/400 100052/200 100001/300 99671/133032 100290/297702 100445/684 100214/45 51/91 
Tue Mar 14 09:33:37 2017
:iter 71 time 50.01 totaltime 3552 time-1 507.6 time-2 11.4 eplasetime 3.708e+04 training-LL -6.38242e+09 Nwt 22554726060 avg 20.358 Nt 13774047
after569108/569148 99937/200 100088/300 100052/382 100001/425 99671/131232 100290/297622 100445/142 100214/190 360/360 
Tue Mar 14 09:42:16 2017
:iter 72 time 50 totaltime 3602 time-1 507.5 time-2 11.14 eplasetime 3.76e+04 training-LL -6.3674e+09 Nwt 22860089202 avg 20.6336 Nt 14004240
after570450/570491 99937/142 100088/714 100052/66 100001/1 99671/127197 100290/301042 100445/265 100214/24 19/59 
Tue Mar 14 09:50:55 2017
:iter 73 time 50.01 totaltime 3652 time-1 508.6 time-2 11.36 eplasetime 3.812e+04 training-LL -6.35153e+09 Nwt 23177546544 avg 20.9202 Nt 14231100
after573680/573719 99937/60 100088/228 100052/218 100001/298 99671/118716 100290/306322 100445/36 100214/10 383/394 
Tue Mar 14 09:59:33 2017
:iter 74 time 50 totaltime 3702 time-1 506.5 time-2 11.38 eplasetime 3.864e+04 training-LL -6.33638e+09 Nwt 23492748300 avg 21.2047 Nt 14459398
after572058/572113 99937/41 100088/62 100052/298 100001/57 99671/113142 100290/313722 100445/120 100214/180 246/266 
Tue Mar 14 10:08:13 2017
:iter 75 time 50.01 totaltime 3752 time-1 508.5 time-2 11.1 eplasetime 3.916e+04 training-LL -6.32139e+09 Nwt 23807284212 avg 21.4886 Nt 14687989
after572795/572839 99937/290 100088/259 100052/22 100001/19 99671/109030 100290/317342 100445/40 100214/20 120/140 
Tue Mar 14 10:16:54 2017
:iter 76 time 50 totaltime 3802 time-1 510.4 time-2 11.08 eplasetime 3.968e+04 training-LL -6.30736e+09 Nwt 24115228761 avg 21.7665 Nt 14916617
after576644/576664 99937/142 100088/137 100052/388 100001/115 99671/104238 100290/318102 100445/40 100214/95 36/80 
Tue Mar 14 10:25:33 2017
:iter 77 time 50.01 totaltime 3852 time-1 507.2 time-2 11.16 eplasetime 4.02e+04 training-LL -6.29336e+09 Nwt 24432725617 avg 22.0531 Nt 15140880
after579620/579643 99937/56 100088/69 100052/79 100001/312 99671/100143 100290/318662 100445/117 100214/83 817/837 

===================================================================================
=   BAD TERMINATION OF ONE OF YOUR APPLICATION PROCESSES
=   PID 68215 RUNNING AT 10.16.0.117
=   EXIT CODE: 15
=   CLEANING UP REMAINING PROCESSES
=   YOU CAN IGNORE THE BELOW CLEANUP MESSAGES
===================================================================================
[proxy:0:7@j-118] HYD_pmcd_pmip_control_cmd_cb (pm/pmiserv/pmip_cb.c:885): assert (!closed) failed
[proxy:0:7@j-118] HYDT_dmxu_poll_wait_for_event (tools/demux/demux_poll.c:76): callback returned error status
[proxy:0:7@j-118] main (pm/pmiserv/pmip.c:206): demux engine error waiting for event
[proxy:0:1@j-112] HYD_pmcd_pmip_control_cmd_cb (pm/pmiserv/pmip_cb.c:885): assert (!closed) failed
[proxy:0:1@j-112] HYDT_dmxu_poll_wait_for_event (tools/demux/demux_poll.c:76): callback returned error status
[proxy:0:1@j-112] main (pm/pmiserv/pmip.c:206): demux engine error waiting for event
[proxy:0:0@j-110] HYD_pmcd_pmip_control_cmd_cb (pm/pmiserv/pmip_cb.c:885): assert (!closed) failed
[proxy:0:0@j-110] HYDT_dmxu_poll_wait_for_event (tools/demux/demux_poll.c:76): callback returned error status
[proxy:0:0@j-110] main (pm/pmiserv/pmip.c:206): demux engine error waiting for event
[proxy:0:3@j-114] HYD_pmcd_pmip_control_cmd_cb (pm/pmiserv/pmip_cb.c:885): assert (!closed) failed
[proxy:0:3@j-114] HYDT_dmxu_poll_wait_for_event (tools/demux/demux_poll.c:76): callback returned error status
[proxy:0:3@j-114] main (pm/pmiserv/pmip.c:206): demux engine error waiting for event
[proxy:0:2@j-113] HYD_pmcd_pmip_control_cmd_cb (pm/pmiserv/pmip_cb.c:885): assert (!closed) failed
[proxy:0:2@j-113] HYDT_dmxu_poll_wait_for_event (tools/demux/demux_poll.c:76): callback returned error status
[proxy:0:2@j-113] main (pm/pmiserv/pmip.c:206): demux engine error waiting for event
[proxy:0:4@j-115] HYD_pmcd_pmip_control_cmd_cb (pm/pmiserv/pmip_cb.c:885): assert (!closed) failed
[proxy:0:4@j-115] HYDT_dmxu_poll_wait_for_event (tools/demux/demux_poll.c:76): callback returned error status
[proxy:0:4@j-115] main (pm/pmiserv/pmip.c:206): demux engine error waiting for event
[proxy:0:5@j-116] HYD_pmcd_pmip_control_cmd_cb (pm/pmiserv/pmip_cb.c:885): assert (!closed) failed
[proxy:0:5@j-116] HYDT_dmxu_poll_wait_for_event (tools/demux/demux_poll.c:76): callback returned error status
[proxy:0:5@j-116] main (pm/pmiserv/pmip.c:206): demux engine error waiting for event
[proxy:0:9@j-120] HYD_pmcd_pmip_control_cmd_cb (pm/pmiserv/pmip_cb.c:885): assert (!closed) failed
[proxy:0:9@j-120] HYDT_dmxu_poll_wait_for_event (tools/demux/demux_poll.c:76): callback returned error status
[proxy:0:9@j-120] main (pm/pmiserv/pmip.c:206): demux engine error waiting for event
[proxy:0:8@j-119] HYD_pmcd_pmip_control_cmd_cb (pm/pmiserv/pmip_cb.c:885): assert (!closed) failed
[proxy:0:8@j-119] HYDT_dmxu_poll_wait_for_event (tools/demux/demux_poll.c:76): callback returned error status
[proxy:0:8@j-119] main (pm/pmiserv/pmip.c:206): demux engine error waiting for event
[mpiexec@j-128] HYDT_bscu_wait_for_completion (tools/bootstrap/utils/bscu_wait.c:76): one of the processes terminated badly; aborting
[mpiexec@j-128] HYDT_bsci_wait_for_completion (tools/bootstrap/src/bsci_wait.c:23): launcher returned error waiting for completion
[mpiexec@j-128] HYD_pmci_wait_for_completion (pm/pmiserv/pmiserv_pmci.c:218): launcher returned error waiting for completion
[mpiexec@j-128] main (ui/mpich/mpiexec.c:344): process manager error waiting for completion
