### datafile /share/jproject/fg474/dataset/enwiki-1M/petuum-2//enwiki-1M.id.txt.ylda
### topic 10000 beta(0.010000) alpha(0.010000) eval(0) workers(2) threads per worker(30)
### iteration, docll, moll,  docll+moll, time per iter, total elapsed time
0  -8.772608e+09  -1.122266e+10  -1.999527e+10  289.521315 289.521315 
1  -7.973827e+09  -1.071349e+10  -1.868732e+10  258.933771 548.455086 
2  -7.519707e+09  -1.030846e+10  -1.782816e+10  238.226769 786.681855 
3  -7.121376e+09  -9.885202e+09  -1.700658e+10  223.428097 1010.109952 
4  -6.679681e+09  -9.387936e+09  -1.606762e+10  210.399729 1220.509681 
5  -6.213204e+09  -8.854537e+09  -1.506774e+10  191.857267 1412.366948 
6  -5.818113e+09  -8.377993e+09  -1.419611e+10  179.457776 1591.824724 
7  -5.548537e+09  -8.004247e+09  -1.355278e+10  163.836624 1755.661348 
8  -5.382777e+09  -7.718102e+09  -1.310088e+10  153.457458 1909.118806 
9  -5.281375e+09  -7.492324e+09  -1.277370e+10  143.998587 2053.117393 
10  -5.217219e+09  -7.308178e+09  -1.252540e+10  141.553259 2194.670652 
11  -5.175712e+09  -7.153920e+09  -1.232963e+10  134.878517 2329.549169 
12  -5.147140e+09  -7.022304e+09  -1.216944e+10  134.208624 2463.757793 
13  -5.128409e+09  -6.907707e+09  -1.203612e+10  132.866646 2596.624439 
14  -5.115466e+09  -6.806998e+09  -1.192246e+10  131.053028 2727.677467 
15  -5.106034e+09  -6.717702e+09  -1.182374e+10  130.148185 2857.825652 
16  -5.099809e+09  -6.637613e+09  -1.173742e+10  131.267518 2989.093170 
17  -5.095234e+09  -6.565463e+09  -1.166070e+10  131.295238 3120.388408 
18  -5.092325e+09  -6.500282e+09  -1.159261e+10  129.403471 3249.791879 
19  -5.089935e+09  -6.441072e+09  -1.153101e+10  129.514307 3379.306186 
20  -5.088837e+09  -6.386875e+09  -1.147571e+10  132.073321 3511.379507 
21  -5.088160e+09  -6.337317e+09  -1.142548e+10  129.360085 3640.739592 
22  -5.087631e+09  -6.291749e+09  -1.137938e+10  127.559028 3768.298620 
23  -5.087946e+09  -6.249707e+09  -1.133765e+10  130.945986 3899.244606 
24  -5.087289e+09  -6.210947e+09  -1.129824e+10  127.540003 4026.784609 
25  -5.087327e+09  -6.175348e+09  -1.126268e+10  129.841658 4156.626267 
26  -5.087604e+09  -6.142071e+09  -1.122967e+10  125.717345 4282.343612 
27  -5.087685e+09  -6.111251e+09  -1.119894e+10  128.167515 4410.511127 
28  -5.087739e+09  -6.082391e+09  -1.117013e+10  127.180386 4537.691513 
29  -5.088198e+09  -6.055299e+09  -1.114350e+10  127.244229 4664.935742 
30  -5.088047e+09  -6.030229e+09  -1.111828e+10  128.820776 4793.756518 
31  -5.088114e+09  -6.006658e+09  -1.109477e+10  128.122685 4921.879203 
32  -5.087444e+09  -5.984425e+09  -1.107187e+10  128.023208 5049.902411 
33  -5.087062e+09  -5.963715e+09  -1.105078e+10  127.436242 5177.338653 
34  -5.087308e+09  -5.944267e+09  -1.103157e+10  126.502411 5303.841064 
35  -5.086759e+09  -5.925769e+09  -1.101253e+10  126.067977 5429.909041 
36  -5.086753e+09  -5.908304e+09  -1.099506e+10  127.509722 5557.418763 
37  -5.086544e+09  -5.891751e+09  -1.097829e+10  128.036829 5685.455592 
38  -5.086438e+09  -5.876148e+09  -1.096259e+10  128.974959 5814.430551 
39  -5.086005e+09  -5.861413e+09  -1.094742e+10  127.449450 5941.880001 
40  -5.085288e+09  -5.847449e+09  -1.093274e+10  127.515678 6069.395679 
41  -5.084999e+09  -5.834225e+09  -1.091922e+10  128.053130 6197.448809 
42  -5.084421e+09  -5.821565e+09  -1.090599e+10  128.282963 6325.731772 
43  -5.084176e+09  -5.809681e+09  -1.089386e+10  127.442338 6453.174110 
44  -5.083768e+09  -5.798002e+09  -1.088177e+10  127.771268 6580.945378 
45  -5.083306e+09  -5.787089e+09  -1.087040e+10  126.852656 6707.798034 
46  -5.082656e+09  -5.776657e+09  -1.085931e+10  125.583995 6833.382029 
47  -5.081636e+09  -5.766831e+09  -1.084847e+10  125.993316 6959.375345 
48  -5.081051e+09  -5.757502e+09  -1.083855e+10  125.507229 7084.882574 
49  -5.080501e+09  -5.748485e+09  -1.082899e+10  128.370496 7213.253070 
50  -5.079533e+09  -5.739902e+09  -1.081944e+10  126.894862 7340.147932 
51  -5.079168e+09  -5.731548e+09  -1.081072e+10  127.790786 7467.938718 
52  -5.078213e+09  -5.723798e+09  -1.080201e+10  128.597384 7596.536102 
53  -5.076629e+09  -5.716530e+09  -1.079316e+10  126.025298 7722.561400 
54  -5.075979e+09  -5.709521e+09  -1.078550e+10  126.242801 7848.804201 
55  -5.075224e+09  -5.702537e+09  -1.077776e+10  124.728041 7973.532242 
56  -5.074453e+09  -5.695919e+09  -1.077037e+10  124.281479 8097.813721 
57  -5.073163e+09  -5.689551e+09  -1.076271e+10  127.015351 8224.829072 
58  -5.072495e+09  -5.683488e+09  -1.075598e+10  126.227909 8351.056981 
59  -5.071810e+09  -5.677575e+09  -1.074939e+10  126.044898 8477.101879 
60  -5.071462e+09  -5.672014e+09  -1.074348e+10  129.931403 8607.033282 
61  -5.070156e+09  -5.666596e+09  -1.073675e+10  128.581345 8735.614627 
62  -5.069447e+09  -5.661347e+09  -1.073079e+10  127.919274 8863.533901 
63  -5.068888e+09  -5.656273e+09  -1.072516e+10  130.290072 8993.823973 
64  -5.067937e+09  -5.651415e+09  -1.071935e+10  128.654327 9122.478300 
65  -5.066437e+09  -5.647001e+09  -1.071344e+10  129.041565 9251.519865 
66  -5.065712e+09  -5.642542e+09  -1.070825e+10  125.522863 9377.042728 
67  -5.064465e+09  -5.638331e+09  -1.070280e+10  127.280296 9504.323024 
68  -5.064225e+09  -5.633804e+09  -1.069803e+10  125.663596 9629.986620 
69  -5.062849e+09  -5.630020e+09  -1.069287e+10  126.850330 9756.836950 
70  -5.061914e+09  -5.626085e+09  -1.068800e+10  127.549582 9884.386532 
71  -5.061140e+09  -5.622242e+09  -1.068338e+10  128.882831 10013.269363 
72  -5.060039e+09  -5.618840e+09  -1.067888e+10  127.540944 10140.810307 
73  -5.058952e+09  -5.615300e+09  -1.067425e+10  130.282957 10271.093264 
74  -5.058154e+09  -5.611896e+09  -1.067005e+10  127.213590 10398.306854 
75  -5.057493e+09  -5.608624e+09  -1.066612e+10  127.525868 10525.832722 
76  -5.055932e+09  -5.605503e+09  -1.066143e+10  127.502018 10653.334740 
77  -5.055316e+09  -5.602338e+09  -1.065765e+10  125.546223 10778.880963 
78  -5.053812e+09  -5.599512e+09  -1.065332e+10  125.163131 10904.044094 
79  -5.052891e+09  -5.596660e+09  -1.064955e+10  125.619823 11029.663917 
80  -5.051969e+09  -5.593932e+09  -1.064590e+10  128.589650 11158.253567 
81  -5.051459e+09  -5.591336e+09  -1.064279e+10  124.797464 11283.051031 
82  -5.050434e+09  -5.588716e+09  -1.063915e+10  125.226427 11408.277458 
83  -5.049006e+09  -5.586266e+09  -1.063527e+10  125.008392 11533.285850 
84  -5.048842e+09  -5.583736e+09  -1.063258e+10  128.153990 11661.439840 
85  -5.048120e+09  -5.581183e+09  -1.062930e+10  124.652450 11786.092290 
86  -5.046947e+09  -5.578937e+09  -1.062588e+10  126.573251 11912.665541 
87  -5.046285e+09  -5.576735e+09  -1.062302e+10  128.712333 12041.377874 
88  -5.045391e+09  -5.574517e+09  -1.061991e+10  125.561573 12166.939447 
89  -5.044156e+09  -5.572548e+09  -1.061670e+10  125.207979 12292.147426 
90  -5.043346e+09  -5.570415e+09  -1.061376e+10  125.449404 12417.596830 
91  -5.042433e+09  -5.568550e+09  -1.061098e+10  125.994528 12543.591358 
92  -5.041880e+09  -5.566468e+09  -1.060835e+10  124.336753 12667.928111 
93  -5.040456e+09  -5.564566e+09  -1.060502e+10  125.787535 12793.715646 
94  -5.039649e+09  -5.562786e+09  -1.060244e+10  124.449264 12918.164910 
95  -5.039805e+09  -5.560936e+09  -1.060074e+10  126.157253 13044.322163 
96  -5.038868e+09  -5.558878e+09  -1.059775e+10  128.731382 13173.053545 
97  -5.037745e+09  -5.557224e+09  -1.059497e+10  125.877232 13298.930777 
98  -5.036969e+09  -5.555763e+09  -1.059273e+10  124.905230 13423.836007 
99  -5.035691e+09  -5.554294e+09  -1.058999e+10  125.129122 13548.965129 
100  -5.035318e+09  -5.552736e+09  -1.058805e+10  126.034132 13674.999261 
101  -5.033839e+09  -5.551379e+09  -1.058522e+10  125.695016 13800.694277 
102  -5.032957e+09  -5.550035e+09  -1.058299e+10  127.841609 13928.535886 
103  -5.032452e+09  -5.548569e+09  -1.058102e+10  127.573566 14056.109452 
104  -5.031667e+09  -5.547194e+09  -1.057886e+10  127.271847 14183.381299 
105  -5.030725e+09  -5.545959e+09  -1.057668e+10  126.798926 14310.180225 
106  -5.030051e+09  -5.544614e+09  -1.057467e+10  125.862585 14436.042810 
107  -5.028718e+09  -5.543335e+09  -1.057205e+10  125.150254 14561.193064 
108  -5.028097e+09  -5.542252e+09  -1.057035e+10  126.594151 14687.787215 
109  -5.027482e+09  -5.541002e+09  -1.056848e+10  129.754318 14817.541533 
110  -5.026634e+09  -5.539798e+09  -1.056643e+10  126.351636 14943.893169 
111  -5.026119e+09  -5.538614e+09  -1.056473e+10  126.883646 15070.776815 
112  -5.025104e+09  -5.537450e+09  -1.056255e+10  127.133347 15197.910162 
113  -5.024728e+09  -5.536300e+09  -1.056103e+10  126.080224 15323.990386 
114  -5.023787e+09  -5.535158e+09  -1.055894e+10  127.707095 15451.697481 
115  -5.023321e+09  -5.533933e+09  -1.055725e+10  125.577994 15577.275475 
116  -5.022989e+09  -5.532994e+09  -1.055598e+10  126.028506 15703.303981 
117  -5.022001e+09  -5.531948e+09  -1.055395e+10  125.669643 15828.973624 
118  -5.020801e+09  -5.531196e+09  -1.055200e+10  126.888639 15955.862263 
119  -5.020101e+09  -5.530082e+09  -1.055018e+10  124.846689 16080.708952 
