### datafile /scratch/pengb/hpda/test/pubmed2m//pubmed-1M.ylda
### topic 1000 beta(0.010000) alpha(0.010000) eval(0) workers(6) threads per worker(12)
### iteration, docll, moll,  docll+moll, time per iter, total elapsed time
0  -3.799835e+08  -6.293601e+08  -1.009344e+09  7.319944 7.319944 
1  -3.294691e+08  -6.053507e+08  -9.348198e+08  7.149551 14.469495 
2  -3.082036e+08  -5.888768e+08  -8.970804e+08  6.481865 20.951360 
3  -2.963495e+08  -5.754638e+08  -8.718133e+08  6.202645 27.154005 
4  -2.879250e+08  -5.628266e+08  -8.507516e+08  5.904119 33.058124 
5  -2.802267e+08  -5.494176e+08  -8.296444e+08  5.911361 38.969485 
6  -2.724330e+08  -5.349323e+08  -8.073653e+08  5.654969 44.624454 
7  -2.653006e+08  -5.203819e+08  -7.856824e+08  5.525385 50.149839 
8  -2.595357e+08  -5.069690e+08  -7.665048e+08  5.401210 55.551049 
9  -2.551702e+08  -4.951009e+08  -7.502711e+08  5.205300 60.756349 
10  -2.517966e+08  -4.846909e+08  -7.364875e+08  5.495650 66.251999 
11  -2.490873e+08  -4.755729e+08  -7.246602e+08  5.412733 71.664732 
12  -2.467724e+08  -4.675241e+08  -7.142964e+08  5.448746 77.113478 
13  -2.447548e+08  -4.603824e+08  -7.051372e+08  5.135605 82.249083 
14  -2.429792e+08  -4.540222e+08  -6.970015e+08  4.854624 87.103707 
15  -2.413594e+08  -4.483150e+08  -6.896745e+08  4.724125 91.827832 
16  -2.400208e+08  -4.431590e+08  -6.831797e+08  5.058915 96.886747 
17  -2.387547e+08  -4.384701e+08  -6.772248e+08  4.801627 101.688374 
18  -2.376443e+08  -4.342314e+08  -6.718757e+08  4.717205 106.405579 
19  -2.366361e+08  -4.303487e+08  -6.669848e+08  4.888317 111.293896 
20  -2.356742e+08  -4.267859e+08  -6.624601e+08  4.833473 116.127369 
21  -2.348485e+08  -4.235087e+08  -6.583572e+08  4.768987 120.896356 
22  -2.341073e+08  -4.204954e+08  -6.546027e+08  4.616463 125.512819 
23  -2.334474e+08  -4.177077e+08  -6.511551e+08  4.795316 130.308135 
24  -2.328344e+08  -4.151257e+08  -6.479601e+08  4.670241 134.978376 
25  -2.322788e+08  -4.127314e+08  -6.450102e+08  4.872022 139.850398 
26  -2.317512e+08  -4.104716e+08  -6.422228e+08  4.568740 144.419138 
27  -2.312842e+08  -4.083647e+08  -6.396488e+08  4.782556 149.201694 
28  -2.308236e+08  -4.064057e+08  -6.372293e+08  4.639824 153.841518 
29  -2.303988e+08  -4.045650e+08  -6.349638e+08  4.606195 158.447713 
30  -2.300288e+08  -4.028371e+08  -6.328659e+08  4.609346 163.057059 
31  -2.297202e+08  -4.011801e+08  -6.309003e+08  4.605792 167.662851 
32  -2.293923e+08  -3.996233e+08  -6.290157e+08  4.761615 172.424466 
33  -2.291034e+08  -3.981463e+08  -6.272497e+08  4.453382 176.877848 
34  -2.287894e+08  -3.967627e+08  -6.255521e+08  4.496502 181.374350 
35  -2.285354e+08  -3.954360e+08  -6.239714e+08  4.724131 186.098481 
36  -2.282736e+08  -3.941851e+08  -6.224587e+08  4.492960 190.591441 
37  -2.280837e+08  -3.930132e+08  -6.210969e+08  4.605381 195.196822 
38  -2.278398e+08  -3.918592e+08  -6.196990e+08  4.509757 199.706579 
39  -2.276707e+08  -3.907607e+08  -6.184314e+08  4.592302 204.298881 
40  -2.275198e+08  -3.897043e+08  -6.172241e+08  4.613761 208.912642 
41  -2.273626e+08  -3.887054e+08  -6.160680e+08  4.578526 213.491168 
42  -2.271484e+08  -3.877492e+08  -6.148977e+08  4.487904 217.979072 
43  -2.270090e+08  -3.868195e+08  -6.138284e+08  4.562782 222.541854 
44  -2.268253e+08  -3.859302e+08  -6.127555e+08  4.621759 227.163613 
45  -2.267185e+08  -3.850759e+08  -6.117943e+08  4.517538 231.681151 
46  -2.265412e+08  -3.842952e+08  -6.108364e+08  4.604889 236.286040 
47  -2.264585e+08  -3.834944e+08  -6.099529e+08  4.421956 240.707996 
48  -2.263207e+08  -3.827493e+08  -6.090700e+08  4.432793 245.140789 
49  -2.262317e+08  -3.820236e+08  -6.082554e+08  4.482986 249.623775 
50  -2.260973e+08  -3.813342e+08  -6.074315e+08  4.526023 254.149798 
51  -2.260220e+08  -3.806600e+08  -6.066820e+08  4.485600 258.635398 
52  -2.259036e+08  -3.800086e+08  -6.059122e+08  4.462852 263.098250 
53  -2.258147e+08  -3.793781e+08  -6.051928e+08  4.721744 267.819994 
54  -2.257445e+08  -3.787539e+08  -6.044984e+08  4.409112 272.229106 
55  -2.256655e+08  -3.781593e+08  -6.038247e+08  4.364541 276.593647 
56  -2.256253e+08  -3.776065e+08  -6.032317e+08  4.461606 281.055253 
57  -2.255383e+08  -3.770573e+08  -6.025956e+08  4.404386 285.459639 
58  -2.254367e+08  -3.765421e+08  -6.019788e+08  4.386972 289.846611 
59  -2.253731e+08  -3.760288e+08  -6.014019e+08  4.463616 294.310227 
60  -2.253230e+08  -3.755296e+08  -6.008526e+08  4.587610 298.897837 
61  -2.252339e+08  -3.750562e+08  -6.002901e+08  4.532750 303.430587 
62  -2.251262e+08  -3.745980e+08  -5.997241e+08  4.491050 307.921637 
63  -2.251194e+08  -3.741368e+08  -5.992561e+08  4.452353 312.373990 
64  -2.250830e+08  -3.736907e+08  -5.987737e+08  4.361939 316.735929 
65  -2.250234e+08  -3.732409e+08  -5.982643e+08  4.438304 321.174233 
66  -2.249680e+08  -3.728217e+08  -5.977897e+08  4.518717 325.692950 
67  -2.249502e+08  -3.724171e+08  -5.973673e+08  4.398402 330.091352 
68  -2.248422e+08  -3.720153e+08  -5.968575e+08  4.441746 334.533098 
69  -2.247971e+08  -3.716431e+08  -5.964403e+08  4.493041 339.026139 
70  -2.247475e+08  -3.712744e+08  -5.960219e+08  4.551031 343.577170 
71  -2.246982e+08  -3.709187e+08  -5.956169e+08  4.587007 348.164177 
72  -2.246866e+08  -3.705584e+08  -5.952449e+08  4.432097 352.596274 
73  -2.246647e+08  -3.702016e+08  -5.948663e+08  4.495892 357.092166 
74  -2.246238e+08  -3.698579e+08  -5.944817e+08  4.542436 361.634602 
75  -2.245892e+08  -3.695178e+08  -5.941070e+08  4.460253 366.094855 
76  -2.245461e+08  -3.691882e+08  -5.937343e+08  4.541864 370.636719 
77  -2.245492e+08  -3.688741e+08  -5.934234e+08  4.448129 375.084848 
78  -2.245284e+08  -3.685786e+08  -5.931070e+08  4.502071 379.586919 
79  -2.244974e+08  -3.682749e+08  -5.927723e+08  4.532351 384.119270 
80  -2.244396e+08  -3.679939e+08  -5.924335e+08  4.565045 388.684315 
81  -2.244139e+08  -3.677044e+08  -5.921183e+08  4.496763 393.181078 
82  -2.243645e+08  -3.674442e+08  -5.918086e+08  4.386852 397.567930 
83  -2.243576e+08  -3.671539e+08  -5.915114e+08  4.467057 402.034987 
84  -2.243389e+08  -3.669011e+08  -5.912400e+08  4.485837 406.520824 
85  -2.243481e+08  -3.666226e+08  -5.909707e+08  4.352659 410.873483 
86  -2.243268e+08  -3.663734e+08  -5.907002e+08  4.616268 415.489751 
87  -2.243009e+08  -3.661269e+08  -5.904278e+08  4.384605 419.874356 
88  -2.242691e+08  -3.658852e+08  -5.901543e+08  4.381613 424.255969 
89  -2.242694e+08  -3.656576e+08  -5.899271e+08  4.607937 428.863906 
90  -2.242823e+08  -3.654184e+08  -5.897007e+08  4.561630 433.425536 
91  -2.242582e+08  -3.651963e+08  -5.894545e+08  4.482856 437.908392 
92  -2.242472e+08  -3.649863e+08  -5.892335e+08  4.450757 442.359149 
93  -2.242041e+08  -3.647662e+08  -5.889703e+08  4.391437 446.750586 
94  -2.241903e+08  -3.645652e+08  -5.887555e+08  4.388243 451.138829 
95  -2.241602e+08  -3.643579e+08  -5.885181e+08  4.417354 455.556183 
96  -2.241433e+08  -3.641458e+08  -5.882891e+08  4.449541 460.005724 
97  -2.241510e+08  -3.639640e+08  -5.881150e+08  4.440165 464.445889 
98  -2.241067e+08  -3.637575e+08  -5.878642e+08  4.449890 468.895779 
99  -2.241110e+08  -3.635840e+08  -5.876951e+08  4.474188 473.369967 
100  -2.240828e+08  -3.634022e+08  -5.874850e+08  4.713793 478.083760 
101  -2.240641e+08  -3.632213e+08  -5.872855e+08  4.420467 482.504227 
102  -2.240630e+08  -3.630136e+08  -5.870766e+08  4.706066 487.210293 
103  -2.240929e+08  -3.628305e+08  -5.869234e+08  4.479150 491.689443 
104  -2.240332e+08  -3.626697e+08  -5.867029e+08  4.531696 496.221139 
105  -2.239974e+08  -3.625315e+08  -5.865289e+08  4.413040 500.634179 
106  -2.239748e+08  -3.623735e+08  -5.863482e+08  4.523272 505.157451 
107  -2.239661e+08  -3.622103e+08  -5.861764e+08  4.593897 509.751348 
108  -2.239414e+08  -3.620616e+08  -5.860029e+08  4.470101 514.221449 
109  -2.239223e+08  -3.619004e+08  -5.858227e+08  4.460217 518.681666 
110  -2.239133e+08  -3.617331e+08  -5.856464e+08  4.522710 523.204376 
111  -2.239012e+08  -3.615881e+08  -5.854893e+08  4.380846 527.585222 
112  -2.239213e+08  -3.614434e+08  -5.853647e+08  4.329674 531.914896 
113  -2.239021e+08  -3.613079e+08  -5.852100e+08  4.511124 536.426020 
114  -2.239212e+08  -3.611664e+08  -5.850876e+08  4.414371 540.840391 
115  -2.238843e+08  -3.610496e+08  -5.849339e+08  4.399849 545.240240 
116  -2.238500e+08  -3.608940e+08  -5.847440e+08  4.395636 549.635876 
117  -2.238505e+08  -3.607567e+08  -5.846072e+08  4.374188 554.010064 
118  -2.238341e+08  -3.606264e+08  -5.844605e+08  4.532431 558.542495 
119  -2.238354e+08  -3.604941e+08  -5.843295e+08  4.433987 562.976482 
120  -2.238305e+08  -3.603672e+08  -5.841977e+08  4.535135 567.511617 
121  -2.238090e+08  -3.602537e+08  -5.840627e+08  4.354153 571.865770 
122  -2.238392e+08  -3.601218e+08  -5.839610e+08  4.568614 576.434384 
123  -2.238324e+08  -3.600027e+08  -5.838351e+08  4.488120 580.922504 
124  -2.238217e+08  -3.598807e+08  -5.837024e+08  4.565799 585.488303 
125  -2.237969e+08  -3.597831e+08  -5.835800e+08  4.476000 589.964303 
126  -2.237867e+08  -3.596641e+08  -5.834508e+08  4.429446 594.393749 
127  -2.237670e+08  -3.595626e+08  -5.833297e+08  4.479835 598.873584 
128  -2.237702e+08  -3.594374e+08  -5.832077e+08  4.454600 603.328184 
129  -2.237553e+08  -3.593282e+08  -5.830835e+08  4.466384 607.794568 
130  -2.237382e+08  -3.592336e+08  -5.829718e+08  4.462426 612.256994 
131  -2.237203e+08  -3.591171e+08  -5.828375e+08  4.452090 616.709084 
132  -2.237083e+08  -3.590250e+08  -5.827333e+08  4.572015 621.281099 
133  -2.237192e+08  -3.589100e+08  -5.826292e+08  4.361315 625.642414 
134  -2.237251e+08  -3.588256e+08  -5.825507e+08  4.535205 630.177619 
135  -2.237315e+08  -3.587234e+08  -5.824549e+08  4.355007 634.532626 
136  -2.236902e+08  -3.586377e+08  -5.823279e+08  4.381712 638.914338 
137  -2.236899e+08  -3.585342e+08  -5.822241e+08  4.438698 643.353036 
138  -2.236988e+08  -3.584523e+08  -5.821511e+08  4.442183 647.795219 
139  -2.236701e+08  -3.583807e+08  -5.820508e+08  4.409841 652.205060 
140  -2.236828e+08  -3.582822e+08  -5.819650e+08  4.374393 656.579453 
141  -2.236315e+08  -3.581895e+08  -5.818210e+08  4.464119 661.043572 
142  -2.236225e+08  -3.581291e+08  -5.817516e+08  4.375747 665.419319 
143  -2.236045e+08  -3.580746e+08  -5.816791e+08  4.462797 669.882116 
144  -2.235969e+08  -3.579755e+08  -5.815724e+08  4.465821 674.347937 
145  -2.235809e+08  -3.578940e+08  -5.814749e+08  4.413608 678.761545 
146  -2.236016e+08  -3.578222e+08  -5.814238e+08  4.505483 683.267028 
147  -2.235437e+08  -3.577606e+08  -5.813043e+08  4.390118 687.657146 
148  -2.235828e+08  -3.576739e+08  -5.812567e+08  4.431846 692.088992 
149  -2.235672e+08  -3.575967e+08  -5.811639e+08  4.533888 696.622880 
150  -2.235730e+08  -3.575142e+08  -5.810872e+08  4.424945 701.047825 
151  -2.235685e+08  -3.574297e+08  -5.809982e+08  4.436070 705.483895 
152  -2.235753e+08  -3.573621e+08  -5.809374e+08  4.448332 709.932227 
153  -2.235746e+08  -3.572709e+08  -5.808455e+08  4.370987 714.303214 
154  -2.235416e+08  -3.571964e+08  -5.807380e+08  4.394738 718.697952 
155  -2.235700e+08  -3.571524e+08  -5.807224e+08  4.534234 723.232186 
156  -2.235791e+08  -3.570849e+08  -5.806640e+08  4.554163 727.786349 
157  -2.235741e+08  -3.569979e+08  -5.805720e+08  4.492677 732.279026 
158  -2.235461e+08  -3.569251e+08  -5.804712e+08  4.530138 736.809164 
159  -2.235367e+08  -3.568685e+08  -5.804053e+08  4.500421 741.309585 
160  -2.235553e+08  -3.567985e+08  -5.803538e+08  4.440624 745.750209 
161  -2.235577e+08  -3.567403e+08  -5.802980e+08  4.568882 750.319091 
162  -2.235167e+08  -3.566912e+08  -5.802079e+08  4.423992 754.743083 
163  -2.235652e+08  -3.566098e+08  -5.801750e+08  4.383847 759.126930 
164  -2.235339e+08  -3.565560e+08  -5.800899e+08  4.349984 763.476914 
165  -2.235374e+08  -3.564873e+08  -5.800247e+08  4.417638 767.894552 
166  -2.235603e+08  -3.564169e+08  -5.799772e+08  4.404494 772.299046 
167  -2.235581e+08  -3.563421e+08  -5.799002e+08  4.520595 776.819641 
168  -2.235483e+08  -3.563001e+08  -5.798483e+08  4.353603 781.173244 
169  -2.235540e+08  -3.562456e+08  -5.797996e+08  4.555934 785.729178 
170  -2.235469e+08  -3.561961e+08  -5.797429e+08  4.492675 790.221853 
171  -2.235328e+08  -3.561460e+08  -5.796788e+08  4.346631 794.568484 
172  -2.235082e+08  -3.560880e+08  -5.795962e+08  4.399953 798.968437 
173  -2.235163e+08  -3.560387e+08  -5.795550e+08  4.408908 803.377345 
174  -2.235011e+08  -3.559905e+08  -5.794916e+08  4.448820 807.826165 
175  -2.234859e+08  -3.559594e+08  -5.794453e+08  4.409105 812.235270 
176  -2.234851e+08  -3.559100e+08  -5.793951e+08  4.372624 816.607894 
177  -2.234586e+08  -3.558726e+08  -5.793312e+08  4.510430 821.118324 
178  -2.234579e+08  -3.558495e+08  -5.793075e+08  4.425246 825.543570 
179  -2.234350e+08  -3.558176e+08  -5.792526e+08  4.506356 830.049926 
180  -2.234186e+08  -3.557687e+08  -5.791873e+08  4.455901 834.505827 
181  -2.234187e+08  -3.557185e+08  -5.791372e+08  4.371614 838.877441 
182  -2.234218e+08  -3.556744e+08  -5.790962e+08  4.452075 843.329516 
183  -2.234086e+08  -3.556275e+08  -5.790361e+08  4.342415 847.671931 
184  -2.234145e+08  -3.555783e+08  -5.789928e+08  4.359449 852.031380 
185  -2.233902e+08  -3.555242e+08  -5.789144e+08  4.463097 856.494477 
186  -2.233993e+08  -3.554904e+08  -5.788898e+08  4.629062 861.123539 
187  -2.234016e+08  -3.554365e+08  -5.788382e+08  4.337260 865.460799 
188  -2.233828e+08  -3.554096e+08  -5.787924e+08  4.487701 869.948500 
189  -2.233833e+08  -3.553744e+08  -5.787577e+08  4.437339 874.385839 
190  -2.233698e+08  -3.553176e+08  -5.786874e+08  4.524175 878.910014 
191  -2.233603e+08  -3.552776e+08  -5.786379e+08  4.429040 883.339054 
192  -2.233803e+08  -3.552326e+08  -5.786129e+08  4.457855 887.796909 
193  -2.233763e+08  -3.551890e+08  -5.785653e+08  4.483445 892.280354 
194  -2.233802e+08  -3.551690e+08  -5.785492e+08  4.518458 896.798812 
195  -2.233374e+08  -3.551320e+08  -5.784693e+08  4.435691 901.234503 
196  -2.233408e+08  -3.550939e+08  -5.784347e+08  4.348562 905.583065 
197  -2.233647e+08  -3.550634e+08  -5.784281e+08  4.348986 909.932051 
198  -2.233565e+08  -3.550058e+08  -5.783623e+08  4.293669 914.225720 
199  -2.233664e+08  -3.549683e+08  -5.783347e+08  4.396644 918.622364 
200  -2.233301e+08  -3.549509e+08  -5.782811e+08  4.451744 923.074108 
201  -2.233462e+08  -3.549078e+08  -5.782540e+08  4.330871 927.404979 
202  -2.233370e+08  -3.548738e+08  -5.782108e+08  4.390564 931.795543 
203  -2.233309e+08  -3.548381e+08  -5.781689e+08  4.386929 936.182472 
204  -2.233076e+08  -3.548160e+08  -5.781236e+08  4.564625 940.747097 
205  -2.233339e+08  -3.547660e+08  -5.780998e+08  4.442825 945.189922 
206  -2.233431e+08  -3.547205e+08  -5.780636e+08  4.426213 949.616135 
207  -2.233074e+08  -3.547175e+08  -5.780249e+08  4.389663 954.005798 
208  -2.232533e+08  -3.547138e+08  -5.779672e+08  4.499087 958.504885 
209  -2.232851e+08  -3.546724e+08  -5.779575e+08  4.346563 962.851448 
210  -2.233047e+08  -3.546301e+08  -5.779348e+08  4.423130 967.274578 
211  -2.232803e+08  -3.546035e+08  -5.778839e+08  4.427716 971.702294 
212  -2.232800e+08  -3.545663e+08  -5.778463e+08  4.556043 976.258337 
213  -2.232867e+08  -3.545210e+08  -5.778077e+08  4.481527 980.739864 
214  -2.232999e+08  -3.544903e+08  -5.777902e+08  4.518242 985.258106 
215  -2.232879e+08  -3.544658e+08  -5.777537e+08  4.521557 989.779663 
216  -2.232655e+08  -3.544562e+08  -5.777217e+08  4.425312 994.204975 
217  -2.232044e+08  -3.544481e+08  -5.776525e+08  4.536668 998.741643 
218  -2.232503e+08  -3.543927e+08  -5.776430e+08  4.434941 1003.176584 
219  -2.232318e+08  -3.543456e+08  -5.775773e+08  4.412446 1007.589030 
220  -2.232528e+08  -3.543144e+08  -5.775671e+08  4.436055 1012.025085 
221  -2.232381e+08  -3.543044e+08  -5.775425e+08  4.372329 1016.397414 
222  -2.232270e+08  -3.542728e+08  -5.774998e+08  4.328071 1020.725485 
223  -2.232619e+08  -3.542344e+08  -5.774963e+08  4.399637 1025.125122 
224  -2.232225e+08  -3.542246e+08  -5.774471e+08  4.430659 1029.555781 
225  -2.232089e+08  -3.542078e+08  -5.774167e+08  4.400423 1033.956204 
226  -2.231969e+08  -3.541685e+08  -5.773653e+08  4.380335 1038.336539 
227  -2.231945e+08  -3.541623e+08  -5.773568e+08  4.398367 1042.734906 
228  -2.232321e+08  -3.541289e+08  -5.773609e+08  4.415482 1047.150388 
229  -2.232287e+08  -3.540841e+08  -5.773128e+08  4.484172 1051.634560 
230  -2.232261e+08  -3.540497e+08  -5.772758e+08  4.464559 1056.099119 
231  -2.232424e+08  -3.540295e+08  -5.772719e+08  4.320365 1060.419484 
232  -2.232089e+08  -3.540129e+08  -5.772217e+08  4.387197 1064.806681 
233  -2.231822e+08  -3.540032e+08  -5.771854e+08  4.471158 1069.277839 
234  -2.231999e+08  -3.539660e+08  -5.771659e+08  4.429767 1073.707606 
235  -2.231739e+08  -3.539360e+08  -5.771100e+08  4.440407 1078.148013 
236  -2.232085e+08  -3.539253e+08  -5.771338e+08  4.628801 1082.776814 
237  -2.232024e+08  -3.538963e+08  -5.770988e+08  4.410782 1087.187596 
238  -2.231761e+08  -3.538641e+08  -5.770402e+08  4.381044 1091.568640 
239  -2.231879e+08  -3.538389e+08  -5.770268e+08  4.345867 1095.914507 
240  -2.231818e+08  -3.538126e+08  -5.769944e+08  4.555229 1100.469736 
241  -2.231569e+08  -3.538013e+08  -5.769583e+08  4.443872 1104.913608 
242  -2.232015e+08  -3.537744e+08  -5.769759e+08  4.360633 1109.274241 
243  -2.231817e+08  -3.537543e+08  -5.769360e+08  4.415306 1113.689547 
244  -2.231612e+08  -3.537516e+08  -5.769128e+08  4.303801 1117.993348 
245  -2.231561e+08  -3.537214e+08  -5.768775e+08  4.355807 1122.349155 
246  -2.231385e+08  -3.537113e+08  -5.768498e+08  4.453437 1126.802592 
247  -2.231804e+08  -3.536605e+08  -5.768409e+08  4.381593 1131.184185 
248  -2.231477e+08  -3.536532e+08  -5.768010e+08  4.393433 1135.577618 
249  -2.231533e+08  -3.536181e+08  -5.767714e+08  4.453534 1140.031152 
250  -2.231490e+08  -3.535929e+08  -5.767419e+08  4.587213 1144.618365 
251  -2.231739e+08  -3.535587e+08  -5.767326e+08  4.428122 1149.046487 
252  -2.231604e+08  -3.535340e+08  -5.766945e+08  4.441679 1153.488166 
253  -2.231541e+08  -3.535163e+08  -5.766704e+08  4.353374 1157.841540 
254  -2.231544e+08  -3.535011e+08  -5.766554e+08  4.406387 1162.247927 
255  -2.231534e+08  -3.534996e+08  -5.766529e+08  4.485462 1166.733389 
256  -2.231382e+08  -3.534668e+08  -5.766049e+08  4.485558 1171.218947 
257  -2.231594e+08  -3.534425e+08  -5.766019e+08  4.334023 1175.552970 
258  -2.231222e+08  -3.534395e+08  -5.765616e+08  4.429145 1179.982115 
259  -2.231355e+08  -3.534057e+08  -5.765412e+08  4.516595 1184.498710 
260  -2.231331e+08  -3.533847e+08  -5.765178e+08  4.391834 1188.890544 
261  -2.231142e+08  -3.533671e+08  -5.764812e+08  4.407143 1193.297687 
262  -2.231265e+08  -3.533395e+08  -5.764660e+08  4.386730 1197.684417 
263  -2.231245e+08  -3.533171e+08  -5.764416e+08  4.337019 1202.021436 
264  -2.231218e+08  -3.532838e+08  -5.764056e+08  4.328726 1206.350162 
265  -2.231499e+08  -3.532613e+08  -5.764112e+08  4.383358 1210.733520 
266  -2.231621e+08  -3.532395e+08  -5.764017e+08  4.326375 1215.059895 
267  -2.231382e+08  -3.532196e+08  -5.763578e+08  4.428853 1219.488748 
268  -2.231179e+08  -3.532187e+08  -5.763366e+08  4.427831 1223.916579 
269  -2.231292e+08  -3.531979e+08  -5.763271e+08  4.376951 1228.293530 
270  -2.230871e+08  -3.531976e+08  -5.762847e+08  4.403398 1232.696928 
271  -2.231155e+08  -3.531663e+08  -5.762817e+08  4.418106 1237.115034 
272  -2.231072e+08  -3.531661e+08  -5.762733e+08  4.358262 1241.473296 
273  -2.231063e+08  -3.531577e+08  -5.762640e+08  4.386577 1245.859873 
274  -2.230863e+08  -3.531345e+08  -5.762208e+08  4.392168 1250.252041 
275  -2.231120e+08  -3.531084e+08  -5.762203e+08  4.446481 1254.698522 
276  -2.230977e+08  -3.530997e+08  -5.761973e+08  4.387788 1259.086310 
277  -2.231067e+08  -3.530698e+08  -5.761766e+08  4.409969 1263.496279 
278  -2.231211e+08  -3.530363e+08  -5.761574e+08  4.330376 1267.826655 
279  -2.230963e+08  -3.530197e+08  -5.761159e+08  4.427037 1272.253692 
280  -2.231011e+08  -3.530233e+08  -5.761245e+08  4.509653 1276.763345 
281  -2.230903e+08  -3.530177e+08  -5.761080e+08  4.314023 1281.077368 
282  -2.230919e+08  -3.529887e+08  -5.760807e+08  4.443792 1285.521160 
283  -2.230968e+08  -3.529926e+08  -5.760894e+08  4.556163 1290.077323 
284  -2.230716e+08  -3.529926e+08  -5.760642e+08  4.496928 1294.574251 
285  -2.231068e+08  -3.529571e+08  -5.760639e+08  4.539362 1299.113613 
286  -2.230703e+08  -3.529465e+08  -5.760168e+08  4.534877 1303.648490 
287  -2.230698e+08  -3.529284e+08  -5.759982e+08  4.574868 1308.223358 
288  -2.230423e+08  -3.529408e+08  -5.759830e+08  4.591169 1312.814527 
289  -2.230545e+08  -3.529254e+08  -5.759799e+08  4.455339 1317.269866 
290  -2.230518e+08  -3.528924e+08  -5.759442e+08  4.508112 1321.777978 
291  -2.230776e+08  -3.528651e+08  -5.759427e+08  4.371917 1326.149895 
292  -2.230615e+08  -3.528603e+08  -5.759219e+08  4.467276 1330.617171 
293  -2.230531e+08  -3.528397e+08  -5.758928e+08  4.426017 1335.043188 
294  -2.230559e+08  -3.528189e+08  -5.758748e+08  4.376519 1339.419707 
295  -2.230475e+08  -3.528171e+08  -5.758646e+08  4.396864 1343.816571 
296  -2.230883e+08  -3.527886e+08  -5.758769e+08  4.350981 1348.167552 
297  -2.230402e+08  -3.527703e+08  -5.758105e+08  4.462168 1352.629720 
298  -2.230371e+08  -3.527759e+08  -5.758130e+08  4.411838 1357.041558 
299  -2.230382e+08  -3.527571e+08  -5.757953e+08  4.422751 1361.464309 
300  -2.230218e+08  -3.527437e+08  -5.757655e+08  4.443441 1365.907750 
301  -2.230489e+08  -3.527325e+08  -5.757814e+08  4.514700 1370.422450 
302  -2.230398e+08  -3.527292e+08  -5.757690e+08  4.371596 1374.794046 
303  -2.230399e+08  -3.527014e+08  -5.757412e+08  4.421836 1379.215882 
304  -2.230382e+08  -3.526839e+08  -5.757221e+08  4.476527 1383.692409 
305  -2.230296e+08  -3.526782e+08  -5.757078e+08  4.462479 1388.154888 
306  -2.230189e+08  -3.526676e+08  -5.756865e+08  4.457679 1392.612567 
307  -2.230186e+08  -3.526392e+08  -5.756578e+08  4.362589 1396.975156 
308  -2.230213e+08  -3.526406e+08  -5.756620e+08  4.429203 1401.404359 
309  -2.230477e+08  -3.526174e+08  -5.756651e+08  4.455462 1405.859821 
310  -2.230476e+08  -3.525976e+08  -5.756453e+08  4.476830 1410.336651 
311  -2.230328e+08  -3.525826e+08  -5.756154e+08  4.556308 1414.892959 
312  -2.230449e+08  -3.525750e+08  -5.756200e+08  4.429662 1419.322621 
313  -2.230229e+08  -3.525539e+08  -5.755769e+08  4.494815 1423.817436 
314  -2.230436e+08  -3.525365e+08  -5.755801e+08  4.302053 1428.119489 
315  -2.230270e+08  -3.525363e+08  -5.755633e+08  4.442858 1432.562347 
316  -2.230341e+08  -3.525186e+08  -5.755527e+08  4.417426 1436.979773 
317  -2.230157e+08  -3.525107e+08  -5.755263e+08  4.380333 1441.360106 
318  -2.230287e+08  -3.525009e+08  -5.755297e+08  4.308393 1445.668499 
319  -2.230436e+08  -3.524858e+08  -5.755294e+08  4.377397 1450.045896 
320  -2.230187e+08  -3.524747e+08  -5.754934e+08  4.584237 1454.630133 
321  -2.230100e+08  -3.524672e+08  -5.754771e+08  4.379539 1459.009672 
322  -2.230207e+08  -3.524616e+08  -5.754823e+08  4.386944 1463.396616 
323  -2.230273e+08  -3.524493e+08  -5.754767e+08  4.469891 1467.866507 
324  -2.230254e+08  -3.524199e+08  -5.754453e+08  4.503291 1472.369798 
325  -2.230201e+08  -3.524202e+08  -5.754403e+08  4.482960 1476.852758 
326  -2.230296e+08  -3.524127e+08  -5.754423e+08  4.504964 1481.357722 
327  -2.230402e+08  -3.524094e+08  -5.754496e+08  4.547393 1485.905115 
328  -2.230124e+08  -3.523845e+08  -5.753969e+08  4.416720 1490.321835 
329  -2.229974e+08  -3.523778e+08  -5.753752e+08  4.498979 1494.820814 
330  -2.229721e+08  -3.523819e+08  -5.753539e+08  4.467873 1499.288687 
331  -2.229857e+08  -3.523759e+08  -5.753616e+08  4.504054 1503.792741 
332  -2.230015e+08  -3.523597e+08  -5.753612e+08  4.476906 1508.269647 
333  -2.229983e+08  -3.523429e+08  -5.753412e+08  4.401881 1512.671528 
334  -2.229826e+08  -3.523419e+08  -5.753245e+08  4.450009 1517.121537 
335  -2.230099e+08  -3.523210e+08  -5.753308e+08  4.390392 1521.511929 
336  -2.230056e+08  -3.523188e+08  -5.753244e+08  4.388680 1525.900609 
337  -2.230055e+08  -3.523052e+08  -5.753107e+08  4.401748 1530.302357 
338  -2.229829e+08  -3.523164e+08  -5.752993e+08  4.418420 1534.720777 
339  -2.230202e+08  -3.522784e+08  -5.752986e+08  4.535233 1539.256010 
340  -2.229571e+08  -3.522839e+08  -5.752410e+08  4.601948 1543.857958 
341  -2.229539e+08  -3.522839e+08  -5.752378e+08  4.490203 1548.348161 
342  -2.229584e+08  -3.522683e+08  -5.752267e+08  4.406999 1552.755160 
343  -2.229639e+08  -3.522488e+08  -5.752128e+08  4.392450 1557.147610 
344  -2.229640e+08  -3.522481e+08  -5.752121e+08  4.471648 1561.619258 
345  -2.229522e+08  -3.522596e+08  -5.752118e+08  4.459945 1566.079203 
346  -2.229665e+08  -3.522256e+08  -5.751921e+08  4.561975 1570.641178 
347  -2.229255e+08  -3.522101e+08  -5.751355e+08  4.295957 1574.937135 
348  -2.229898e+08  -3.521934e+08  -5.751832e+08  4.367251 1579.304386 
349  -2.229547e+08  -3.521932e+08  -5.751479e+08  4.344464 1583.648850 
350  -2.229008e+08  -3.522020e+08  -5.751028e+08  4.472389 1588.121239 
351  -2.229420e+08  -3.521807e+08  -5.751227e+08  4.370004 1592.491243 
352  -2.229598e+08  -3.521706e+08  -5.751304e+08  4.374301 1596.865544 
353  -2.229516e+08  -3.521716e+08  -5.751232e+08  4.357108 1601.222652 
354  -2.229200e+08  -3.521652e+08  -5.750852e+08  4.444116 1605.666768 
355  -2.229420e+08  -3.521587e+08  -5.751007e+08  4.359500 1610.026268 
356  -2.229587e+08  -3.521387e+08  -5.750974e+08  4.377844 1614.404112 
357  -2.229505e+08  -3.521431e+08  -5.750936e+08  4.340781 1618.744893 
358  -2.229714e+08  -3.521186e+08  -5.750900e+08  4.414211 1623.159104 
359  -2.229541e+08  -3.521061e+08  -5.750602e+08  4.493745 1627.652849 
360  -2.229476e+08  -3.521036e+08  -5.750512e+08  4.489581 1632.142430 
361  -2.229623e+08  -3.521007e+08  -5.750630e+08  4.328351 1636.470781 
362  -2.229943e+08  -3.520945e+08  -5.750888e+08  4.341765 1640.812546 
363  -2.229247e+08  -3.521008e+08  -5.750256e+08  4.470051 1645.282597 
364  -2.229238e+08  -3.520828e+08  -5.750067e+08  4.382463 1649.665060 
365  -2.229826e+08  -3.520534e+08  -5.750360e+08  4.520779 1654.185839 
366  -2.229370e+08  -3.520676e+08  -5.750046e+08  4.444270 1658.630109 
367  -2.229238e+08  -3.520751e+08  -5.749989e+08  4.400628 1663.030737 
368  -2.229361e+08  -3.520609e+08  -5.749971e+08  4.483580 1667.514317 
369  -2.229176e+08  -3.520611e+08  -5.749787e+08  4.362002 1671.876319 
370  -2.229244e+08  -3.520445e+08  -5.749689e+08  4.525779 1676.402098 
371  -2.229047e+08  -3.520366e+08  -5.749414e+08  4.438831 1680.840929 
372  -2.229011e+08  -3.520246e+08  -5.749257e+08  4.329403 1685.170332 
373  -2.229485e+08  -3.519997e+08  -5.749482e+08  4.423785 1689.594117 
374  -2.229246e+08  -3.519857e+08  -5.749103e+08  4.302109 1693.896226 
375  -2.229107e+08  -3.519845e+08  -5.748952e+08  4.549718 1698.445944 
376  -2.228962e+08  -3.519831e+08  -5.748793e+08  4.498106 1702.944050 
377  -2.229042e+08  -3.519872e+08  -5.748914e+08  4.424850 1707.368900 
378  -2.229020e+08  -3.519964e+08  -5.748984e+08  4.551974 1711.920874 
379  -2.228846e+08  -3.519736e+08  -5.748582e+08  4.341123 1716.261997 
380  -2.228681e+08  -3.519703e+08  -5.748384e+08  4.477012 1720.739009 
381  -2.229145e+08  -3.519561e+08  -5.748707e+08  4.384375 1725.123384 
382  -2.228657e+08  -3.519433e+08  -5.748090e+08  4.450359 1729.573743 
383  -2.228665e+08  -3.519508e+08  -5.748173e+08  4.397127 1733.970870 
384  -2.228757e+08  -3.519324e+08  -5.748081e+08  4.448211 1738.419081 
385  -2.228952e+08  -3.519273e+08  -5.748224e+08  4.493484 1742.912565 
386  -2.229079e+08  -3.519165e+08  -5.748244e+08  4.519703 1747.432268 
387  -2.228865e+08  -3.519050e+08  -5.747914e+08  4.355156 1751.787424 
388  -2.228810e+08  -3.518874e+08  -5.747684e+08  4.351479 1756.138903 
389  -2.228796e+08  -3.518898e+08  -5.747694e+08  4.363943 1760.502846 
390  -2.228950e+08  -3.518705e+08  -5.747655e+08  4.530145 1765.032991 
391  -2.228888e+08  -3.518702e+08  -5.747590e+08  4.351118 1769.384109 
392  -2.229059e+08  -3.518696e+08  -5.747755e+08  4.398491 1773.782600 
393  -2.229047e+08  -3.518503e+08  -5.747550e+08  4.466340 1778.248940 
394  -2.228671e+08  -3.518661e+08  -5.747332e+08  4.473854 1782.722794 
395  -2.229104e+08  -3.518445e+08  -5.747549e+08  4.374302 1787.097096 
396  -2.228904e+08  -3.518481e+08  -5.747385e+08  4.543770 1791.640866 
397  -2.228585e+08  -3.518527e+08  -5.747113e+08  4.559743 1796.200609 
398  -2.228478e+08  -3.518265e+08  -5.746743e+08  4.488472 1800.689081 
399  -2.228655e+08  -3.518211e+08  -5.746866e+08  4.517769 1805.206850 
400  -2.228605e+08  -3.518237e+08  -5.746841e+08  4.627841 1809.834691 
401  -2.228591e+08  -3.518405e+08  -5.746996e+08  4.509927 1814.344618 
402  -2.228592e+08  -3.518141e+08  -5.746733e+08  4.381949 1818.726567 
403  -2.228855e+08  -3.518137e+08  -5.746992e+08  4.394441 1823.121008 
404  -2.228739e+08  -3.517984e+08  -5.746723e+08  4.429111 1827.550119 
405  -2.228652e+08  -3.517900e+08  -5.746552e+08  4.491983 1832.042102 
406  -2.228612e+08  -3.517926e+08  -5.746538e+08  4.433081 1836.475183 
407  -2.228408e+08  -3.517953e+08  -5.746361e+08  4.354795 1840.829978 
408  -2.228327e+08  -3.517804e+08  -5.746130e+08  4.387834 1845.217812 
409  -2.228213e+08  -3.517758e+08  -5.745971e+08  4.396627 1849.614439 
410  -2.228340e+08  -3.517639e+08  -5.745979e+08  4.603619 1854.218058 
411  -2.228610e+08  -3.517645e+08  -5.746255e+08  4.367094 1858.585152 
412  -2.228258e+08  -3.517521e+08  -5.745779e+08  4.370480 1862.955632 
413  -2.228261e+08  -3.517595e+08  -5.745857e+08  4.415001 1867.370633 
414  -2.228256e+08  -3.517668e+08  -5.745924e+08  4.508482 1871.879115 
415  -2.228103e+08  -3.517612e+08  -5.745716e+08  4.545988 1876.425103 
416  -2.228358e+08  -3.517438e+08  -5.745796e+08  4.558477 1880.983580 
417  -2.228112e+08  -3.517401e+08  -5.745513e+08  4.551174 1885.534754 
418  -2.228526e+08  -3.517177e+08  -5.745703e+08  4.407493 1889.942247 
419  -2.228463e+08  -3.517075e+08  -5.745537e+08  4.481763 1894.424010 
420  -2.228394e+08  -3.517109e+08  -5.745503e+08  4.440659 1898.864669 
421  -2.228496e+08  -3.516809e+08  -5.745305e+08  4.482910 1903.347579 
422  -2.228567e+08  -3.516797e+08  -5.745364e+08  4.441532 1907.789111 
423  -2.228425e+08  -3.516702e+08  -5.745126e+08  4.461418 1912.250529 
424  -2.228230e+08  -3.516621e+08  -5.744851e+08  4.494518 1916.745047 
425  -2.228177e+08  -3.516640e+08  -5.744817e+08  4.376272 1921.121319 
426  -2.228470e+08  -3.516391e+08  -5.744861e+08  4.451452 1925.572771 
427  -2.228351e+08  -3.516446e+08  -5.744798e+08  4.388135 1929.960906 
428  -2.228222e+08  -3.516321e+08  -5.744543e+08  4.408987 1934.369893 
429  -2.228595e+08  -3.516236e+08  -5.744831e+08  4.308082 1938.677975 
430  -2.228685e+08  -3.516209e+08  -5.744895e+08  4.468279 1943.146254 
431  -2.228651e+08  -3.515866e+08  -5.744518e+08  4.507810 1947.654064 
432  -2.228449e+08  -3.515963e+08  -5.744412e+08  4.504135 1952.158199 
433  -2.228811e+08  -3.515900e+08  -5.744712e+08  4.319127 1956.477326 
434  -2.228408e+08  -3.515758e+08  -5.744166e+08  4.489316 1960.966642 
435  -2.228719e+08  -3.515655e+08  -5.744374e+08  4.541030 1965.507672 
436  -2.228316e+08  -3.515889e+08  -5.744205e+08  4.421318 1969.928990 
437  -2.228402e+08  -3.515934e+08  -5.744336e+08  4.452621 1974.381611 
438  -2.228413e+08  -3.515759e+08  -5.744172e+08  4.545360 1978.926971 
439  -2.228259e+08  -3.515739e+08  -5.743998e+08  4.436589 1983.363560 
440  -2.228589e+08  -3.515574e+08  -5.744163e+08  4.564761 1987.928321 
441  -2.228188e+08  -3.515578e+08  -5.743766e+08  4.346965 1992.275286 
442  -2.227914e+08  -3.515504e+08  -5.743417e+08  4.360721 1996.636007 
443  -2.228007e+08  -3.515478e+08  -5.743485e+08  4.364679 2001.000686 
444  -2.228272e+08  -3.515340e+08  -5.743613e+08  4.551616 2005.552302 
445  -2.228112e+08  -3.515309e+08  -5.743420e+08  4.449891 2010.002193 
446  -2.228451e+08  -3.515081e+08  -5.743532e+08  4.453762 2014.455955 
447  -2.228316e+08  -3.515145e+08  -5.743461e+08  4.345319 2018.801274 
448  -2.228059e+08  -3.515241e+08  -5.743301e+08  4.479849 2023.281123 
449  -2.228148e+08  -3.515216e+08  -5.743364e+08  4.332450 2027.613573 
450  -2.228239e+08  -3.515006e+08  -5.743245e+08  4.507058 2032.120631 
451  -2.228442e+08  -3.514845e+08  -5.743287e+08  4.301032 2036.421663 
452  -2.228658e+08  -3.514682e+08  -5.743340e+08  4.491962 2040.913625 
453  -2.228697e+08  -3.514715e+08  -5.743412e+08  4.367954 2045.281579 
454  -2.228582e+08  -3.514552e+08  -5.743134e+08  4.420607 2049.702186 
455  -2.228619e+08  -3.514561e+08  -5.743179e+08  4.398699 2054.100885 
456  -2.228422e+08  -3.514560e+08  -5.742982e+08  4.378494 2058.479379 
457  -2.228699e+08  -3.514382e+08  -5.743081e+08  4.418110 2062.897489 
458  -2.228545e+08  -3.514374e+08  -5.742919e+08  4.357109 2067.254598 
459  -2.228359e+08  -3.514468e+08  -5.742827e+08  4.563453 2071.818051 
460  -2.228340e+08  -3.514443e+08  -5.742782e+08  4.562984 2076.381035 
461  -2.228482e+08  -3.514436e+08  -5.742918e+08  4.464557 2080.845592 
462  -2.228436e+08  -3.514256e+08  -5.742692e+08  4.378812 2085.224404 
463  -2.227937e+08  -3.514168e+08  -5.742105e+08  4.454710 2089.679114 
464  -2.228259e+08  -3.514357e+08  -5.742616e+08  4.540478 2094.219592 
465  -2.228524e+08  -3.514010e+08  -5.742533e+08  4.379576 2098.599168 
466  -2.228580e+08  -3.513976e+08  -5.742556e+08  4.383275 2102.982443 
467  -2.228118e+08  -3.514069e+08  -5.742187e+08  4.455297 2107.437740 
468  -2.228372e+08  -3.513732e+08  -5.742104e+08  4.425437 2111.863177 
469  -2.228190e+08  -3.513807e+08  -5.741997e+08  4.443447 2116.306624 
470  -2.228359e+08  -3.513772e+08  -5.742132e+08  4.609928 2120.916552 
471  -2.228170e+08  -3.513856e+08  -5.742026e+08  4.384856 2125.301408 
472  -2.228657e+08  -3.513784e+08  -5.742442e+08  4.331381 2129.632789 
473  -2.228331e+08  -3.513714e+08  -5.742045e+08  4.343776 2133.976565 
474  -2.228491e+08  -3.513755e+08  -5.742247e+08  4.354225 2138.330790 
475  -2.228344e+08  -3.513651e+08  -5.741996e+08  4.455398 2142.786188 
476  -2.228136e+08  -3.513605e+08  -5.741741e+08  4.443909 2147.230097 
