1.000000000000000000e+00 -1.122251000000000000e+10 2.507368999999999869e+04
1.000000000000000000e+01 -7.491311000000000000e+09 8.641088999999999487e+02
2.000000000000000000e+01 -6.395316000000000000e+09 3.213231999999999857e+02
3.000000000000000000e+01 -5.996213000000000000e+09 2.241276000000000010e+02
4.000000000000000000e+01 -5.796949000000000000e+09 1.872338000000000022e+02
5.000000000000000000e+01 -5.682034000000000000e+09 1.687866999999999962e+02
6.000000000000000000e+01 -5.609553000000000000e+09 1.580978000000000065e+02
7.000000000000000000e+01 -5.562051000000000000e+09 1.514625000000000057e+02
8.000000000000000000e+01 -5.529145000000000000e+09 1.470301000000000045e+02
9.000000000000000000e+01 -5.505633000000000000e+09 1.439427000000000021e+02
1.000000000000000000e+02 -5.489075000000000000e+09 1.418072999999999979e+02
1.100000000000000000e+02 -5.476580000000000000e+09 1.402170000000000130e+02
1.200000000000000000e+02 -5.467415000000000000e+09 1.390619000000000085e+02
1.300000000000000000e+02 -5.459902000000000000e+09 1.381220999999999890e+02
1.400000000000000000e+02 -5.454230000000000000e+09 1.374166999999999916e+02
1.500000000000000000e+02 -5.449556000000000000e+09 1.368383000000000038e+02
1.600000000000000000e+02 -5.446074000000000000e+09 1.364088999999999885e+02
1.700000000000000000e+02 -5.443319000000000000e+09 1.360700999999999965e+02
1.800000000000000000e+02 -5.440961000000000000e+09 1.357807999999999993e+02
1.900000000000000000e+02 -5.439105000000000000e+09 1.355534000000000106e+02
2.000000000000000000e+02 -5.437499000000000000e+09 1.353572000000000060e+02
1.000000000000000000e+00 -1.321200000000000000e+11 4.406387000000000262e+04
1.000000000000000000e+01 -9.607324000000000000e+10 2.376762999999999920e+03
2.000000000000000000e+01 -7.518117000000000000e+10 4.383738000000000170e+02
3.000000000000000000e+01 -6.841835000000000000e+10 2.536303000000000054e+02
4.000000000000000000e+01 -6.514224000000000000e+10 1.945715999999999894e+02
5.000000000000000000e+01 -6.326509000000000000e+10 1.671540999999999997e+02
6.000000000000000000e+01 -6.206301000000000000e+10 1.516617999999999995e+02
7.000000000000000000e+01 -6.123939000000000000e+10 1.418843999999999994e+02
8.000000000000000000e+01 -6.064903000000000000e+10 1.352661999999999978e+02
9.000000000000000000e+01 -6.020784000000000000e+10 1.305227999999999895e+02
1.000000000000000000e+02 -5.986794000000000000e+10 1.269819999999999993e+02
1.100000000000000000e+02 -5.959975000000000000e+10 1.242562000000000069e+02
1.200000000000000000e+02 -5.938476000000000000e+10 1.221133999999999986e+02
1.300000000000000000e+02 -5.920642000000000000e+10 1.203640000000000043e+02
1.400000000000000000e+02 -5.906110000000000000e+10 1.189569999999999936e+02
1.500000000000000000e+02 -5.894111000000000000e+10 1.178075999999999937e+02
1.600000000000000000e+02 -5.884161000000000000e+10 1.168629999999999995e+02
1.700000000000000000e+02 -5.875817000000000000e+10 1.160767000000000024e+02
1.800000000000000000e+02 -5.868585000000000000e+10 1.153995000000000033e+02
1.900000000000000000e+02 -5.862565000000000000e+10 1.148387000000000029e+02
2.000000000000000000e+02 -5.857198000000000000e+10 1.143410999999999973e+02
1.000000000000000000e+00 -1.168105000000000000e+10 3.793116000000000349e+04
1.000000000000000000e+01 -8.790614000000000000e+09 2.791840999999999894e+03
2.000000000000000000e+01 -7.172955000000000000e+09 6.482971000000000004e+02
3.000000000000000000e+01 -6.594025000000000000e+09 3.844461999999999762e+02
4.000000000000000000e+01 -6.285515000000000000e+09 2.910051000000000272e+02
5.000000000000000000e+01 -6.099797000000000000e+09 2.460931999999999960e+02
6.000000000000000000e+01 -5.978184000000000000e+09 2.205098000000000127e+02
7.000000000000000000e+01 -5.894294000000000000e+09 2.044293000000000120e+02
8.000000000000000000e+01 -5.834140000000000000e+09 1.936256999999999948e+02
9.000000000000000000e+01 -5.788957000000000000e+09 1.858881000000000085e+02
1.000000000000000000e+02 -5.755346000000000000e+09 1.803333000000000084e+02
1.100000000000000000e+02 -5.728674000000000000e+09 1.760439000000000078e+02
1.200000000000000000e+02 -5.707363000000000000e+09 1.726898999999999944e+02
1.300000000000000000e+02 -5.690555000000000000e+09 1.700896999999999935e+02
1.400000000000000000e+02 -5.676653000000000000e+09 1.679688999999999908e+02
1.500000000000000000e+02 -5.665318000000000000e+09 1.662590999999999894e+02
1.600000000000000000e+02 -5.655839000000000000e+09 1.648426000000000045e+02
1.700000000000000000e+02 -5.647531000000000000e+09 1.636111999999999966e+02
1.800000000000000000e+02 -5.640716000000000000e+09 1.626077999999999975e+02
1.900000000000000000e+02 -5.634586000000000000e+09 1.617105999999999995e+02
2.000000000000000000e+02 -5.629624000000000000e+09 1.609879999999999995e+02
1.000000000000000000e+00 -1.297545000000000000e+11 3.634866999999999825e+04
1.000000000000000000e+01 -8.275615000000000000e+10 8.091467999999999847e+02
2.000000000000000000e+01 -6.856272000000000000e+10 2.566102999999999952e+02
3.000000000000000000e+01 -6.404508000000000000e+10 1.780432999999999879e+02
4.000000000000000000e+01 -6.188087000000000000e+10 1.494430999999999869e+02
5.000000000000000000e+01 -6.064437000000000000e+10 1.352152000000000100e+02
6.000000000000000000e+01 -5.986165000000000000e+10 1.269174000000000007e+02
7.000000000000000000e+01 -5.933058000000000000e+10 1.215793000000000035e+02
8.000000000000000000e+01 -5.895182000000000000e+10 1.179098000000000042e+02
9.000000000000000000e+01 -5.867371000000000000e+10 1.152861000000000047e+02
1.000000000000000000e+02 -5.846253000000000000e+10 1.133329999999999984e+02
1.100000000000000000e+02 -5.829704000000000000e+10 1.118255999999999943e+02
1.200000000000000000e+02 -5.816477000000000000e+10 1.106351999999999975e+02
1.300000000000000000e+02 -5.805638000000000000e+10 1.096692000000000036e+02
1.400000000000000000e+02 -5.796430000000000000e+10 1.088550999999999931e+02
1.500000000000000000e+02 -5.788888000000000000e+10 1.081928000000000054e+02
1.600000000000000000e+02 -5.782425000000000000e+10 1.076285000000000025e+02
1.700000000000000000e+02 -5.777231000000000000e+10 1.071770999999999958e+02
1.800000000000000000e+02 -5.772644000000000000e+10 1.067801000000000045e+02
1.900000000000000000e+02 -5.768692000000000000e+10 1.064393000000000029e+02
2.000000000000000000e+02 -5.765513000000000000e+10 1.061658000000000044e+02
1.000000000000000000e+00 -1.168890000000000000e+10 3.820087000000000262e+04
1.000000000000000000e+01 -8.838422000000000000e+09 2.914952000000000226e+03
2.000000000000000000e+01 -7.190014000000000000e+09 6.583565999999999576e+02
3.000000000000000000e+01 -6.605610000000000000e+09 3.884870999999999981e+02
4.000000000000000000e+01 -6.293780000000000000e+09 2.931840000000000259e+02
5.000000000000000000e+01 -6.106253000000000000e+09 2.475313999999999908e+02
6.000000000000000000e+01 -5.983572000000000000e+09 2.215848000000000013e+02
7.000000000000000000e+01 -5.899844000000000000e+09 2.054559999999999889e+02
8.000000000000000000e+01 -5.839784000000000000e+09 1.946146999999999991e+02
9.000000000000000000e+01 -5.795065000000000000e+09 1.869156999999999869e+02
1.000000000000000000e+02 -5.761104000000000000e+09 1.812729999999999961e+02
1.100000000000000000e+02 -5.734505000000000000e+09 1.769727000000000032e+02
1.200000000000000000e+02 -5.713375000000000000e+09 1.736295000000000073e+02
1.300000000000000000e+02 -5.696377000000000000e+09 1.709858999999999867e+02
1.400000000000000000e+02 -5.682056000000000000e+09 1.687899999999999920e+02
1.500000000000000000e+02 -5.670630000000000000e+09 1.670581999999999994e+02
1.600000000000000000e+02 -5.661436000000000000e+09 1.656776000000000124e+02
1.700000000000000000e+02 -5.653669000000000000e+09 1.645201000000000136e+02
1.800000000000000000e+02 -5.646723000000000000e+09 1.634918999999999869e+02
1.900000000000000000e+02 -5.640787000000000000e+09 1.626184000000000083e+02
2.000000000000000000e+02 -5.635582000000000000e+09 1.618560999999999979e+02
1.000000000000000000e+00 -1.321601000000000000e+11 4.420805999999999767e+04
1.000000000000000000e+01 -9.659410000000000000e+10 2.479070000000000164e+03
2.000000000000000000e+01 -7.549550000000000000e+10 4.496660999999999717e+02
3.000000000000000000e+01 -6.862367000000000000e+10 2.578790000000000191e+02
4.000000000000000000e+01 -6.527037000000000000e+10 1.965992999999999995e+02
5.000000000000000000e+01 -6.333928000000000000e+10 1.681605000000000132e+02
6.000000000000000000e+01 -6.210624000000000000e+10 1.521931999999999903e+02
7.000000000000000000e+01 -6.126505000000000000e+10 1.421793000000000120e+02
8.000000000000000000e+01 -6.066122000000000000e+10 1.353996999999999957e+02
9.000000000000000000e+01 -6.021281000000000000e+10 1.305752999999999986e+02
1.000000000000000000e+02 -5.987248000000000000e+10 1.270285999999999973e+02
1.100000000000000000e+02 -5.960494000000000000e+10 1.243083000000000027e+02
1.200000000000000000e+02 -5.939227000000000000e+10 1.221876000000000033e+02
1.300000000000000000e+02 -5.921569000000000000e+10 1.204543000000000035e+02
1.400000000000000000e+02 -5.907129000000000000e+10 1.190550999999999959e+02
1.500000000000000000e+02 -5.895028000000000000e+10 1.178950999999999993e+02
1.600000000000000000e+02 -5.884762000000000000e+10 1.169197999999999951e+02
1.700000000000000000e+02 -5.876075000000000000e+10 1.161009999999999991e+02
1.800000000000000000e+02 -5.868603000000000000e+10 1.154012000000000029e+02
1.900000000000000000e+02 -5.862118000000000000e+10 1.147972000000000037e+02
2.000000000000000000e+02 -5.856502000000000000e+10 1.142767000000000053e+02
1.000000000000000000e+00 -1.168885000000000000e+10 3.819909999999999854e+04
1.000000000000000000e+01 -8.834551000000000000e+09 2.904784999999999854e+03
2.000000000000000000e+01 -7.183817000000000000e+09 6.546843999999999824e+02
3.000000000000000000e+01 -6.597452000000000000e+09 3.856369000000000256e+02
4.000000000000000000e+01 -6.288545000000000000e+09 2.918020999999999958e+02
5.000000000000000000e+01 -6.103091000000000000e+09 2.468260999999999967e+02
6.000000000000000000e+01 -5.982028000000000000e+09 2.212761000000000138e+02
7.000000000000000000e+01 -5.897959000000000000e+09 2.051067999999999927e+02
8.000000000000000000e+01 -5.837857000000000000e+09 1.942764999999999986e+02
9.000000000000000000e+01 -5.792919000000000000e+09 1.865541000000000054e+02
1.000000000000000000e+02 -5.758400000000000000e+09 1.808311999999999955e+02
1.100000000000000000e+02 -5.731154000000000000e+09 1.764382999999999981e+02
1.200000000000000000e+02 -5.708963000000000000e+09 1.729395000000000095e+02
1.300000000000000000e+02 -5.691399000000000000e+09 1.702194000000000074e+02
1.400000000000000000e+02 -5.677089000000000000e+09 1.680348999999999933e+02
1.500000000000000000e+02 -5.665023000000000000e+09 1.662149000000000001e+02
1.600000000000000000e+02 -5.654936000000000000e+09 1.647084000000000117e+02
1.700000000000000000e+02 -5.646402000000000000e+09 1.634445000000000050e+02
1.800000000000000000e+02 -5.639010000000000000e+09 1.623575999999999908e+02
1.900000000000000000e+02 -5.633032000000000000e+09 1.614840000000000089e+02
2.000000000000000000e+02 -5.627666000000000000e+09 1.607036999999999978e+02
1.000000000000000000e+00 -1.297485000000000000e+11 3.633101000000000204e+04
1.000000000000000000e+01 -8.270453000000000000e+10 8.057738000000000511e+02
2.000000000000000000e+01 -6.852389000000000000e+10 2.558053999999999917e+02
3.000000000000000000e+01 -6.398353000000000000e+10 1.771588000000000136e+02
4.000000000000000000e+01 -6.183151000000000000e+10 1.488473999999999933e+02
5.000000000000000000e+01 -6.060772000000000000e+10 1.348147999999999911e+02
6.000000000000000000e+01 -5.982563000000000000e+10 1.265480000000000018e+02
7.000000000000000000e+01 -5.929026000000000000e+10 1.211833000000000027e+02
8.000000000000000000e+01 -5.890682000000000000e+10 1.174813000000000045e+02
9.000000000000000000e+01 -5.862633000000000000e+10 1.148449999999999989e+02
1.000000000000000000e+02 -5.841062000000000000e+10 1.128580000000000041e+02
1.100000000000000000e+02 -5.824217000000000000e+10 1.113302000000000049e+02
1.200000000000000000e+02 -5.810915000000000000e+10 1.101384000000000043e+02
1.300000000000000000e+02 -5.800107000000000000e+10 1.091794000000000011e+02
1.400000000000000000e+02 -5.791245000000000000e+10 1.083994000000000000e+02
1.500000000000000000e+02 -5.783960000000000000e+10 1.077622999999999962e+02
1.600000000000000000e+02 -5.777847000000000000e+10 1.072305999999999955e+02
1.700000000000000000e+02 -5.772424000000000000e+10 1.067610999999999990e+02
1.800000000000000000e+02 -5.767753000000000000e+10 1.063584000000000032e+02
1.900000000000000000e+02 -5.763715000000000000e+10 1.060114999999999981e+02
2.000000000000000000e+02 -5.760560000000000000e+10 1.057412000000000063e+02
1.000000000000000000e+00 -1.321614000000000000e+11 4.421288999999999942e+04
1.000000000000000000e+01 -9.677151000000000000e+10 2.514913000000000011e+03
2.000000000000000000e+01 -7.543010000000000000e+10 4.472928999999999746e+02
3.000000000000000000e+01 -6.858152000000000000e+10 2.570011000000000081e+02
4.000000000000000000e+01 -6.523771000000000000e+10 1.960803999999999974e+02
5.000000000000000000e+01 -6.331699000000000000e+10 1.678574999999999875e+02
6.000000000000000000e+01 -6.209606000000000000e+10 1.520679000000000087e+02
7.000000000000000000e+01 -6.126551000000000000e+10 1.421845000000000141e+02
8.000000000000000000e+01 -6.066958000000000000e+10 1.354912999999999954e+02
9.000000000000000000e+01 -6.022478000000000000e+10 1.307017999999999915e+02
1.000000000000000000e+02 -5.988144000000000000e+10 1.271208000000000027e+02
1.100000000000000000e+02 -5.961092000000000000e+10 1.243684999999999974e+02
1.200000000000000000e+02 -5.939219000000000000e+10 1.221868000000000052e+02
1.300000000000000000e+02 -5.921631000000000000e+10 1.204603000000000037e+02
1.400000000000000000e+02 -5.907066000000000000e+10 1.190490000000000066e+02
1.500000000000000000e+02 -5.894541000000000000e+10 1.178486999999999938e+02
1.600000000000000000e+02 -5.884046000000000000e+10 1.168521999999999963e+02
1.700000000000000000e+02 -5.875240000000000000e+10 1.160224999999999937e+02
1.800000000000000000e+02 -5.867686000000000000e+10 1.153156000000000034e+02
1.900000000000000000e+02 -5.861191000000000000e+10 1.147111000000000018e+02
2.000000000000000000e+02 -5.855636000000000000e+10 1.141967000000000070e+02
1.000000000000000000e+00 -1.122280000000000000e+10 2.508018999999999869e+04
1.000000000000000000e+01 -7.503416000000000000e+09 8.736022000000000389e+02
2.000000000000000000e+01 -6.404973000000000000e+09 3.241363000000000056e+02
3.000000000000000000e+01 -6.003054000000000000e+09 2.255156000000000063e+02
4.000000000000000000e+01 -5.803568000000000000e+09 1.883557000000000130e+02
5.000000000000000000e+01 -5.689356000000000000e+09 1.699057999999999993e+02
6.000000000000000000e+01 -5.617789000000000000e+09 1.592774000000000001e+02
7.000000000000000000e+01 -5.569887000000000000e+09 1.525375999999999976e+02
8.000000000000000000e+01 -5.536315000000000000e+09 1.479846000000000004e+02
9.000000000000000000e+01 -5.512160000000000000e+09 1.447932000000000130e+02
1.000000000000000000e+02 -5.493872000000000000e+09 1.424226999999999919e+02
1.100000000000000000e+02 -5.481164000000000000e+09 1.407984999999999900e+02
1.200000000000000000e+02 -5.470754000000000000e+09 1.394816999999999894e+02
1.300000000000000000e+02 -5.462070000000000000e+09 1.383925999999999874e+02
1.400000000000000000e+02 -5.456264000000000000e+09 1.376692999999999927e+02
1.500000000000000000e+02 -5.450953000000000000e+09 1.370108999999999924e+02
1.600000000000000000e+02 -5.447474000000000000e+09 1.365814000000000021e+02
1.700000000000000000e+02 -5.444237000000000000e+09 1.361828999999999894e+02
1.800000000000000000e+02 -5.441841000000000000e+09 1.358887000000000000e+02
1.900000000000000000e+02 -5.439922000000000000e+09 1.356535000000000082e+02
2.000000000000000000e+02 -5.438591000000000000e+09 1.354906000000000006e+02
1.000000000000000000e+00 -1.297648000000000000e+11 3.637880000000000291e+04
1.000000000000000000e+01 -8.279302000000000000e+10 8.115641000000000531e+02
2.000000000000000000e+01 -6.854400000000000000e+10 2.562219999999999800e+02
3.000000000000000000e+01 -6.398684000000000000e+10 1.772061999999999955e+02
4.000000000000000000e+01 -6.184455000000000000e+10 1.490046000000000106e+02
5.000000000000000000e+01 -6.063478000000000000e+10 1.351102999999999952e+02
6.000000000000000000e+01 -5.986713000000000000e+10 1.269736999999999938e+02
7.000000000000000000e+01 -5.934275000000000000e+10 1.216989999999999981e+02
8.000000000000000000e+01 -5.896510000000000000e+10 1.180366000000000071e+02
9.000000000000000000e+01 -5.868030000000000000e+10 1.153477000000000032e+02
1.000000000000000000e+02 -5.846293000000000000e+10 1.133366999999999933e+02
1.100000000000000000e+02 -5.829157000000000000e+10 1.117760999999999996e+02
1.200000000000000000e+02 -5.815579000000000000e+10 1.105548000000000002e+02
1.300000000000000000e+02 -5.804646000000000000e+10 1.095811999999999955e+02
1.400000000000000000e+02 -5.795631000000000000e+10 1.087847000000000008e+02
1.500000000000000000e+02 -5.788217000000000000e+10 1.081341000000000037e+02
1.600000000000000000e+02 -5.782072000000000000e+10 1.075978000000000065e+02
1.700000000000000000e+02 -5.776888000000000000e+10 1.071474000000000046e+02
1.800000000000000000e+02 -5.772482000000000000e+10 1.067660999999999945e+02
1.900000000000000000e+02 -5.768686000000000000e+10 1.064386999999999972e+02
2.000000000000000000e+02 -5.765527000000000000e+10 1.061670000000000016e+02
1.000000000000000000e+00 -1.168875000000000000e+10 3.819565000000000146e+04
1.000000000000000000e+01 -8.843428000000000000e+09 2.928152000000000044e+03
2.000000000000000000e+01 -7.191096000000000000e+09 6.589996999999999616e+02
3.000000000000000000e+01 -6.601098000000000000e+09 3.869082000000000221e+02
4.000000000000000000e+01 -6.288828000000000000e+09 2.918765000000000214e+02
5.000000000000000000e+01 -6.101627000000000000e+09 2.465001000000000033e+02
6.000000000000000000e+01 -5.980387000000000000e+09 2.209485999999999990e+02
7.000000000000000000e+01 -5.896620000000000000e+09 2.048589000000000055e+02
8.000000000000000000e+01 -5.836588000000000000e+09 1.940540000000000020e+02
9.000000000000000000e+01 -5.791661000000000000e+09 1.863422999999999945e+02
1.000000000000000000e+02 -5.757687000000000000e+09 1.807149000000000001e+02
1.100000000000000000e+02 -5.731123000000000000e+09 1.764334000000000060e+02
1.200000000000000000e+02 -5.709923000000000000e+09 1.730894000000000119e+02
1.300000000000000000e+02 -5.693224000000000000e+09 1.705001000000000033e+02
1.400000000000000000e+02 -5.679252000000000000e+09 1.683633000000000095e+02
1.500000000000000000e+02 -5.667309000000000000e+09 1.665580999999999960e+02
1.600000000000000000e+02 -5.657450000000000000e+09 1.650825000000000102e+02
1.700000000000000000e+02 -5.649510000000000000e+09 1.639037999999999897e+02
1.800000000000000000e+02 -5.642340000000000000e+09 1.628464999999999918e+02
1.900000000000000000e+02 -5.636151000000000000e+09 1.619393000000000029e+02
2.000000000000000000e+02 -5.630684000000000000e+09 1.611420999999999992e+02
1.000000000000000000e+00 -1.321607000000000000e+11 4.420969000000000233e+04
1.000000000000000000e+01 -9.663647000000000000e+10 2.487583999999999833e+03
2.000000000000000000e+01 -7.539272000000000000e+10 4.459420000000000073e+02
3.000000000000000000e+01 -6.853121000000000000e+10 2.559568999999999903e+02
4.000000000000000000e+01 -6.520744000000000000e+10 1.956007999999999925e+02
5.000000000000000000e+01 -6.329744000000000000e+10 1.675921999999999912e+02
6.000000000000000000e+01 -6.208087000000000000e+10 1.518812000000000069e+02
7.000000000000000000e+01 -6.124811000000000000e+10 1.419844999999999970e+02
8.000000000000000000e+01 -6.065177000000000000e+10 1.352963000000000022e+02
9.000000000000000000e+01 -6.020801000000000000e+10 1.305245999999999924e+02
1.000000000000000000e+02 -5.986339000000000000e+10 1.269351999999999947e+02
1.100000000000000000e+02 -5.959268000000000000e+10 1.241851000000000056e+02
1.200000000000000000e+02 -5.937670000000000000e+10 1.220337999999999994e+02
1.300000000000000000e+02 -5.920153000000000000e+10 1.203164000000000016e+02
1.400000000000000000e+02 -5.905720000000000000e+10 1.189194999999999993e+02
1.500000000000000000e+02 -5.893644000000000000e+10 1.177631999999999977e+02
1.600000000000000000e+02 -5.883493000000000000e+10 1.167998999999999938e+02
1.700000000000000000e+02 -5.874771000000000000e+10 1.159786000000000001e+02
1.800000000000000000e+02 -5.867251000000000000e+10 1.152750000000000057e+02
1.900000000000000000e+02 -5.861051000000000000e+10 1.146980999999999966e+02
2.000000000000000000e+02 -5.855589000000000000e+10 1.141924000000000063e+02
1.000000000000000000e+00 -1.122350000000000000e+10 2.509615000000000146e+04
1.000000000000000000e+01 -7.492492000000000000e+09 8.650307999999999993e+02
2.000000000000000000e+01 -6.397708000000000000e+09 3.220176999999999907e+02
3.000000000000000000e+01 -6.002408000000000000e+09 2.253842999999999961e+02
4.000000000000000000e+01 -5.804513000000000000e+09 1.885165000000000077e+02
5.000000000000000000e+01 -5.690518000000000000e+09 1.700842000000000098e+02
6.000000000000000000e+01 -5.618534000000000000e+09 1.593846000000000060e+02
7.000000000000000000e+01 -5.570625000000000000e+09 1.526391999999999882e+02
8.000000000000000000e+01 -5.536359000000000000e+09 1.479904999999999973e+02
9.000000000000000000e+01 -5.511633000000000000e+09 1.447242999999999995e+02
1.000000000000000000e+02 -5.493416000000000000e+09 1.423641000000000076e+02
1.100000000000000000e+02 -5.479644000000000000e+09 1.406054000000000030e+02
1.200000000000000000e+02 -5.468815000000000000e+09 1.392376999999999896e+02
1.300000000000000000e+02 -5.460621000000000000e+09 1.382118000000000109e+02
1.400000000000000000e+02 -5.453853000000000000e+09 1.373700000000000045e+02
1.500000000000000000e+02 -5.448596000000000000e+09 1.367196999999999889e+02
1.600000000000000000e+02 -5.444873000000000000e+09 1.362610999999999990e+02
1.700000000000000000e+02 -5.441392000000000000e+09 1.358335999999999899e+02
1.800000000000000000e+02 -5.438669000000000000e+09 1.355002000000000066e+02
1.900000000000000000e+02 -5.436295000000000000e+09 1.352101000000000113e+02
2.000000000000000000e+02 -5.434673000000000000e+09 1.350124000000000137e+02
1.000000000000000000e+00 -1.168895000000000000e+10 3.820273999999999796e+04
1.000000000000000000e+01 -8.834654000000000000e+09 2.905056000000000040e+03
2.000000000000000000e+01 -7.178857000000000000e+09 6.517595999999999776e+02
3.000000000000000000e+01 -6.597483000000000000e+09 3.856478999999999928e+02
4.000000000000000000e+01 -6.290543000000000000e+09 2.923288000000000011e+02
5.000000000000000000e+01 -6.104825000000000000e+09 2.472127999999999872e+02
6.000000000000000000e+01 -5.982895000000000000e+09 2.214495000000000005e+02
7.000000000000000000e+01 -5.899598000000000000e+09 2.054103000000000065e+02
8.000000000000000000e+01 -5.839825000000000000e+09 1.946219000000000108e+02
9.000000000000000000e+01 -5.795397000000000000e+09 1.869716999999999985e+02
1.000000000000000000e+02 -5.761227000000000000e+09 1.812932000000000130e+02
1.100000000000000000e+02 -5.734566000000000000e+09 1.769825999999999908e+02
1.200000000000000000e+02 -5.713602000000000000e+09 1.736651999999999987e+02
1.300000000000000000e+02 -5.696486000000000000e+09 1.710028000000000077e+02
1.400000000000000000e+02 -5.682594000000000000e+09 1.688720000000000141e+02
1.500000000000000000e+02 -5.670860000000000000e+09 1.670928999999999860e+02
1.600000000000000000e+02 -5.660621000000000000e+09 1.655557000000000016e+02
1.700000000000000000e+02 -5.652900000000000000e+09 1.644060000000000059e+02
1.800000000000000000e+02 -5.645398000000000000e+09 1.632965000000000089e+02
1.900000000000000000e+02 -5.639328000000000000e+09 1.624042000000000030e+02
2.000000000000000000e+02 -5.634034000000000000e+09 1.616300999999999988e+02
1.000000000000000000e+00 -1.321622000000000000e+11 4.421530000000000291e+04
1.000000000000000000e+01 -9.658262000000000000e+10 2.476768999999999778e+03
2.000000000000000000e+01 -7.548862000000000000e+10 4.494157000000000153e+02
3.000000000000000000e+01 -6.864286000000000000e+10 2.582798000000000229e+02
4.000000000000000000e+01 -6.529519000000000000e+10 1.969945999999999913e+02
5.000000000000000000e+01 -6.337212000000000000e+10 1.686079000000000008e+02
6.000000000000000000e+01 -6.215366000000000000e+10 1.527783000000000015e+02
7.000000000000000000e+01 -6.132021000000000000e+10 1.428153000000000077e+02
8.000000000000000000e+01 -6.071775000000000000e+10 1.360203999999999951e+02
9.000000000000000000e+01 -6.026822000000000000e+10 1.311619000000000028e+02
1.000000000000000000e+02 -5.992025000000000000e+10 1.275206000000000017e+02
1.100000000000000000e+02 -5.964375000000000000e+10 1.246992999999999938e+02
1.200000000000000000e+02 -5.942276000000000000e+10 1.224894000000000034e+02
1.300000000000000000e+02 -5.924326000000000000e+10 1.207232000000000056e+02
1.400000000000000000e+02 -5.909607000000000000e+10 1.192941000000000003e+02
1.500000000000000000e+02 -5.897149000000000000e+10 1.180975999999999999e+02
1.600000000000000000e+02 -5.886712000000000000e+10 1.171045000000000016e+02
1.700000000000000000e+02 -5.877806000000000000e+10 1.162635999999999967e+02
1.800000000000000000e+02 -5.869909000000000000e+10 1.155230999999999995e+02
1.900000000000000000e+02 -5.863483000000000000e+10 1.149240999999999957e+02
2.000000000000000000e+02 -5.857866000000000000e+10 1.144030000000000058e+02
1.000000000000000000e+00 -1.168099000000000000e+10 3.792905000000000291e+04
1.000000000000000000e+01 -8.786331000000000000e+09 2.781070000000000164e+03
2.000000000000000000e+01 -7.170045000000000000e+09 6.465965999999999667e+02
3.000000000000000000e+01 -6.589788000000000000e+09 3.829784999999999968e+02
4.000000000000000000e+01 -6.280877000000000000e+09 2.897893000000000256e+02
5.000000000000000000e+01 -6.095932000000000000e+09 2.452361999999999966e+02
6.000000000000000000e+01 -5.976223000000000000e+09 2.201196999999999946e+02
7.000000000000000000e+01 -5.894110000000000000e+09 2.043954999999999984e+02
8.000000000000000000e+01 -5.835556000000000000e+09 1.938734000000000037e+02
9.000000000000000000e+01 -5.792249000000000000e+09 1.864413000000000125e+02
1.000000000000000000e+02 -5.758422000000000000e+09 1.808348000000000013e+02
1.100000000000000000e+02 -5.732312000000000000e+09 1.766228999999999871e+02
1.200000000000000000e+02 -5.711065000000000000e+09 1.732680000000000007e+02
1.300000000000000000e+02 -5.693684000000000000e+09 1.705708999999999946e+02
1.400000000000000000e+02 -5.679491000000000000e+09 1.683995999999999924e+02
1.500000000000000000e+02 -5.667599000000000000e+09 1.666017999999999972e+02
1.600000000000000000e+02 -5.657858000000000000e+09 1.651434000000000140e+02
1.700000000000000000e+02 -5.649079000000000000e+09 1.638400000000000034e+02
1.800000000000000000e+02 -5.642365000000000000e+09 1.628500999999999976e+02
1.900000000000000000e+02 -5.635972000000000000e+09 1.619130999999999858e+02
2.000000000000000000e+02 -5.630402000000000000e+09 1.611011000000000024e+02
1.000000000000000000e+00 -1.321307000000000000e+11 4.410211000000000058e+04
1.000000000000000000e+01 -9.637206000000000000e+10 2.434929999999999836e+03
2.000000000000000000e+01 -7.524562000000000000e+10 4.406659000000000219e+02
3.000000000000000000e+01 -6.844677000000000000e+10 2.542141000000000020e+02
4.000000000000000000e+01 -6.512681000000000000e+10 1.943288000000000011e+02
5.000000000000000000e+01 -6.322453000000000000e+10 1.666065000000000111e+02
6.000000000000000000e+01 -6.201854000000000000e+10 1.511170999999999935e+02
7.000000000000000000e+01 -6.119225000000000000e+10 1.413442000000000007e+02
8.000000000000000000e+01 -6.059609000000000000e+10 1.346880999999999915e+02
9.000000000000000000e+01 -6.015149000000000000e+10 1.299290000000000020e+02
1.000000000000000000e+02 -5.981240000000000000e+10 1.264125999999999976e+02
1.100000000000000000e+02 -5.954421000000000000e+10 1.236991000000000014e+02
1.200000000000000000e+02 -5.932889000000000000e+10 1.215626000000000033e+02
1.300000000000000000e+02 -5.915387000000000000e+10 1.198533000000000044e+02
1.400000000000000000e+02 -5.901100000000000000e+10 1.184757000000000033e+02
1.500000000000000000e+02 -5.889103000000000000e+10 1.173312999999999988e+02
1.600000000000000000e+02 -5.879107000000000000e+10 1.163860999999999990e+02
1.700000000000000000e+02 -5.870421000000000000e+10 1.155709999999999980e+02
1.800000000000000000e+02 -5.863117000000000000e+10 1.148900000000000006e+02
1.900000000000000000e+02 -5.856873000000000000e+10 1.143110000000000070e+02
2.000000000000000000e+02 -5.851519000000000000e+10 1.138169000000000040e+02
1.000000000000000000e+00 -1.297503000000000000e+11 3.633631999999999971e+04
1.000000000000000000e+01 -8.276213000000000000e+10 8.095383000000000493e+02
2.000000000000000000e+01 -6.855836000000000000e+10 2.565197999999999752e+02
3.000000000000000000e+01 -6.403037000000000000e+10 1.778315000000000055e+02
4.000000000000000000e+01 -6.186703000000000000e+10 1.492759000000000071e+02
5.000000000000000000e+01 -6.062767000000000000e+10 1.350327000000000055e+02
6.000000000000000000e+01 -5.983502000000000000e+10 1.266441999999999979e+02
7.000000000000000000e+01 -5.929826000000000000e+10 1.212617999999999938e+02
8.000000000000000000e+01 -5.891584000000000000e+10 1.175670999999999964e+02
9.000000000000000000e+01 -5.863081000000000000e+10 1.148867000000000047e+02
1.000000000000000000e+02 -5.841879000000000000e+10 1.129325999999999937e+02
1.100000000000000000e+02 -5.825464000000000000e+10 1.114425999999999988e+02
1.200000000000000000e+02 -5.812225000000000000e+10 1.102552000000000021e+02
1.300000000000000000e+02 -5.801122000000000000e+10 1.092691999999999979e+02
1.400000000000000000e+02 -5.792449000000000000e+10 1.085049999999999955e+02
1.500000000000000000e+02 -5.785287000000000000e+10 1.078781000000000034e+02
1.600000000000000000e+02 -5.779309000000000000e+10 1.073575000000000017e+02
1.700000000000000000e+02 -5.774208000000000000e+10 1.069153000000000020e+02
1.800000000000000000e+02 -5.769894000000000000e+10 1.065427999999999997e+02
1.900000000000000000e+02 -5.766207000000000000e+10 1.062253999999999934e+02
2.000000000000000000e+02 -5.763256000000000000e+10 1.059720999999999975e+02
