### datafile /share/jproject/fg474/dataset/enwiki-1M/petuum-10//enwiki-1M.id.txt.ylda
### topic 10000 beta(0.010000) alpha(0.010000) eval(0) workers(10) threads per worker(30)
### iteration, docll, moll,  docll+moll, time per iter, total elapsed time
0  -8.772398e+09  -1.122346e+10  -1.999586e+10  59.420000 59.420000 
1  -7.974769e+09  -1.071304e+10  -1.868780e+10  53.716406 113.136406 
2  -7.516729e+09  -1.030427e+10  -1.782100e+10  49.564722 162.701128 
3  -7.095145e+09  -9.871313e+09  -1.696646e+10  45.582930 208.284058 
4  -6.614343e+09  -9.367082e+09  -1.598142e+10  43.363986 251.648044 
5  -6.115484e+09  -8.837030e+09  -1.495251e+10  41.284428 292.932472 
6  -5.705714e+09  -8.372904e+09  -1.407862e+10  36.338637 329.271109 
7  -5.441615e+09  -8.010791e+09  -1.345241e+10  36.196636 365.467745 
8  -5.289813e+09  -7.729704e+09  -1.301952e+10  30.906028 396.373773 
9  -5.203295e+09  -7.503680e+09  -1.270698e+10  29.180044 425.553817 
10  -5.152396e+09  -7.316556e+09  -1.246895e+10  28.350175 453.903992 
11  -5.121448e+09  -7.158455e+09  -1.227990e+10  26.523921 480.427913 
12  -5.101806e+09  -7.023040e+09  -1.212485e+10  25.854977 506.282890 
13  -5.089538e+09  -6.905512e+09  -1.199505e+10  25.799003 532.081893 
14  -5.081123e+09  -6.802343e+09  -1.188347e+10  25.097206 557.179099 
15  -5.076224e+09  -6.710978e+09  -1.178720e+10  25.342539 582.521638 
16  -5.072656e+09  -6.629782e+09  -1.170244e+10  24.878819 607.400457 
17  -5.070574e+09  -6.556922e+09  -1.162750e+10  24.944651 632.345108 
18  -5.069459e+09  -6.491158e+09  -1.156062e+10  24.957010 657.302118 
19  -5.068994e+09  -6.431382e+09  -1.150038e+10  24.916604 682.218722 
20  -5.069150e+09  -6.377058e+09  -1.144621e+10  25.331221 707.549943 
21  -5.069340e+09  -6.327395e+09  -1.139674e+10  24.344193 731.894136 
22  -5.069951e+09  -6.281846e+09  -1.135180e+10  24.589328 756.483464 
23  -5.070877e+09  -6.239984e+09  -1.131086e+10  24.367288 780.850752 
24  -5.071609e+09  -6.201203e+09  -1.127281e+10  24.029680 804.880432 
25  -5.071931e+09  -6.165379e+09  -1.123731e+10  24.246141 829.126573 
26  -5.072719e+09  -6.132306e+09  -1.120503e+10  23.979755 853.106328 
27  -5.073567e+09  -6.101463e+09  -1.117503e+10  24.283207 877.389535 
28  -5.073987e+09  -6.072713e+09  -1.114670e+10  24.098456 901.487991 
29  -5.074723e+09  -6.046039e+09  -1.112076e+10  24.069464 925.557455 
30  -5.075244e+09  -6.020964e+09  -1.109621e+10  24.589873 950.147328 
31  -5.075383e+09  -5.997509e+09  -1.107289e+10  23.900725 974.048053 
32  -5.075597e+09  -5.975681e+09  -1.105128e+10  24.181776 998.229829 
33  -5.075807e+09  -5.955057e+09  -1.103086e+10  24.352125 1022.581954 
34  -5.076039e+09  -5.935760e+09  -1.101180e+10  24.396781 1046.978735 
35  -5.075852e+09  -5.917498e+09  -1.099335e+10  24.123015 1071.101750 
36  -5.075962e+09  -5.900319e+09  -1.097628e+10  24.171693 1095.273443 
37  -5.076029e+09  -5.884068e+09  -1.096010e+10  24.111858 1119.385301 
38  -5.076072e+09  -5.868755e+09  -1.094483e+10  24.910594 1144.295895 
39  -5.075756e+09  -5.854328e+09  -1.093008e+10  24.145626 1168.441521 
40  -5.075330e+09  -5.840686e+09  -1.091602e+10  24.366046 1192.807567 
41  -5.075197e+09  -5.827632e+09  -1.090283e+10  23.935577 1216.743144 
42  -5.074617e+09  -5.815269e+09  -1.088989e+10  24.259216 1241.002360 
43  -5.074397e+09  -5.803653e+09  -1.087805e+10  24.262660 1265.265020 
44  -5.073472e+09  -5.792452e+09  -1.086592e+10  24.021545 1289.286565 
45  -5.072835e+09  -5.781718e+09  -1.085455e+10  24.748871 1314.035436 
46  -5.072439e+09  -5.771557e+09  -1.084400e+10  23.789236 1337.824672 
47  -5.071936e+09  -5.761899e+09  -1.083384e+10  24.389783 1362.214455 
48  -5.070885e+09  -5.752856e+09  -1.082374e+10  23.980440 1386.194895 
49  -5.070567e+09  -5.743960e+09  -1.081453e+10  23.614481 1409.809376 
50  -5.069739e+09  -5.735604e+09  -1.080534e+10  24.215851 1434.025227 
51  -5.069024e+09  -5.727507e+09  -1.079653e+10  23.697396 1457.722623 
52  -5.068581e+09  -5.719709e+09  -1.078829e+10  23.980642 1481.703265 
53  -5.067481e+09  -5.712522e+09  -1.078000e+10  23.788950 1505.492215 
54  -5.066943e+09  -5.705339e+09  -1.077228e+10  24.013342 1529.505557 
55  -5.066167e+09  -5.698592e+09  -1.076476e+10  24.212031 1553.717588 
56  -5.065296e+09  -5.692054e+09  -1.075735e+10  24.447294 1578.164882 
57  -5.064781e+09  -5.685901e+09  -1.075068e+10  23.665321 1601.830203 
58  -5.063481e+09  -5.679864e+09  -1.074334e+10  24.071482 1625.901685 
59  -5.062694e+09  -5.674066e+09  -1.073676e+10  23.785640 1649.687325 
60  -5.061722e+09  -5.668591e+09  -1.073031e+10  23.987950 1673.675275 
61  -5.060627e+09  -5.663458e+09  -1.072408e+10  23.486936 1697.162211 
62  -5.059864e+09  -5.658280e+09  -1.071814e+10  23.730768 1720.892979 
63  -5.058730e+09  -5.653498e+09  -1.071223e+10  23.539030 1744.432009 
64  -5.057800e+09  -5.648881e+09  -1.070668e+10  23.567776 1767.999785 
65  -5.057081e+09  -5.644295e+09  -1.070138e+10  24.039258 1792.039043 
66  -5.056151e+09  -5.639947e+09  -1.069610e+10  23.929285 1815.968328 
67  -5.055478e+09  -5.635601e+09  -1.069108e+10  23.722773 1839.691101 
68  -5.054371e+09  -5.631591e+09  -1.068596e+10  24.200410 1863.891511 
69  -5.053617e+09  -5.627512e+09  -1.068113e+10  24.009121 1887.900632 
70  -5.052872e+09  -5.623524e+09  -1.067640e+10  24.131781 1912.032413 
71  -5.051897e+09  -5.620048e+09  -1.067195e+10  23.672580 1935.704993 
72  -5.051287e+09  -5.616410e+09  -1.066770e+10  24.033533 1959.738526 
73  -5.050432e+09  -5.612998e+09  -1.066343e+10  23.888755 1983.627281 
74  -5.049272e+09  -5.609698e+09  -1.065897e+10  23.824037 2007.451318 
75  -5.048436e+09  -5.606419e+09  -1.065486e+10  23.890159 2031.341477 
76  -5.047275e+09  -5.603445e+09  -1.065072e+10  23.911902 2055.253379 
77  -5.046279e+09  -5.600427e+09  -1.064671e+10  23.697449 2078.950828 
78  -5.045237e+09  -5.597701e+09  -1.064294e+10  24.684469 2103.635297 
79  -5.044164e+09  -5.594914e+09  -1.063908e+10  24.031904 2127.667201 
80  -5.043405e+09  -5.592087e+09  -1.063549e+10  24.588387 2152.255588 
81  -5.042688e+09  -5.589490e+09  -1.063218e+10  23.819500 2176.075088 
82  -5.041769e+09  -5.586953e+09  -1.062872e+10  23.743541 2199.818629 
83  -5.041424e+09  -5.584311e+09  -1.062574e+10  24.114829 2223.933458 
84  -5.040387e+09  -5.581939e+09  -1.062233e+10  23.798026 2247.731484 
85  -5.039390e+09  -5.579589e+09  -1.061898e+10  23.840664 2271.572148 
86  -5.038296e+09  -5.577564e+09  -1.061586e+10  23.844870 2295.417018 
87  -5.037775e+09  -5.575186e+09  -1.061296e+10  24.022130 2319.439148 
88  -5.036880e+09  -5.573146e+09  -1.061003e+10  23.779213 2343.218361 
89  -5.035835e+09  -5.571173e+09  -1.060701e+10  23.626165 2366.844526 
90  -5.035083e+09  -5.569145e+09  -1.060423e+10  23.925957 2390.770483 
91  -5.034158e+09  -5.567196e+09  -1.060135e+10  23.567936 2414.338419 
92  -5.033114e+09  -5.565390e+09  -1.059850e+10  23.950529 2438.288948 
93  -5.032433e+09  -5.563644e+09  -1.059608e+10  24.203698 2462.492646 
94  -5.031799e+09  -5.561777e+09  -1.059358e+10  23.710115 2486.202761 
95  -5.030818e+09  -5.559939e+09  -1.059076e+10  23.492445 2509.695206 
96  -5.029899e+09  -5.558217e+09  -1.058812e+10  23.748860 2533.444066 
97  -5.029105e+09  -5.556703e+09  -1.058581e+10  23.984645 2557.428711 
98  -5.028307e+09  -5.555242e+09  -1.058355e+10  23.607363 2581.036074 
99  -5.027614e+09  -5.553545e+09  -1.058116e+10  23.885225 2604.921299 
100  -5.027144e+09  -5.551783e+09  -1.057893e+10  24.151034 2629.072333 
101  -5.026158e+09  -5.550487e+09  -1.057665e+10  23.962716 2653.035049 
102  -5.025215e+09  -5.549098e+09  -1.057431e+10  23.820382 2676.855431 
103  -5.024082e+09  -5.547919e+09  -1.057200e+10  24.070126 2700.925557 
104  -5.023831e+09  -5.546487e+09  -1.057032e+10  23.850928 2724.776485 
105  -5.022812e+09  -5.545084e+09  -1.056790e+10  23.702165 2748.478650 
106  -5.022215e+09  -5.543771e+09  -1.056599e+10  23.849457 2772.328107 
107  -5.021346e+09  -5.542523e+09  -1.056387e+10  23.646560 2795.974667 
108  -5.020777e+09  -5.541288e+09  -1.056206e+10  23.936206 2819.910873 
109  -5.019872e+09  -5.540074e+09  -1.055995e+10  24.054045 2843.964918 
110  -5.019424e+09  -5.538908e+09  -1.055833e+10  24.110279 2868.075197 
111  -5.018352e+09  -5.538064e+09  -1.055642e+10  23.662724 2891.737921 
112  -5.017515e+09  -5.537080e+09  -1.055460e+10  23.922766 2915.660687 
113  -5.016925e+09  -5.535876e+09  -1.055280e+10  23.829557 2939.490244 
114  -5.015656e+09  -5.535112e+09  -1.055077e+10  23.815367 2963.305611 
115  -5.014676e+09  -5.534096e+09  -1.054877e+10  23.858399 2987.164010 
116  -5.014184e+09  -5.533314e+09  -1.054750e+10  24.391111 3011.555121 
117  -5.013708e+09  -5.532235e+09  -1.054594e+10  23.792766 3035.347887 
118  -5.013008e+09  -5.531225e+09  -1.054423e+10  23.830166 3059.178053 
119  -5.012264e+09  -5.530388e+09  -1.054265e+10  23.693158 3082.871211 
