--------------------------------------------------------------------------
WARNING: No preset parameters were found for the device that Open MPI
detected:

  Local host:            t-004
  Device name:           hfi1_0
  Device vendor ID:      0x1175
  Device vendor part ID: 9457

Default device parameters will be used, which may result in lower
performance.  You can edit any of the files specified by the
btl_openib_device_param_files MCA parameter to set values for your
device.

NOTE: You can turn off this warning by setting the MCA parameter
      btl_openib_warn_no_device_params_found to 0.
--------------------------------------------------------------------------
@@@@@@@@@@@@@@@@@@@@@@@@@@@ M MAX PEND : 500 init count  0 @@@@@@@@@@@@@2 
@@@@@@@@@@@@@@@@@@@@@@@@@@@ M MAX PEND : 500 init count  0 @@@@@@@@@@@@@2 
I0303 14:53:53.872076 110636 sysparam.hpp:71]  node file  : 
I0303 14:53:53.872599 110636 sysparam.hpp:72]  star file  : 
I0303 14:53:53.872665 110636 sysparam.hpp:73]  scheduling : 0
I0303 14:53:53.872690 110636 sysparam.hpp:74]  schedulers : 1
@@@@@@@@@@@@@@@@@@@@@@@@@@@ M MAX PEND : 500 init count  0 @@@@@@@@@@@@@2 
@@@@@@@@ FIND ROLE : Rank(0) schedmach(1) schedmach(1) coordinatemach (2)
@@@@@@@@@@@@ My rank(0) role (0) [1:coord][0:worker][2:sched]
@@@@@@@@@@@@ My rank(2) role (1) [1:coord][0:worker][2:sched]
@@@@@@@@@@@@ My rank(1) role (2) [1:coord][0:worker][2:sched]
[coordinator] nodes[0]->ip (10.55.54.4) id(0)  funcname(default-func) 
[coordinator] nodes[0]->ip (10.55.54.4) id(0)  funcname(default-func) 
[coordinator] nodes[1]->ip (10.55.54.4) id(1)  funcname(default-func) 
[coordinator] nodes[2]->ip (10.55.54.4) id(2)  funcname(default-func) 
[coordinator] nodes[0]->ip (10.55.54.4) id(0)  funcname(default-func) 
[coordinator] nodes[1]->ip (10.55.54.4) id(1)  funcname(default-func) 
[coordinator] nodes[2]->ip (10.55.54.4) id(2)  funcname(default-func) 
[coordinator] nodes[1]->ip (10.55.54.4) id(1)  funcname(default-func) 
[coordinator] nodes[2]->ip (10.55.54.4) id(2)  funcname(default-func) 
@@@@@@@@ FIND ROLE : Rank(0) schedmach(1) schedmach(1) coordinatemach (2)
@@@@@@@@@@@@ My rank(0) role (0) [1:coord][0:worker][2:sched]
 Worker call fork agent ... 0 rank  
I0303 14:53:53.876597 110636 worker.cpp:13] Worker CONSTRUCTOR : 0
@@@@@@@@@@@@ My rank(1) role (2) [1:coord][0:worker][2:sched]
 Scheduler call fork agent 1 rank  
@@@@@@@@@@@@ My rank(2) role (1) [1:coord][0:worker][2:sched]
 Coordinator call fork agent 2 rank  
I0303 14:53:53.876797 110636 parse_netconf.cpp:40]   Machine ID(Rank): 0 -------------------------- 
I0303 14:53:53.876827 110636 parse_netconf.cpp:42]   IP Address: 10.55.54.4
I0303 14:53:53.876865 110636 parse_netconf.cpp:43]   Rank : 0
I0303 14:53:53.876890 110636 parse_netconf.cpp:40]   Machine ID(Rank): 1 -------------------------- 
I0303 14:53:53.876909 110636 parse_netconf.cpp:42]   IP Address: 10.55.54.4
I0303 14:53:53.876926 110636 parse_netconf.cpp:43]   Rank : 1
I0303 14:53:53.876945 110636 parse_netconf.cpp:40]   Machine ID(Rank): 2 -------------------------- 
I0303 14:53:53.876961 110636 parse_netconf.cpp:42]   IP Address: 10.55.54.4
I0303 14:53:53.876978 110636 parse_netconf.cpp:43]   Rank : 2
I0303 14:53:53.876687 110638 coordinator.cpp:13] coordinator CONSTRUCTOR : 2
I0303 14:53:53.876688 110637 scheduler.cpp:11] Scheduler CONSTRUCTOR : 1
I0303 14:53:53.899633 110636 strads_init.cpp:86] Rank (0)'s IP found in node file 10.55.54.4
I0303 14:53:53.899643 110637 strads_init.cpp:86] Rank (1)'s IP found in node file 10.55.54.4
[*****] ps configuration files(node/link) are parsed
I0303 14:53:53.899633 110638 strads_init.cpp:86] Rank (2)'s IP found in node file 10.55.54.4
[*****] ps configuration files(node/link) are parsed
############################## rank(2) role(1) 
I0303 14:53:53.899811 110636 parse_netconf.cpp:105]   PS Machine ID(Rank): 0 -------------------------- 
I0303 14:53:53.899842 110636 parse_netconf.cpp:107] PS  IP Address: 10.55.54.4
I0303 14:53:53.899860 110636 parse_netconf.cpp:108] PS  Rank : 0
I0303 14:53:53.899878 110636 parse_netconf.cpp:105]   PS Machine ID(Rank): 1 -------------------------- 
I0303 14:53:53.899895 110636 parse_netconf.cpp:107] PS  IP Address: 10.55.54.4
I0303 14:53:53.899914 110636 parse_netconf.cpp:108] PS  Rank : 1
I0303 14:53:53.899992 110636 parse_netconf.cpp:140] @@ PS Link: 0 -------------------------- 
I0303 14:53:53.900015 110636 parse_netconf.cpp:142] PS src node: 0src port: 47010
I0303 14:53:53.900034 110636 parse_netconf.cpp:143] PS dst node: 1dst port: 38010
I0303 14:53:53.900053 110636 parse_netconf.cpp:140] @@ PS Link: 1 -------------------------- 
I0303 14:53:53.900069 110636 parse_netconf.cpp:142] PS src node: 1src port: 47011
I0303 14:53:53.900087 110636 parse_netconf.cpp:143] PS dst node: 0dst port: 38011
[*****] ps configuration files(node/link) are parsed
############################## rank(0) role(0) 
I0303 14:53:53.900250 110636 parse_netconf.cpp:76] @@ Link: 0 -------------------------- 
############################## rank(1) role(2) 
@@@@@@@@@@@@ My rank(1) role (2) [1:coord][0:worker][2:sched]
@@@@@@@@@@@@ My rank(2) role (1) [1:coord][0:worker][2:sched]
I0303 14:53:53.900281 110636 parse_netconf.cpp:78] src node: 2src port: 47000
I0303 14:53:53.900300 110636 parse_netconf.cpp:79] dst node: 0dst port: 38000
I0303 14:53:53.900317 110636 parse_netconf.cpp:76] @@ Link: 1 -------------------------- 
I0303 14:53:53.900336 110636 parse_netconf.cpp:78] src node: 2src port: 47001
I0303 14:53:53.900354 110636 parse_netconf.cpp:79] dst node: 1dst port: 38001
I0303 14:53:53.900372 110636 parse_netconf.cpp:76] @@ Link: 2 -------------------------- 
I0303 14:53:53.900390 110636 parse_netconf.cpp:78] src node: 0src port: 47002
I0303 14:53:53.900408 110636 parse_netconf.cpp:79] dst node: 2dst port: 38002
I0303 14:53:53.900425 110636 parse_netconf.cpp:76] @@ Link: 3 -------------------------- 
I0303 14:53:53.900444 110636 parse_netconf.cpp:78] src node: 1src port: 47003
I0303 14:53:53.900462 110636 parse_netconf.cpp:79] dst node: 2dst port: 38003
@@@@@@@@ FIND ROLE : Rank(0) schedmach(1) schedmach(1) coordinatemach (2)
@@@@@@@@@@@@ My rank(0) role (0) [1:coord][0:worker][2:sched]
Coordinator rank 2 open a porttcp://*:47000 FOR SEND PORT -- ptr to zmqsocket(0x2ae1590) RCVHWM(1000) SNDHWM(5000)
Coordinator rank 2 open a porttcp://*:47001 FOR SEND PORT -- ptr to zmqsocket(0x2ae1570) RCVHWM(1000) SNDHWM(5000)
@@@@@@@ Coordinator rank 2 open a porttcp://*:38002 FOR RECEIVE PORT -- ptr to zmqsocket(0x2ae1c60) HWM(5000)
@@@@@@@ Coordinator rank 2 open a porttcp://*:38003 FOR RECEIVE PORT -- ptr to zmqsocket(0x2ae1c70) HWM(5000)
[Coordinator] Open ports and start hands shaking worker_recvportsize(1) worker_sendportsize(1)
Coordinator -- wait for 0th worker RECV out of  1  pport(0x2ae1c60)
RANK rank 1 CONNECT a port  tcp://10.55.54.4:47001 FOR RECEIVE PORT -- ptr to socket(0x27d5590) HWM(5000) 
RANK rank 0 CONNECT a port  tcp://10.55.54.4:47000 FOR RECEIVE PORT -- ptr to socket(0x13fb590) HWM(5000) 
Rank 0 CONNECT a porttcp://10.55.54.4:38002 FOR SEND PORT -- ptr to socket(0x13fb570) 
Rank(1) Send HB to SEND PORT ptr -- socket(0x27d5570) 
Rank 1 CONNECT a porttcp://10.55.54.4:38003 FOR SEND PORT -- ptr to socket(0x27d5570) 
Rank(0) Send HB to SEND PORT ptr -- socket(0x13fb570) 
[Coordinator @@@@@] finish worker recv port confirm 
Coordinator -- wait for 0th worker SENDPORT out of  1  pport(0x2ae1590)
[Rank 0] got confirm for RECV PORT 
Rank(0) Send HB to RECV PORT ptr -- socket(0x13fb590) 
[Coordinator @@@@@] finish worker send port confirm 
Coordinator -- wait for 0th scheduler RECVPORT out of  1  pport(0x2ae1c70)
[Coordinator @@@@@] finish scheduler recv port confirm 
Coordinator -- wait for 0th scheduler SENDPORT out of  1  pport(0x2ae1570)
[Rank 0] got confirm for SEND PORT 
@@@@@@@@@@@@@@@@@@@@@@@@@@@@@@@@@@@@@@@@@@@@@@@@ finish create starring ethernet by rank (0)
[Rank 1] got confirm for RECV PORT 
Rank(1) Send HB to RECV PORT ptr -- socket(0x27d5590) 
[Coordinator @@@@@] finish scheduler send port confirm 
@@@@@@@@@@@@@@@@@@@@@@@@@@@@@@@@@@@@@@@@@@@@@@@@ finish create starring ethernet by rank (2)
[Rank 1] got confirm for SEND PORT 
@@@@@@@@@@@@@@@@@@@@@@@@@@@@@@@@@@@@@@@@@@@@@@@@ finish create starring ethernet by rank (1)



[ Ring worker ring ] start
@@@@@@@@@@@@ My rank(1) role (2) [1:coord][0:worker][2:sched]
I0303 14:53:55.906690 110636 parse_netconf.cpp:76] @@ Link: 0 -------------------------- 
I0303 14:53:55.906749 110636 parse_netconf.cpp:78] src node: 1src port: 47004
I0303 14:53:55.906786 110636 parse_netconf.cpp:79] dst node: 2dst port: 38004
I0303 14:53:55.906818 110636 parse_netconf.cpp:76] @@ Link: 1 -------------------------- 
I0303 14:53:55.906843 110636 parse_netconf.cpp:78] src node: 2src port: 47005
I0303 14:53:55.906867 110636 parse_netconf.cpp:79] dst node: 1dst port: 38005
I0303 14:53:55.906893 110636 parse_netconf.cpp:76] @@ Link: 2 -------------------------- 
I0303 14:53:55.906918 110636 parse_netconf.cpp:78] src node: 2src port: 47006
I0303 14:53:55.906940 110636 parse_netconf.cpp:79] dst node: 0dst port: 38006
I0303 14:53:55.906965 110636 parse_netconf.cpp:76] @@ Link: 3 -------------------------- 
I0303 14:53:55.906987 110636 parse_netconf.cpp:78] src node: 0src port: 47007
I0303 14:53:55.907011 110636 parse_netconf.cpp:79] dst node: 2dst port: 38007
I0303 14:53:55.907037 110636 parse_netconf.cpp:76] @@ Link: 4 -------------------------- 
I0303 14:53:55.907059 110636 parse_netconf.cpp:78] src node: 0src port: 47008



[ Ring worker ring ] start
@@@@@@@@@@@@ My rank(2) role (1) [1:coord][0:worker][2:sched]
Rank 2 CONNECT a porttcp://10.55.54.4:38006 FOR SEND PORT -- ptr to socket(0x2ae1c50) 
I0303 14:53:55.907084 110636 parse_netconf.cpp:79] dst node: 2dst port: 38008
I0303 14:53:55.907109 110636 parse_netconf.cpp:76] @@ Link: 5 -------------------------- 
I0303 14:53:55.907132 110636 parse_netconf.cpp:78] src node: 2src port: 47009
I0303 14:53:55.907160 110636 parse_netconf.cpp:79] dst node: 0dst port: 38009



[ Ring worker ring ] start
@@@@@@@@ FIND ROLE : Rank(0) schedmach(1) schedmach(1) coordinatemach (2)
@@@@@@@@@@@@ My rank(0) role (0) [1:coord][0:worker][2:sched]
@@@@@@@ Coordinator rank 2 open a porttcp://*:38007 FOR RECEIVE PORT -- ptr to zmqsocket(0x2ae1c40) HWM(5000)
@@@@@@@ Coordinator rank 2 open a porttcp://*:38008 FOR RECEIVE PORT -- ptr to zmqsocket(0x2ae1c30) HWM(5000)
Rank 2 CONNECT a porttcp://10.55.54.4:38009 FOR SEND PORT -- ptr to socket(0x2ae1c20) 
ctx->rank 2 breaks rules :  pshctx->ring_sendportmap.size() : 1 
ldall: /N/u/pengb/hpda/petuum/strads/src/strads/netdriver/zmq/zmq-common.cpp:1138: void create_ringworker_ethernet_aux(sharedctx*, zmq::context_t&, int, std::string&): Assertion `pshctx->ring_sendportmap.size() == 2' failed.
*** Aborted at 1488570835 (unix time) try "date -d @1488570835" if you are using GNU date ***
PC: @     0x7fa15f7865f7 __GI_raise
*** SIGABRT (@0x44d0001b02e) received by PID 110638 (TID 0x7fa162410780) from PID 110638; stack trace: ***
    @     0x7fa15fb21100 (unknown)
    @     0x7fa15f7865f7 __GI_raise
    @     0x7fa15f787ce8 __GI_abort
    @     0x7fa15f77f566 __assert_fail_base
    @     0x7fa15f77f612 __GI___assert_fail
    @           0x439eb2 create_ringworker_ethernet_aux()
    @           0x4302f1 strads_init()
    @           0x40d940 main
    @     0x7fa15f772b15 __libc_start_main
    @           0x40e8bd (unknown)
*** Aborted at 1488570837 (unix time) try "date -d @1488570837" if you are using GNU date ***
PC: @     0x7f4b55f8f425 ompi_request_default_wait_all
*** SIGTERM (@0x44d0001b020) received by PID 110637 (TID 0x7f4b57384780) from PID 110624; stack trace: ***
    @     0x7f4b54a95100 (unknown)
    @     0x7f4b55f8f425 ompi_request_default_wait_all
    @     0x7f4b4e223b08 ompi_coll_tuned_barrier_intra_bruck
    @     0x7f4b55fa64e6 PMPI_Barrier
    @           0x439ba0 create_ringworker_ethernet_aux()
    @           0x4302f1 strads_init()
    @           0x40d940 main
    @     0x7f4b546e6b15 __libc_start_main
    @           0x40e8bd (unknown)
*** Aborted at 1488570837 (unix time) try "date -d @1488570837" if you are using GNU date ***
PC: @     0x7f7ea22de42d __GI_nanosleep
*** SIGTERM (@0x44d0001b020) received by PID 110636 (TID 0x7f7ea4ee0780) from PID 110624; stack trace: ***
    @     0x7f7ea25f1100 (unknown)
    @     0x7f7ea22de42d __GI_nanosleep
    @     0x7f7ea22de2c4 __sleep
    @           0x438e10 create_ringworker_ethernet_aux()
    @           0x4302f1 strads_init()
    @           0x40d940 main
    @     0x7f7ea2242b15 __libc_start_main
    @           0x40e8bd (unknown)
--------------------------------------------------------------------------
mpirun noticed that process rank 2 with PID 0 on node t-004 exited on signal 6 (Aborted).
--------------------------------------------------------------------------
[t-006:140986] 2 more processes have sent help message help-mpi-btl-openib.txt / no device params found
[t-006:140986] Set MCA parameter "orte_base_help_aggregate" to 0 to see all help / error messages
