--------------------------------------------------------------------------
WARNING: No preset parameters were found for the device that Open MPI
detected:

  Local host:            t-004
  Device name:           hfi1_0
  Device vendor ID:      0x1175
  Device vendor part ID: 9457

Default device parameters will be used, which may result in lower
performance.  You can edit any of the files specified by the
btl_openib_device_param_files MCA parameter to set values for your
device.

NOTE: You can turn off this warning by setting the MCA parameter
      btl_openib_warn_no_device_params_found to 0.
--------------------------------------------------------------------------
I0303 15:03:00.798148 111014 sysparam.hpp:71]  node file  : 
I0303 15:03:00.798804 111014 sysparam.hpp:72]  star file  : 
@@@@@@@@@@@@@@@@@@@@@@@@@@@ M MAX PEND : 500 init count  0 @@@@@@@@@@@@@2 
@@@@@@@@@@@@ My rank(1) role (0) [1:coord][0:worker][2:sched]
@@@@@@@@@@@@@@@@@@@@@@@@@@@ M MAX PEND : 500 init count  0 @@@@@@@@@@@@@2 
@@@@@@@@@@@@ My rank(2) role (2) [1:coord][0:worker][2:sched]
@@@@@@@@@@@@@@@@@@@@@@@@@@@ M MAX PEND : 500 init count  0 @@@@@@@@@@@@@2 
@@@@@@@@@@@@ My rank(3) role (1) [1:coord][0:worker][2:sched]
I0303 15:03:00.798866 111014 sysparam.hpp:73]  scheduling : 0
I0303 15:03:00.798925 111014 sysparam.hpp:74]  schedulers : 1
@@@@@@@@@@@@@@@@@@@@@@@@@@@ M MAX PEND : 500 init count  0 @@@@@@@@@@@@@2 
@@@@@@@@ FIND ROLE : Rank(0) schedmach(1) schedmach(2) coordinatemach (3)
@@@@@@@@@@@@ My rank(0) role (0) [1:coord][0:worker][2:sched]
[coordinator] nodes[0]->ip (10.55.54.4) id(0)  funcname(default-func) 
[coordinator] nodes[1]->ip (10.55.54.4) id(1)  funcname(default-func) 
[coordinator] nodes[2]->ip (10.55.54.4) id(2)  funcname(default-func) 
[coordinator] nodes[3]->ip (10.55.54.4) id(3)  funcname(default-func) 
[coordinator] nodes[0]->ip (10.55.54.4) id(0)  funcname(default-func) 
[coordinator] nodes[1]->ip (10.55.54.4) id(1)  funcname(default-func) 
[coordinator] nodes[2]->ip (10.55.54.4) id(2)  funcname(default-func) 
[coordinator] nodes[3]->ip (10.55.54.4) id(3)  funcname(default-func) 
[coordinator] nodes[0]->ip (10.55.54.4) id(0)  funcname(default-func) 
[coordinator] nodes[1]->ip (10.55.54.4) id(1)  funcname(default-func) 
[coordinator] nodes[2]->ip (10.55.54.4) id(2)  funcname(default-func) 
[coordinator] nodes[3]->ip (10.55.54.4) id(3)  funcname(default-func) 
[coordinator] nodes[0]->ip (10.55.54.4) id(0)  funcname(default-func) 
[coordinator] nodes[1]->ip (10.55.54.4) id(1)  funcname(default-func) 
[coordinator] nodes[2]->ip (10.55.54.4) id(2)  funcname(default-func) 
[coordinator] nodes[3]->ip (10.55.54.4) id(3)  funcname(default-func) 
@@@@@@@@@@@@ My rank(2) role (2) [1:coord][0:worker][2:sched]
 Scheduler call fork agent 2 rank  
@@@@@@@@@@@@ My rank(3) role (1) [1:coord][0:worker][2:sched]
 Coordinator call fork agent 3 rank  
@@@@@@@@@@@@ My rank(1) role (0) [1:coord][0:worker][2:sched]
 Worker call fork agent ... 1 rank  
@@@@@@@@ FIND ROLE : Rank(0) schedmach(1) schedmach(2) coordinatemach (3)
@@@@@@@@@@@@ My rank(0) role (0) [1:coord][0:worker][2:sched]
 Worker call fork agent ... 0 rank  
I0303 15:03:00.803647 111014 worker.cpp:13] Worker CONSTRUCTOR : 0
I0303 15:03:00.803910 111014 parse_netconf.cpp:40]   Machine ID(Rank): 0 -------------------------- 
I0303 15:03:00.803963 111014 parse_netconf.cpp:42]   IP Address: 10.55.54.4
I0303 15:03:00.804026 111014 parse_netconf.cpp:43]   Rank : 0
I0303 15:03:00.804065 111014 parse_netconf.cpp:40]   Machine ID(Rank): 1 -------------------------- 
I0303 15:03:00.804091 111014 parse_netconf.cpp:42]   IP Address: 10.55.54.4
I0303 15:03:00.803709 111015 worker.cpp:13] Worker CONSTRUCTOR : 1
I0303 15:03:00.803710 111016 scheduler.cpp:11] Scheduler CONSTRUCTOR : 2
I0303 15:03:00.803709 111017 coordinator.cpp:13] coordinator CONSTRUCTOR : 3
I0303 15:03:00.804116 111014 parse_netconf.cpp:43]   Rank : 1
I0303 15:03:00.804141 111014 parse_netconf.cpp:40]   Machine ID(Rank): 2 -------------------------- 
I0303 15:03:00.804164 111014 parse_netconf.cpp:42]   IP Address: 10.55.54.4
I0303 15:03:00.804191 111014 parse_netconf.cpp:43]   Rank : 2
I0303 15:03:00.804215 111014 parse_netconf.cpp:40]   Machine ID(Rank): 3 -------------------------- 
I0303 15:03:00.804240 111014 parse_netconf.cpp:42]   IP Address: 10.55.54.4
I0303 15:03:00.804267 111014 parse_netconf.cpp:43]   Rank : 3
I0303 15:03:00.840673 111014 strads_init.cpp:86] Rank (0)'s IP found in node file 10.55.54.4
I0303 15:03:00.840761 111017 strads_init.cpp:86] Rank (3)'s IP found in node file 10.55.54.4
I0303 15:03:00.840716 111015 strads_init.cpp:86] Rank (1)'s IP found in node file 10.55.54.4
I0303 15:03:00.840713 111016 strads_init.cpp:86] Rank (2)'s IP found in node file 10.55.54.4
I0303 15:03:00.840880 111014 parse_netconf.cpp:105]   PS Machine ID(Rank): 0 -------------------------- 
I0303 15:03:00.840922 111014 parse_netconf.cpp:107] PS  IP Address: 10.55.54.4
I0303 15:03:00.840950 111014 parse_netconf.cpp:108] PS  Rank : 0
I0303 15:03:00.840975 111014 parse_netconf.cpp:105]   PS Machine ID(Rank): 1 -------------------------- 
I0303 15:03:00.841001 111014 parse_netconf.cpp:107] PS  IP Address: 10.55.54.4
I0303 15:03:00.841028 111014 parse_netconf.cpp:108] PS  Rank : 1
[*****] ps configuration files(node/link) are parsed
############################## rank(2) role(2) 
[*****] ps configuration files(node/link) are parsed
############################## rank(3) role(1) 
[*****] ps configuration files(node/link) are parsed
############################## rank(1) role(0) 
@@@@@@@@@@@@ My rank(1) role (0) [1:coord][0:worker][2:sched]
I0303 15:03:00.841054 111014 parse_netconf.cpp:105]   PS Machine ID(Rank): 2 -------------------------- 
I0303 15:03:00.841079 111014 parse_netconf.cpp:107] PS  IP Address: 10.55.54.4
I0303 15:03:00.841105 111014 parse_netconf.cpp:108] PS  Rank : 2
I0303 15:03:00.841320 111014 parse_netconf.cpp:140] @@ PS Link: 0 -------------------------- 
I0303 15:03:00.841372 111014 parse_netconf.cpp:142] PS src node: 0src port: 47014
I0303 15:03:00.841398 111014 parse_netconf.cpp:143] PS dst node: 2dst port: 38014
I0303 15:03:00.841423 111014 parse_netconf.cpp:140] @@ PS Link: 1 -------------------------- 
I0303 15:03:00.841449 111014 parse_netconf.cpp:142] PS src node: 1src port: 47015
I0303 15:03:00.841475 111014 parse_netconf.cpp:143] PS dst node: 2dst port: 38015
I0303 15:03:00.841500 111014 parse_netconf.cpp:140] @@ PS Link: 2 -------------------------- 
I0303 15:03:00.841522 111014 parse_netconf.cpp:142] PS src node: 2src port: 47016
I0303 15:03:00.841544 111014 parse_netconf.cpp:143] PS dst node: 0dst port: 38016
I0303 15:03:00.841568 111014 parse_netconf.cpp:140] @@ PS Link: 3 -------------------------- 
I0303 15:03:00.841662 111014 parse_netconf.cpp:142] PS src node: 2src port: 47017
I0303 15:03:00.841697 111014 parse_netconf.cpp:143] PS dst node: 1dst port: 38017
[*****] ps configuration files(node/link) are parsed
############################## rank(0) role(0) 
I0303 15:03:00.842084 111014 parse_netconf.cpp:76] @@ Link: 0 -------------------------- 
I0303 15:03:00.842136 111014 parse_netconf.cpp:78] src node: 3src port: 47000
I0303 15:03:00.842164 111014 parse_netconf.cpp:79] dst node: 0dst port: 38000
@@@@@@@@@@@@ My rank(2) role (2) [1:coord][0:worker][2:sched]
@@@@@@@@@@@@ My rank(3) role (1) [1:coord][0:worker][2:sched]
I0303 15:03:00.842187 111014 parse_netconf.cpp:76] @@ Link: 1 -------------------------- 
I0303 15:03:00.842211 111014 parse_netconf.cpp:78] src node: 3src port: 47001
I0303 15:03:00.842263 111014 parse_netconf.cpp:79] dst node: 1dst port: 38001
I0303 15:03:00.842316 111014 parse_netconf.cpp:76] @@ Link: 2 -------------------------- 
I0303 15:03:00.842344 111014 parse_netconf.cpp:78] src node: 3src port: 47002
I0303 15:03:00.842368 111014 parse_netconf.cpp:79] dst node: 2dst port: 38002
I0303 15:03:00.842396 111014 parse_netconf.cpp:76] @@ Link: 3 -------------------------- 
I0303 15:03:00.842422 111014 parse_netconf.cpp:78] src node: 0src port: 47003
I0303 15:03:00.842448 111014 parse_netconf.cpp:79] dst node: 3dst port: 38003
I0303 15:03:00.842502 111014 parse_netconf.cpp:76] @@ Link: 4 -------------------------- 
I0303 15:03:00.842526 111014 parse_netconf.cpp:78] src node: 1src port: 47004
I0303 15:03:00.842550 111014 parse_netconf.cpp:79] dst node: 3dst port: 38004
I0303 15:03:00.842635 111014 parse_netconf.cpp:76] @@ Link: 5 -------------------------- 
I0303 15:03:00.842667 111014 parse_netconf.cpp:78] src node: 2src port: 47005
I0303 15:03:00.842694 111014 parse_netconf.cpp:79] dst node: 3dst port: 38005
@@@@@@@@ FIND ROLE : Rank(0) schedmach(1) schedmach(2) coordinatemach (3)
@@@@@@@@@@@@ My rank(0) role (0) [1:coord][0:worker][2:sched]
Coordinator rank 3 open a porttcp://*:47000 FOR SEND PORT -- ptr to zmqsocket(0x2439c60) RCVHWM(1000) SNDHWM(5000)
Coordinator rank 3 open a porttcp://*:47001 FOR SEND PORT -- ptr to zmqsocket(0x2439c40) RCVHWM(1000) SNDHWM(5000)
Coordinator rank 3 open a porttcp://*:47002 FOR SEND PORT -- ptr to zmqsocket(0x2439c20) RCVHWM(1000) SNDHWM(5000)
@@@@@@@ Coordinator rank 3 open a porttcp://*:38003 FOR RECEIVE PORT -- ptr to zmqsocket(0x2439c30) HWM(5000)
@@@@@@@ Coordinator rank 3 open a porttcp://*:38004 FOR RECEIVE PORT -- ptr to zmqsocket(0x2439c10) HWM(5000)
@@@@@@@ Coordinator rank 3 open a porttcp://*:38005 FOR RECEIVE PORT -- ptr to zmqsocket(0x2439c00) HWM(5000)
[Coordinator] Open ports and start hands shaking worker_recvportsize(2) worker_sendportsize(2)
Coordinator -- wait for 0th worker RECV out of  2  pport(0x2439c30)
RANK rank 1 CONNECT a port  tcp://10.55.54.4:47001 FOR RECEIVE PORT -- ptr to socket(0x1f6dc60) HWM(5000) 
RANK rank 2 CONNECT a port  tcp://10.55.54.4:47002 FOR RECEIVE PORT -- ptr to socket(0x2b75c60) HWM(5000) 
Rank 1 CONNECT a porttcp://10.55.54.4:38004 FOR SEND PORT -- ptr to socket(0x1f6dc40) 
Rank 2 CONNECT a porttcp://10.55.54.4:38005 FOR SEND PORT -- ptr to socket(0x2b75c40) 
Rank(0) Send HB to SEND PORT ptr -- socket(0x2049c40) 
Rank(1) Send HB to SEND PORT ptr -- socket(0x1f6dc40) 
Rank(2) Send HB to SEND PORT ptr -- socket(0x2b75c40) 
RANK rank 0 CONNECT a port  tcp://10.55.54.4:47000 FOR RECEIVE PORT -- ptr to socket(0x2049c60) HWM(5000) 
Rank 0 CONNECT a porttcp://10.55.54.4:38003 FOR SEND PORT -- ptr to socket(0x2049c40) 
Coordinator -- wait for 1th worker RECV out of  2  pport(0x2439c10)
[Coordinator @@@@@] finish worker recv port confirm 
Coordinator -- wait for 0th worker SENDPORT out of  2  pport(0x2439c60)
Rank(0) Send HB to RECV PORT ptr -- socket(0x2049c60) 
[Rank 0] got confirm for RECV PORT 
Rank(1) Send HB to RECV PORT ptr -- socket(0x1f6dc60) 
[Rank 1] got confirm for RECV PORT 
Coordinator -- wait for 1th worker SENDPORT out of  2  pport(0x2439c40)
[Rank 0] got confirm for SEND PORT 
@@@@@@@@@@@@@@@@@@@@@@@@@@@@@@@@@@@@@@@@@@@@@@@@ finish create starring ethernet by rank (0)
[Coordinator @@@@@] finish worker send port confirm 
Coordinator -- wait for 0th scheduler RECVPORT out of  1  pport(0x2439c00)
[Rank 1] got confirm for SEND PORT 
@@@@@@@@@@@@@@@@@@@@@@@@@@@@@@@@@@@@@@@@@@@@@@@@ finish create starring ethernet by rank (1)
[Coordinator @@@@@] finish scheduler recv port confirm 
Coordinator -- wait for 0th scheduler SENDPORT out of  1  pport(0x2439c20)
[Rank 2] got confirm for RECV PORT 
Rank(2) Send HB to RECV PORT ptr -- socket(0x2b75c60) 
[Coordinator @@@@@] finish scheduler send port confirm 
@@@@@@@@@@@@@@@@@@@@@@@@@@@@@@@@@@@@@@@@@@@@@@@@ finish create starring ethernet by rank (3)
[Rank 2] got confirm for SEND PORT 
@@@@@@@@@@@@@@@@@@@@@@@@@@@@@@@@@@@@@@@@@@@@@@@@ finish create starring ethernet by rank (2)



[ Ring worker ring ] start
@@@@@@@@@@@@ My rank(1) role (0) [1:coord][0:worker][2:sched]
I0303 15:03:02.850162 111014 parse_netconf.cpp:76] @@ Link: 0 -------------------------- 
I0303 15:03:02.850221 111014 parse_netconf.cpp:78] src node: 2src port: 47006
I0303 15:03:02.850260 111014 parse_netconf.cpp:79] dst node: 3dst port: 38006



[ Ring worker ring ] start
@@@@@@@@@@@@ My rank(2) role (2) [1:coord][0:worker][2:sched]
I0303 15:03:02.850293 111014 parse_netconf.cpp:76] @@ Link: 1 -------------------------- 
I0303 15:03:02.850320 111014 parse_netconf.cpp:78] src node: 3src port: 47007
I0303 15:03:02.850378 111014 parse_netconf.cpp:79] dst node: 2dst port: 38007
I0303 15:03:02.850402 111014 parse_netconf.cpp:76] @@ Link: 2 -------------------------- 
I0303 15:03:02.850427 111014 parse_netconf.cpp:78] src node: 3src port: 47008
I0303 15:03:02.850451 111014 parse_netconf.cpp:79] dst node: 0dst port: 38008
I0303 15:03:02.850476 111014 parse_netconf.cpp:76] @@ Link: 3 -------------------------- 
I0303 15:03:02.850499 111014 parse_netconf.cpp:78] src node: 0src port: 47009
I0303 15:03:02.850523 111014 parse_netconf.cpp:79] dst node: 1dst port: 38009
I0303 15:03:02.850576 111014 parse_netconf.cpp:76] @@ Link: 4 -------------------------- 
I0303 15:03:02.850632 111014 parse_netconf.cpp:78] src node: 1src port: 47010
I0303 15:03:02.850666 111014 parse_netconf.cpp:79] dst node: 3dst port: 38010
I0303 15:03:02.850692 111014 parse_netconf.cpp:76] @@ Link: 5 -------------------------- 
I0303 15:03:02.850719 111014 parse_netconf.cpp:78] src node: 0src port: 47011



[ Ring worker ring ] start
@@@@@@@@@@@@ My rank(3) role (1) [1:coord][0:worker][2:sched]
Rank 3 CONNECT a porttcp://10.55.54.4:38008 FOR SEND PORT -- ptr to socket(0x2439bf0) 
coordinator put rdataport into sendport for dstnode 0 (sendport[0x23bb860]
I0303 15:03:02.850749 111014 parse_netconf.cpp:79] dst node: 3dst port: 38011
I0303 15:03:02.850776 111014 parse_netconf.cpp:76] @@ Link: 6 -------------------------- 
I0303 15:03:02.850802 111014 parse_netconf.cpp:78] src node: 1src port: 47012
I0303 15:03:02.850828 111014 parse_netconf.cpp:79] dst node: 0dst port: 38012
I0303 15:03:02.850855 111014 parse_netconf.cpp:76] @@ Link: 7 -------------------------- 
I0303 15:03:02.850881 111014 parse_netconf.cpp:78] src node: 3src port: 47013
I0303 15:03:02.850906 111014 parse_netconf.cpp:79] dst node: 1dst port: 38013
@@@@@@@ Coordinator rank 3 open a porttcp://*:38010 FOR RECEIVE PORT -- ptr to zmqsocket(0x2439be0) HWM(5000)



[ Ring worker ring ] start
@@@@@@@@ FIND ROLE : Rank(0) schedmach(1) schedmach(2) coordinatemach (3)
@@@@@@@@@@@@ My rank(0) role (0) [1:coord][0:worker][2:sched]
@@@@@@@ Coordinator rank 3 open a porttcp://*:38011 FOR RECEIVE PORT -- ptr to zmqsocket(0x2439bd0) HWM(5000)
Rank 3 CONNECT a porttcp://10.55.54.4:38013 FOR SEND PORT -- ptr to socket(0x2439bc0) 
COORDINATOR Rank(3) Send HB to SEND PORT ptr -- socket(0x2439bf0) -- Sending is DONE  
[ Coordinator Rank : 3 ]  GOT MESSAGE recvport (0x2439be0) 
@@@@@@@ WORKER rank 1 open a porttcp://*:38009 FOR RECEIVE PORT -- ptr to zmqsocket(0x1f6dc20) HWM(5000)
Rank 1 CONNECT a porttcp://10.55.54.4:38010 FOR SEND PORT -- ptr to socket(0x1f6dc30) 
Rank 1 CONNECT a porttcp://10.55.54.4:38012 FOR SEND PORT -- ptr to socket(0x1f6dc10) 
@@@@@@@ WORKER rank 0 open a porttcp://*:38008 FOR RECEIVE PORT -- ptr to zmqsocket(0x2049c20) HWM(5000)
COORDINATOR Rank(1) Send HB to SEND PORT ptr -- socket(0x1f6dc30) -- Sending is DONE  
@@@@@@@ WORKER rank 1 open a porttcp://*:38013 FOR RECEIVE PORT -- ptr to zmqsocket(0x1f6dc00) HWM(5000)
[ Rank : 1 ]  GOT MESSAGE recvport (0x1f6dc20) 
Rank 0 CONNECT a porttcp://10.55.54.4:38009 FOR SEND PORT -- ptr to socket(0x2049c30) 
Rank 0 CONNECT a porttcp://10.55.54.4:38011 FOR SEND PORT -- ptr to socket(0x2049c10) 
@@@@@@@ WORKER rank 0 open a porttcp://*:38012 FOR RECEIVE PORT -- ptr to zmqsocket(0x2049c00) HWM(5000)
[ Rank : 0 ]  GOT MESSAGE recvport (0x2049c20) 
COORDINATOR Rank(0) Send HB to SEND PORT ptr -- socket(0x2049c30) -- Sending is DONE  
[ Coordinator Rank : 3 ]  GOT MESSAGE recvport (0x2439be0) DONE DONE 
[ Worker Rank : 1 ]  GOT MESSAGE recvport (0x1f6dc20) DONE DONE 
[Worker Rank 1] got confirm for SEND PORT 
COORDINATOR Rank(1) Send HB to SEND PORT ptr -- socket(0x1f6dc10) -- Sending is DONE  
[ Rank : 1 ]  GOT MESSAGE recvport (0x1f6dc00) 
[ Worker Rank : 0 ]  GOT MESSAGE recvport (0x2049c20) DONE DONE 
[Worker Rank 0] got confirm for SEND PORT 
[ Rank : 0 ]  GOT MESSAGE recvport (0x2049c00) 
COORDINATOR Rank(0) Send HB to SEND PORT ptr -- socket(0x2049c10) -- Sending is DONE  
[Coordinator Rank 3] got confirm for SEND PORT 
COORDINATOR Rank(3) Send HB to SEND PORT ptr -- socket(0x2439bc0) -- Sending is DONE  
[ Coordinator Rank : 3 ]  GOT MESSAGE recvport (0x2439bd0) 
[ Coordinator Rank : 3 ]  GOT MESSAGE recvport (0x2439bd0) DONE DONE 
[ Worker Rank : 1 ]  GOT MESSAGE recvport (0x1f6dc00) DONE DONE 
[Coordinator Rank 3] got confirm for SEND PORT 
[ Worker Rank : 0 ]  GOT MESSAGE recvport (0x2049c00) DONE DONE 
[Worker Rank 0] got confirm for SEND PORT 
[Worker Rank 1] got confirm for SEND PORT 
I0303 15:03:04.993147 111015 strads_init.cpp:111] Star Topology is cretaed with 4 machines (processes) 
@@@@@@@@@@@@ My rank(1) role (0) [1:coord][0:worker][2:sched]
I0303 15:03:04.993160 111016 strads_init.cpp:111] Star Topology is cretaed with 4 machines (processes) 
@@@@@@@@@@@@ My rank(2) role (2) [1:coord][0:worker][2:sched]
I0303 15:03:04.993129 111014 strads_init.cpp:111] Star Topology is cretaed with 4 machines (processes) 
@@@@@@@@ FIND ROLE : Rank(0) schedmach(1) schedmach(2) coordinatemach (3)
@@@@@@@@@@@@ My rank(0) role (0) [1:coord][0:worker][2:sched]
I0303 15:03:04.993151 111017 strads_init.cpp:111] Star Topology is cretaed with 4 machines (processes) 
@@@@@@@ PS rank 2 open a porttcp://*:38014 FOR RECEIVE PORT -- ptr to zmqsocket(0x2b75c20) HWM(5000)
@@@@@@@ PS rank 2 open a porttcp://*:38015 FOR RECEIVE PORT -- ptr to zmqsocket(0x2b75c30) HWM(5000)
PS rank 2 open a porttcp://*:47016 FOR SEND PORT -- ptr to zmqsocket(0x2b75c10) RCVHWM(5000) SNDHWM(5000)
PS rank 2 open a porttcp://*:47017 FOR SEND PORT -- ptr to zmqsocket(0x2b75c00) RCVHWM(5000) SNDHWM(5000)
[PS] Open ports and start hands shaking worker_recvportsize(0) worker_sendportsize(0)
PS -- wait for 0th worker RECV out of  2  pport(0x2b75c20)
[t-006:141238] 3 more processes have sent help message help-mpi-btl-openib.txt / no device params found
[t-006:141238] Set MCA parameter "orte_base_help_aggregate" to 0 to see all help / error messages
Rank 1 CONNECT a porttcp://10.55.54.4:38015 FOR SEND PORT -- ptr to socket(0x1f6dbf0) 
RANK rank 1 CONNECT a port  tcp://10.55.54.4:47017 FOR RECEIVE PORT -- ptr to socket(0x1f6dbe0) HWM(5000) 
Rank 0 CONNECT a porttcp://10.55.54.4:38014 FOR SEND PORT -- ptr to socket(0x2049bf0) 
RANK rank 0 CONNECT a port  tcp://10.55.54.4:47016 FOR RECEIVE PORT -- ptr to socket(0x2049be0) HWM(5000) 
PS Rank(1) Send HB to SEND PORT ptr -- socket(0x1f6dbf0) 
PS Rank(0) Send HB to SEND PORT ptr -- socket(0x2049bf0) 
PS -- wait for 1th worker RECV out of  2  pport(0x2b75c30)
[PS @@@@@] finish worker recv port confirm 
Coordinator -- wait for 0th worker SENDPORT out of  2  pport(0x2b75c10)
PS Rank(0) Send HB to RECV PORT ptr -- socket(0x2049be0) 
PS [Rank 1] got confirm for RECV PORT 
PS [Rank 0] got confirm for RECV PORT 
PS Rank(1) Send HB to RECV PORT ptr -- socket(0x1f6dbe0) 
Coordinator -- wait for 1th worker SENDPORT out of  2  pport(0x2b75c00)
[PS @@@@@] finish worker send port confirm 
@@@@@@@@@@@@@@@@@@@@@@@@@@@@@@@@@@@ PSPS finish create star  ethernet by rank (2)  with server rank 2
PS [Rank 0] got confirm for SEND PORT 
@@@@@@@@@@@@@@@@@@@@@@@@@@@@@@@@@@@ PSPS finish create star  ethernet by rank (0)  with server rank 2
PS [Rank 1] got confirm for SEND PORT 
@@@@@@@@@@@@@@@@@@@@@@@@@@@@@@@@@@@ PSPS finish create star  ethernet by rank (1)  with server rank 2
I0303 15:03:06.996148 111016 strads_init.cpp:129]  EXIT : in stards_init function MPI RANK :  2
EXIT strads init (2) role(2) 
I0303 15:03:06.996212 111016 ldall.cpp:22]  in main function MPI rank :  2mach_role: 2
STRADS SCHEDULER rank 2 
I0303 15:03:06.996148 111015 strads_init.cpp:129]  EXIT : in stards_init function MPI RANK :  1
EXIT strads init (1) role(0) 
I0303 15:03:06.996214 111015 ldall.cpp:22]  in main function MPI rank :  1mach_role: 0
[worker(1)] boot up out of 2 workers 
I0303 15:03:06.996182 111017 strads_init.cpp:129]  EXIT : in stards_init function MPI RANK :  3
EXIT strads init (3) role(1) 
I0303 15:03:06.996296 111017 ldall.cpp:22]  in main function MPI rank :  3mach_role: 1
[coordinator] rank 3 mworkers: 2 
I0303 15:03:06.996148 111014 strads_init.cpp:129]  EXIT : in stards_init function MPI RANK :  0
EXIT strads init (0) role(0) 
I0303 15:03:06.996214 111014 ldall.cpp:22]  in main function MPI rank :  0mach_role: 0
[worker(0)] boot up out of 2 workers 
I0303 15:05:29.414769 111014 trainer.cpp:207] fname: /scratch/pengb/data/petuum-2//enwiki-1M.id.txt.ylda.0
I0303 15:05:29.414878 111014 trainer.cpp:208] num doc (train): 1887777
I0303 15:05:29.414943 111014 trainer.cpp:209] num doc (eval): 0
I0303 15:05:29.414979 111014 trainer.cpp:210] num word (total): 1000001
I0303 15:05:29.415009 111014 trainer.cpp:211] num token (total): 553957308
I0303 15:05:29.415032 111014 trainer.cpp:212] total workers (total): 2
I0303 15:05:29.415055 111014 trainer.cpp:213] ALPHA: 0.01
I0303 15:05:29.415184 111014 trainer.cpp:214] BETA: 0.01
I0303 15:05:29.415244 111014 trainer.cpp:215] --------------------------------------------------------------
[worker(0)] finish loading data 
	[coordinator] worker(0) tokencnt: 553957308  docnt: 1887777  wordmax: 1000001
I0303 15:05:30.424278 111015 trainer.cpp:207] fname: /scratch/pengb/data/petuum-2//enwiki-1M.id.txt.ylda.1
I0303 15:05:30.424391 111015 trainer.cpp:208] num doc (train): 1887777
I0303 15:05:30.424458 111015 trainer.cpp:209] num doc (eval): 0
I0303 15:05:30.424491 111015 trainer.cpp:210] num word (total): 1000001
I0303 15:05:30.424520 111015 trainer.cpp:211] num token (total): 553946363
I0303 15:05:30.424545 111015 trainer.cpp:212] total workers (total): 2
I0303 15:05:30.424567 111015 trainer.cpp:213] ALPHA: 0.01
I0303 15:05:30.424752 111015 trainer.cpp:214] BETA: 0.01
I0303 15:05:30.424818 111015 trainer.cpp:215] --------------------------------------------------------------
[worker(1)] finish loading data 
	[coordinator] worker(1) tokencnt: 553946363  docnt: 1887777  wordmax: 1000001
[coordinator] Aggregated : tokencnt: 1107903671  docnt: 3775554  wordmax: 1000001
	[worker(1)] got wordmax: 1000001
	[worker(0)] got wordmax: 1000001
I0303 15:05:30.598531 111017 ll-coordinator.cpp:185] [coordinator] start initialization ...
[coordinator] Make Bucket Information Packet
	 Bucket 0 size 500001
	 Bucket 1 size 500000
[coordinator] Make Bucket Information Packet done 
[coordinator] Bucket Information Packet Size : 2983507 scatter over machine via control
 Received : bucket(0) has entries 500001
 Received : bucket(1) has entries 500000
Parts : 2
 Received : bucket(0) has entries 500001
 Received : bucket(0) has entries wid(0) 513725
Parts : 2
 Received : bucket(0) has entries 500001
 Received : bucket(0) has entries wid(0) 513725
 Received : bucket(1) has entries 500000
 Received : bucket(1) has entries wid(0) 76985
 Received : bucket(1) has entries 500000
 Received : bucket(1) has entries wid(0) 76985
[worker (0)] finish random topic assignment to all tokesn in doc in a worker
[worker 0] max word size (dictionary size): 500001 in documents in my partition 
[worker (1)] finish random topic assignment to all tokesn in doc in a worker
[worker 1] max word size (dictionary size): 500000 in documents in my partition 
		 progress: worker(0) got (10000) message I generated 
		 progress: worker(0) got (20000) message I generated 
		 progress: worker(0) got (30000) message I generated 
		 progress: worker(0) got (40000) message I generated 
		 progress: worker(0) got (50000) message I generated 
		 progress: worker(0) got (60000) message I generated 
		 progress: worker(0) got (70000) message I generated 
		 progress: worker(0) got (80000) message I generated 
		 progress: worker(0) got (90000) message I generated 
		 progress: worker(0) got (100000) message I generated 
		 progress: worker(0) got (110000) message I generated 
		 progress: worker(0) got (120000) message I generated 
		 progress: worker(0) got (130000) message I generated 
		 progress: worker(0) got (140000) message I generated 
		 progress: worker(0) got (150000) message I generated 
		 progress: worker(0) got (160000) message I generated 
		 progress: worker(0) got (170000) message I generated 
		 progress: worker(0) got (180000) message I generated 
		 progress: worker(0) got (190000) message I generated 
		 progress: worker(0) got (200000) message I generated 
		 progress: worker(0) got (210000) message I generated 
		 progress: worker(0) got (220000) message I generated 
		 progress: worker(0) got (230000) message I generated 
		 progress: worker(0) got (240000) message I generated 
		 progress: worker(0) got (250000) message I generated 
		 progress: worker(0) got (260000) message I generated 
		 progress: worker(0) got (270000) message I generated 
		 progress: worker(0) got (280000) message I generated 
		 progress: worker(0) got (290000) message I generated 
		 progress: worker(1) got (10000) message I generated 
		 progress: worker(0) got (300000) message I generated 
		 progress: worker(1) got (20000) message I generated 
		 progress: worker(0) got (310000) message I generated 
		 progress: worker(1) got (30000) message I generated 
		 progress: worker(0) got (320000) message I generated 
		 progress: worker(1) got (40000) message I generated 
		 progress: worker(0) got (330000) message I generated 
		 progress: worker(1) got (50000) message I generated 
		 progress: worker(0) got (340000) message I generated 
		 progress: worker(1) got (60000) message I generated 
		 progress: worker(0) got (350000) message I generated 
		 progress: worker(1) got (70000) message I generated 
		 progress: worker(0) got (360000) message I generated 
		 progress: worker(1) got (80000) message I generated 
		 progress: worker(0) got (370000) message I generated 
		 progress: worker(1) got (90000) message I generated 
		 progress: worker(0) got (380000) message I generated 
		 progress: worker(1) got (100000) message I generated 
		 progress: worker(0) got (390000) message I generated 
		 progress: worker(1) got (110000) message I generated 
		 progress: worker(0) got (400000) message I generated 
		 progress: worker(1) got (120000) message I generated 
		 progress: worker(0) got (410000) message I generated 
		 progress: worker(1) got (130000) message I generated 
		 progress: worker(0) got (420000) message I generated 
		 progress: worker(1) got (140000) message I generated 
		 progress: worker(0) got (430000) message I generated 
		 progress: worker(1) got (150000) message I generated 
		 progress: worker(0) got (440000) message I generated 
		 progress: worker(1) got (160000) message I generated 
		 progress: worker(0) got (450000) message I generated 
		 progress: worker(1) got (170000) message I generated 
		 progress: worker(0) got (460000) message I generated 
		 progress: worker(1) got (180000) message I generated 
		 progress: worker(0) got (470000) message I generated 
		 progress: worker(1) got (190000) message I generated 
		 progress: worker(0) got (480000) message I generated 
		 progress: worker(1) got (200000) message I generated 
		 progress: worker(0) got (490000) message I generated 
		 progress: worker(1) got (210000) message I generated 
		 progress: worker(0) got (500000) message I generated 
[coordinator] get confirm from 0 , type 100 
		 progress: worker(1) got (220000) message I generated 
		 progress: worker(1) got (230000) message I generated 
		 progress: worker(1) got (240000) message I generated 
		 progress: worker(1) got (250000) message I generated 
		 progress: worker(1) got (260000) message I generated 
		 progress: worker(1) got (270000) message I generated 
		 progress: worker(1) got (280000) message I generated 
		 progress: worker(1) got (290000) message I generated 
		 progress: worker(1) got (300000) message I generated 
		 progress: worker(1) got (310000) message I generated 
		 progress: worker(1) got (320000) message I generated 
		 progress: worker(1) got (330000) message I generated 
		 progress: worker(1) got (340000) message I generated 
		 progress: worker(1) got (350000) message I generated 
		 progress: worker(1) got (360000) message I generated 
		 progress: worker(1) got (370000) message I generated 
		 progress: worker(1) got (380000) message I generated 
		 progress: worker(1) got (390000) message I generated 
		 progress: worker(1) got (400000) message I generated 
		 progress: worker(1) got (410000) message I generated 
		 progress: worker(1) got (420000) message I generated 
		 progress: worker(1) got (430000) message I generated 
		 progress: worker(1) got (440000) message I generated 
		 progress: worker(1) got (450000) message I generated 
		 progress: worker(1) got (460000) message I generated 
		 progress: worker(1) got (470000) message I generated 
		 progress: worker(1) got (480000) message I generated 
		 progress: worker(1) got (490000) message I generated 
		 progress: worker(1) got (500000) message I generated 
[coordinator] get confirm from 1 , type 100 
[coordinator] Got signal from  all workers -- FINISH the first table CIRCULATION building
[coordinator] log file ./learntopics.INFO_k10000_2w_thrd120.log 
Rank(0) finish circulation
I0303 15:52:59.557356 111017 ll-coordinator.cpp:262] [coordinator] start iteration
Rank(1) finish circulation
[worker 1] (after random init, some words are not assigned topic at all) 1 empty slots  
[worker 1] total topic from summary : 553946363  for my own partition
[worker 0] (after random init, some words are not assigned topic at all) 0 empty slots  
[worker 0] total topic from summary : 553957308  for my own partition
[coordinator] get partitioned summary 0 , type 500 
[coordinator] localsum topic : 553957308 for worker 0
[coordinator] get partitioned summary 1 , type 500 
[coordinator] localsum topic : 553946363 for worker 1
[coordinator] topics total sum from summary 1107903671 
[coordinator] total topic from summary : 1107903671 
[worker 0] topics total sum from summary_ in trainers 1107903671 (should be equal to total token size) 
[worker 1] topics total sum from summary_ in trainers 1107903671 (should be equal to total token size) 
[worker 0] childs trigger 500001 commands for my all words (424.726800)sec 
[worker 1] childs trigger 500000 commands for my all words (453.807719)sec 
		[worker 1]COGRAGT done (500000) message stat send( 1711486.265625 KB) recv( 1747014.937500 KB) procedjob(979189) wtnzcnt(94220185)
		[worker 0]COGRAGT done (500001) message stat send( 1747014.937500 KB) recv( 1744163.164062 KB) procedjob(1000001) wtnzcnt(94727441)
[coordinator] get confirm from 0 , type 100 
[coordinator] get confirm from 1 , type 100 
[coordinator]  Got signal from  all workers 
		[worker 0] @@@ STAT (500001) send( 1747014.937500 KB) recv( 1744163.164062 KB) procedjob(1000001) wtnzcnt(94727441)
		[worker 0] my local compute time: min 454(s), max 769(s)
		[worker 1] @@@ STAT (500000) send( 1744163.164062 KB) recv( 1747014.937500 KB) procedjob(1000001) wtnzcnt(94220185)
		[worker 1] my local compute time: min 509(s), max 753(s)
		[worker 0] my local summary_ sum : 553957308 .. partitioned one (not equal to tokens)
[coordinator] get partitioned summary 0 , type 500 
[coordinator] localsum topic : 553957308 for worker 0
		[worker 1] my local summary_ sum : 553946363 .. partitioned one (not equal to tokens)
[coordinator] get partitioned summary 1 , type 500 
[coordinator] localsum topic : 553946363 for worker 1
[coordinator] topics total sum from summary 1107903671 
[worker 3] total topic from summary : 1107903671 
[worker 1] topics total sum from summary 0 
[worker 0] topics total sum from summary 0 
[worker 1] topics total sum from summary_ in trainers 1107903671 (should be equal to toal tokens) 
[worker 0] topics total sum from summary_ in trainers 1107903671 (should be equal to toal tokens) 
[worker 0]docll(-4.384994e+09) moll1(-1.210576e+10) moll2(8.436073e+08) nzwtg(4.356970e+08) local per iter(984.697446) (993.777581) (1072.211741) (1072.211867)
[worker 0] word topic save file from mach :  ./tmplog/1.0 
[coordinator] get information for LL calc from worker  0 , type 600 
[worker 1]docll(-4.385377e+09) moll1(-1.210576e+10) moll2(9.091567e+08) nzwtg(4.333638e+08) local per iter(984.696305) (993.776297) (1074.024834) (1074.024970)
[worker 1] word topic save file from mach :  ./tmplog/1.1 
[coordinator] get information for LL calc from worker  1 , type 600 
[coordinator] Log Likelihood: doc -8.770371e+09 + word : -1.122205e+10 = -1.999243e+10  


@@@ iteration: 0  loglikelihood -1.999243e+10   per iter: 984.711655 (993.791015)(1074.043045) elapsed 984.711655(993.791015)(1074.043045)sendbytes(7770825.398438 KB) recbytes (1744163.164062 KB)


@@@ iteration: 0  loglikelihood -1.999243e+10   per iter: 1074.043045 elapsed 1074.043045
I0303 16:10:53.645896 111017 ll-coordinator.cpp:336] iteration0  loglikelihood -1.99924e+10  time 1074.04  elapsed time 1074.04
[worker 0] childs trigger 500001 commands for my all words (355.733383)sec 
[worker 1] childs trigger 500000 commands for my all words (359.144908)sec 
		[worker 1]COGRAGT done (500000) message stat send( 1192342.734375 KB) recv( 1213440.250000 KB) procedjob(984094) wtnzcnt(70451746)
		[worker 0]COGRAGT done (500001) message stat send( 1213440.250000 KB) recv( 1212259.828125 KB) procedjob(1000001) wtnzcnt(70600062)
[coordinator] get confirm from 0 , type 100 
[coordinator] get confirm from 1 , type 100 
[coordinator]  Got signal from  all workers 
		[worker 1] @@@ STAT (500000) send( 1212259.828125 KB) recv( 1213440.250000 KB) procedjob(1000001) wtnzcnt(70451746)
		[worker 1] my local compute time: min 374(s), max 682(s)
		[worker 0] @@@ STAT (500001) send( 1213440.250000 KB) recv( 1212259.828125 KB) procedjob(1000001) wtnzcnt(70600062)
		[worker 0] my local compute time: min 381(s), max 661(s)
		[worker 0] my local summary_ sum : 553957308 .. partitioned one (not equal to tokens)
[coordinator] get partitioned summary 0 , type 500 
[coordinator] localsum topic : 553957308 for worker 0
		[worker 1] my local summary_ sum : 553946363 .. partitioned one (not equal to tokens)
[coordinator] get partitioned summary 1 , type 500 
[coordinator] localsum topic : 553946363 for worker 1
[coordinator] topics total sum from summary 1107903671 
[worker 3] total topic from summary : 1107903671 
[worker 0] topics total sum from summary 0 
[worker 1] topics total sum from summary 0 
[worker 1] topics total sum from summary_ in trainers 1107903671 (should be equal to toal tokens) 
[worker 0] topics total sum from summary_ in trainers 1107903671 (should be equal to toal tokens) 
[worker 0]docll(-3.982553e+09) moll1(-1.210638e+10) moll2(9.917469e+08) nzwtg(3.247236e+08) local per iter(881.332367) (890.180260) (954.500804) (954.500928)
[coordinator] get information for LL calc from worker  0 , type 600 
[worker 1]docll(-3.983867e+09) moll1(-1.210638e+10) moll2(1.054227e+09) nzwtg(3.240414e+08) local per iter(877.229862) (886.077620) (952.983315) (952.983427)
[coordinator] get information for LL calc from worker  1 , type 600 
[coordinator] Log Likelihood: doc -7.966420e+09 + word : -1.070917e+10 = -1.867560e+10  


@@@ iteration: 1  loglikelihood -1.867560e+10   per iter: 950.896889 (959.743965)(1026.658982) elapsed 1935.608544(1953.534980)(2100.702027)sendbytes(23934210.789062 KB) recbytes (1212259.828125 KB)


@@@ iteration: 1  loglikelihood -1.867560e+10   per iter: 1026.658982 elapsed 2100.702027
I0303 16:28:00.305277 111017 ll-coordinator.cpp:336] iteration1  loglikelihood -1.86756e+10  time 1026.66  elapsed time 2100.7
[worker 0] childs trigger 500001 commands for my all words (327.647679)sec 
[worker 1] childs trigger 500000 commands for my all words (354.961996)sec 
