### datafile /scratch/pengb/data/petuum-2//enwiki-1M.id.txt.ylda
### topic 10000 beta(0.010000) alpha(0.010000) eval(0) workers(2) threads per worker(120)
### iteration, docll, moll,  docll+moll, time per iter, total elapsed time
0  -8.767906e+09  -1.122137e+10  -1.998928e+10  807.980174 807.980174 
1  -7.964054e+09  -1.070899e+10  -1.867304e+10  788.045373 1596.025547 
2  -7.504903e+09  -1.029966e+10  -1.780456e+10  683.047226 2279.072773 
3  -7.096689e+09  -9.869980e+09  -1.696667e+10  663.082195 2942.154968 
4  -6.643082e+09  -9.369106e+09  -1.601219e+10  639.144857 3581.299825 
5  -6.174592e+09  -8.842640e+09  -1.501723e+10  599.996159 4181.295984 
6  -5.788538e+09  -8.377591e+09  -1.416613e+10  583.273385 4764.569369 
7  -5.527818e+09  -8.010038e+09  -1.353786e+10  567.724997 5332.294366 
8  -5.368674e+09  -7.725467e+09  -1.309414e+10  535.246188 5867.540554 
9  -5.272909e+09  -7.499131e+09  -1.277204e+10  526.692850 6394.233404 
10  -5.214249e+09  -7.313505e+09  -1.252775e+10  516.843337 6911.076741 
11  -5.176761e+09  -7.156864e+09  -1.233362e+10  483.476853 7394.553594 
12  -5.152828e+09  -7.022328e+09  -1.217516e+10  466.650735 7861.204329 
13  -5.137077e+09  -6.905068e+09  -1.204214e+10  463.471206 8324.675535 
14  -5.126843e+09  -6.801790e+09  -1.192863e+10  445.885546 8770.561081 
15  -5.120228e+09  -6.710029e+09  -1.183026e+10  443.776218 9214.337299 
16  -5.115943e+09  -6.627758e+09  -1.174370e+10  432.722644 9647.059943 
17  -5.113482e+09  -6.553388e+09  -1.166687e+10  429.304195 10076.364138 
18  -5.112342e+09  -6.485977e+09  -1.159832e+10  429.084587 10505.448725 
19  -5.111564e+09  -6.424757e+09  -1.153632e+10  427.115100 10932.563825 
20  -5.111526e+09  -6.368989e+09  -1.148052e+10  432.732698 11365.296523 
21  -5.112330e+09  -6.317962e+09  -1.143029e+10  419.119087 11784.415610 
22  -5.112794e+09  -6.270980e+09  -1.138377e+10  419.850010 12204.265620 
23  -5.113301e+09  -6.227917e+09  -1.134122e+10  417.471675 12621.737295 
24  -5.114320e+09  -6.188160e+09  -1.130248e+10  414.691136 13036.428431 
25  -5.114803e+09  -6.151465e+09  -1.126627e+10  431.345327 13467.773758 
26  -5.115309e+09  -6.117301e+09  -1.123261e+10  414.759789 13882.533547 
27  -5.116486e+09  -6.085391e+09  -1.120188e+10  412.756216 14295.289763 
28  -5.117142e+09  -6.055776e+09  -1.117292e+10  412.996536 14708.286299 
29  -5.117784e+09  -6.028028e+09  -1.114581e+10  408.241603 15116.527902 
30  -5.118199e+09  -6.002235e+09  -1.112043e+10  418.941591 15535.469493 
31  -5.118772e+09  -5.977791e+09  -1.109656e+10  410.580024 15946.049517 
32  -5.119210e+09  -5.955032e+09  -1.107424e+10  408.357866 16354.407383 
33  -5.119421e+09  -5.933601e+09  -1.105302e+10  411.085584 16765.492967 
34  -5.119682e+09  -5.913404e+09  -1.103309e+10  407.774891 17173.267858 
35  -5.119930e+09  -5.894255e+09  -1.101418e+10  406.127278 17579.395136 
36  -5.120192e+09  -5.876276e+09  -1.099647e+10  411.580340 17990.975476 
37  -5.120265e+09  -5.859354e+09  -1.097962e+10  405.946650 18396.922126 
38  -5.120274e+09  -5.843269e+09  -1.096354e+10  403.071965 18799.994091 
39  -5.119989e+09  -5.828216e+09  -1.094821e+10  406.434011 19206.428102 
40  -5.119781e+09  -5.813711e+09  -1.093349e+10  415.340401 19621.768503 
41  -5.119512e+09  -5.800151e+09  -1.091966e+10  407.985507 20029.754010 
42  -5.119380e+09  -5.787190e+09  -1.090657e+10  405.794090 20435.548100 
43  -5.119252e+09  -5.774792e+09  -1.089404e+10  406.799398 20842.347498 
44  -5.119035e+09  -5.762993e+09  -1.088203e+10  404.688006 21247.035504 
45  -5.118870e+09  -5.751846e+09  -1.087072e+10  410.687702 21657.723206 
46  -5.118226e+09  -5.741292e+09  -1.085952e+10  402.614834 22060.338040 
47  -5.117307e+09  -5.731301e+09  -1.084861e+10  405.166811 22465.504851 
48  -5.116831e+09  -5.721792e+09  -1.083862e+10  405.869674 22871.374525 
49  -5.116680e+09  -5.712470e+09  -1.082915e+10  402.881841 23274.256366 
50  -5.115933e+09  -5.703806e+09  -1.081974e+10  411.402838 23685.659204 
51  -5.115023e+09  -5.695481e+09  -1.081050e+10  400.288218 24085.947422 
52  -5.114718e+09  -5.687402e+09  -1.080212e+10  406.950230 24492.897652 
53  -5.114049e+09  -5.679606e+09  -1.079365e+10  406.584959 24899.482611 
54  -5.113350e+09  -5.672394e+09  -1.078574e+10  401.199387 25300.681998 
55  -5.112816e+09  -5.665189e+09  -1.077801e+10  411.448982 25712.130980 
56  -5.111781e+09  -5.658572e+09  -1.077035e+10  401.122839 26113.253819 
57  -5.111032e+09  -5.652154e+09  -1.076319e+10  405.886412 26519.140231 
58  -5.109847e+09  -5.646108e+09  -1.075596e+10  401.586176 26920.726407 
59  -5.109314e+09  -5.640136e+09  -1.074945e+10  399.615656 27320.342063 
60  -5.108652e+09  -5.634341e+09  -1.074299e+10  407.929453 27728.271516 
61  -5.107767e+09  -5.628976e+09  -1.073674e+10  402.327513 28130.599029 
62  -5.106897e+09  -5.623509e+09  -1.073041e+10  401.559902 28532.158931 
63  -5.106650e+09  -5.618221e+09  -1.072487e+10  401.163065 28933.321996 
64  -5.105721e+09  -5.613287e+09  -1.071901e+10  402.094922 29335.416918 
65  -5.104646e+09  -5.608617e+09  -1.071326e+10  402.236918 29737.653836 
66  -5.104062e+09  -5.604105e+09  -1.070817e+10  403.240554 30140.894390 
67  -5.103098e+09  -5.599698e+09  -1.070280e+10  399.708204 30540.602594 
68  -5.102515e+09  -5.595267e+09  -1.069778e+10  400.419546 30941.022140 
69  -5.101957e+09  -5.591104e+09  -1.069306e+10  405.916308 31346.938448 
70  -5.100856e+09  -5.587202e+09  -1.068806e+10  413.761267 31760.699715 
71  -5.100355e+09  -5.583298e+09  -1.068365e+10  401.645728 32162.345443 
72  -5.098883e+09  -5.579816e+09  -1.067870e+10  401.625071 32563.970514 
73  -5.098010e+09  -5.576268e+09  -1.067428e+10  399.130041 32963.100555 
74  -5.097387e+09  -5.572801e+09  -1.067019e+10  402.463799 33365.564354 
75  -5.096442e+09  -5.569614e+09  -1.066606e+10  398.636201 33764.200555 
76  -5.095914e+09  -5.566238e+09  -1.066215e+10  398.598503 34162.799058 
77  -5.094797e+09  -5.563222e+09  -1.065802e+10  397.961248 34560.760306 
78  -5.093976e+09  -5.560317e+09  -1.065429e+10  405.377606 34966.137912 
79  -5.092979e+09  -5.557501e+09  -1.065048e+10  402.532377 35368.670289 
80  -5.092099e+09  -5.554753e+09  -1.064685e+10  410.325604 35778.995893 
81  -5.091418e+09  -5.551844e+09  -1.064326e+10  415.495700 36194.491593 
82  -5.090668e+09  -5.549016e+09  -1.063968e+10  400.225880 36594.717473 
83  -5.089998e+09  -5.546353e+09  -1.063635e+10  402.316264 36997.033737 
84  -5.088975e+09  -5.544104e+09  -1.063308e+10  398.361900 37395.395637 
85  -5.088093e+09  -5.541681e+09  -1.062977e+10  400.818379 37796.214016 
86  -5.087271e+09  -5.539554e+09  -1.062683e+10  397.867417 38194.081433 
87  -5.086352e+09  -5.537260e+09  -1.062361e+10  401.644849 38595.726282 
88  -5.085463e+09  -5.535190e+09  -1.062065e+10  399.754966 38995.481248 
89  -5.084729e+09  -5.532944e+09  -1.061767e+10  404.328259 39399.809507 
90  -5.083840e+09  -5.530934e+09  -1.061477e+10  406.880652 39806.690159 
91  -5.082504e+09  -5.529209e+09  -1.061171e+10  402.643033 40209.333192 
92  -5.081508e+09  -5.527515e+09  -1.060902e+10  402.695830 40612.029022 
93  -5.081285e+09  -5.525396e+09  -1.060668e+10  402.716500 41014.745522 
94  -5.080234e+09  -5.523489e+09  -1.060372e+10  403.679609 41418.425131 
95  -5.079668e+09  -5.521600e+09  -1.060127e+10  401.213829 41819.638960 
96  -5.078904e+09  -5.519794e+09  -1.059870e+10  405.312872 42224.951832 
97  -5.077867e+09  -5.518159e+09  -1.059603e+10  400.600377 42625.552209 
98  -5.077308e+09  -5.516502e+09  -1.059381e+10  407.109602 43032.661811 
99  -5.076556e+09  -5.514945e+09  -1.059150e+10  403.166509 43435.828320 
100  -5.075523e+09  -5.513606e+09  -1.058913e+10  408.513955 43844.342275 
101  -5.075087e+09  -5.511871e+09  -1.058696e+10  419.056156 44263.398431 
102  -5.074203e+09  -5.510353e+09  -1.058456e+10  402.043010 44665.441441 
103  -5.073402e+09  -5.509114e+09  -1.058252e+10  400.662127 45066.103568 
104  -5.072843e+09  -5.507607e+09  -1.058045e+10  400.592248 45466.695816 
105  -5.072090e+09  -5.506220e+09  -1.057831e+10  403.361446 45870.057262 
106  -5.070929e+09  -5.505093e+09  -1.057602e+10  405.527680 46275.584942 
107  -5.070175e+09  -5.503809e+09  -1.057398e+10  399.497877 46675.082819 
108  -5.069372e+09  -5.502730e+09  -1.057210e+10  402.473687 47077.556506 
109  -5.068612e+09  -5.501419e+09  -1.057003e+10  398.115490 47475.671996 
110  -5.067645e+09  -5.500368e+09  -1.056801e+10  406.067618 47881.739614 
111  -5.067168e+09  -5.499174e+09  -1.056634e+10  398.063350 48279.802964 
112  -5.066333e+09  -5.497951e+09  -1.056428e+10  397.736781 48677.539745 
113  -5.065877e+09  -5.496711e+09  -1.056259e+10  405.207723 49082.747468 
114  -5.064761e+09  -5.495881e+09  -1.056064e+10  396.253089 49479.000557 
115  -5.064044e+09  -5.494873e+09  -1.055892e+10  403.689971 49882.690528 
