--------------------------------------------------------------------------
WARNING: No preset parameters were found for the device that Open MPI
detected:

  Local host:            t-004
  Device name:           hfi1_0
  Device vendor ID:      0x1175
  Device vendor part ID: 9457

Default device parameters will be used, which may result in lower
performance.  You can edit any of the files specified by the
btl_openib_device_param_files MCA parameter to set values for your
device.

NOTE: You can turn off this warning by setting the MCA parameter
      btl_openib_warn_no_device_params_found to 0.
--------------------------------------------------------------------------
@@@@@@@@@@@@@@@@@@@@@@@@@@@ M MAX PEND : 500 init count  0 @@@@@@@@@@@@@2 
@@@@@@@@@@@@@@@@@@@@@@@@@@@ M MAX PEND : 500 init count  0 @@@@@@@@@@@@@2 
I0303 14:55:28.623924 110762 sysparam.hpp:71]  node file  : 
I0303 14:55:28.624444 110762 sysparam.hpp:72]  star file  : 
I0303 14:55:28.624471 110762 sysparam.hpp:73]  scheduling : 0
I0303 14:55:28.624495 110762 sysparam.hpp:74]  schedulers : 1
@@@@@@@@@@@@ My rank(1) role (2) [1:coord][0:worker][2:sched]
@@@@@@@@@@@@@@@@@@@@@@@@@@@ M MAX PEND : 500 init count  0 @@@@@@@@@@@@@2 
@@@@@@@@ FIND ROLE : Rank(0) schedmach(1) schedmach(1) coordinatemach (2)
@@@@@@@@@@@@ My rank(0) role (0) [1:coord][0:worker][2:sched]
[coordinator] nodes[0]->ip (10.55.54.4) id(0)  funcname(default-func) 
[coordinator] nodes[1]->ip (10.55.54.4) id(1)  funcname(default-func) 
[coordinator] nodes[2]->ip (10.55.54.4) id(2)  funcname(default-func) 
@@@@@@@@@@@@ My rank(2) role (1) [1:coord][0:worker][2:sched]
[coordinator] nodes[0]->ip (10.55.54.4) id(0)  funcname(default-func) 
[coordinator] nodes[1]->ip (10.55.54.4) id(1)  funcname(default-func) 
[coordinator] nodes[2]->ip (10.55.54.4) id(2)  funcname(default-func) 
[coordinator] nodes[0]->ip (10.55.54.4) id(0)  funcname(default-func) 
[coordinator] nodes[1]->ip (10.55.54.4) id(1)  funcname(default-func) 
[coordinator] nodes[2]->ip (10.55.54.4) id(2)  funcname(default-func) 
@@@@@@@@@@@@ My rank(2) role (1) [1:coord][0:worker][2:sched]
 Coordinator call fork agent 2 rank  
@@@@@@@@@@@@ My rank(1) role (2) [1:coord][0:worker][2:sched]
 Scheduler call fork agent 1 rank  
@@@@@@@@ FIND ROLE : Rank(0) schedmach(1) schedmach(1) coordinatemach (2)
@@@@@@@@@@@@ My rank(0) role (0) [1:coord][0:worker][2:sched]
 Worker call fork agent ... 0 rank  
I0303 14:55:28.628345 110762 worker.cpp:13] Worker CONSTRUCTOR : 0
I0303 14:55:28.628404 110764 coordinator.cpp:13] coordinator CONSTRUCTOR : 2
I0303 14:55:28.628509 110762 parse_netconf.cpp:40]   Machine ID(Rank): 0 -------------------------- 
I0303 14:55:28.628537 110762 parse_netconf.cpp:42]   IP Address: 10.55.54.4
I0303 14:55:28.628573 110762 parse_netconf.cpp:43]   Rank : 0
I0303 14:55:28.628597 110762 parse_netconf.cpp:40]   Machine ID(Rank): 1 -------------------------- 
I0303 14:55:28.628681 110762 parse_netconf.cpp:42]   IP Address: 10.55.54.4
I0303 14:55:28.628700 110762 parse_netconf.cpp:43]   Rank : 1
I0303 14:55:28.628718 110762 parse_netconf.cpp:40]   Machine ID(Rank): 2 -------------------------- 
I0303 14:55:28.628736 110762 parse_netconf.cpp:42]   IP Address: 10.55.54.4
I0303 14:55:28.628752 110762 parse_netconf.cpp:43]   Rank : 2
I0303 14:55:28.628404 110763 scheduler.cpp:11] Scheduler CONSTRUCTOR : 1
I0303 14:55:28.651723 110764 strads_init.cpp:86] Rank (2)'s IP found in node file 10.55.54.4
I0303 14:55:28.651723 110763 strads_init.cpp:86] Rank (1)'s IP found in node file 10.55.54.4
I0303 14:55:28.651723 110762 strads_init.cpp:86] Rank (0)'s IP found in node file 10.55.54.4
I0303 14:55:28.651888 110762 parse_netconf.cpp:105]   PS Machine ID(Rank): 0 -------------------------- 
I0303 14:55:28.651911 110762 parse_netconf.cpp:107] PS  IP Address: 10.55.54.4
I0303 14:55:28.651929 110762 parse_netconf.cpp:108] PS  Rank : 0
I0303 14:55:28.651945 110762 parse_netconf.cpp:105]   PS Machine ID(Rank): 1 -------------------------- 
I0303 14:55:28.651962 110762 parse_netconf.cpp:107] PS  IP Address: 10.55.54.4
I0303 14:55:28.651978 110762 parse_netconf.cpp:108] PS  Rank : 1
I0303 14:55:28.652055 110762 parse_netconf.cpp:140] @@ PS Link: 0 -------------------------- 
I0303 14:55:28.652076 110762 parse_netconf.cpp:142] PS src node: 0src port: 47010
I0303 14:55:28.652093 110762 parse_netconf.cpp:143] PS dst node: 1dst port: 38010
I0303 14:55:28.652110 110762 parse_netconf.cpp:140] @@ PS Link: 1 -------------------------- 
I0303 14:55:28.652127 110762 parse_netconf.cpp:142] PS src node: 1src port: 47011
I0303 14:55:28.652143 110762 parse_netconf.cpp:143] PS dst node: 0dst port: 38011
[*****] ps configuration files(node/link) are parsed
############################## rank(0) role(0) 
[*****] ps configuration files(node/link) are parsed
############################## rank(1) role(2) 
@@@@@@@@@@@@ My rank(1) role (2) [1:coord][0:worker][2:sched]
[*****] ps configuration files(node/link) are parsed
############################## rank(2) role(1) 
@@@@@@@@@@@@ My rank(2) role (1) [1:coord][0:worker][2:sched]
I0303 14:55:28.652283 110762 parse_netconf.cpp:76] @@ Link: 0 -------------------------- 
I0303 14:55:28.652308 110762 parse_netconf.cpp:78] src node: 2src port: 47000
I0303 14:55:28.652325 110762 parse_netconf.cpp:79] dst node: 0dst port: 38000
I0303 14:55:28.652343 110762 parse_netconf.cpp:76] @@ Link: 1 -------------------------- 
I0303 14:55:28.652360 110762 parse_netconf.cpp:78] src node: 2src port: 47001
I0303 14:55:28.652377 110762 parse_netconf.cpp:79] dst node: 1dst port: 38001
I0303 14:55:28.652421 110762 parse_netconf.cpp:76] @@ Link: 2 -------------------------- 
I0303 14:55:28.652439 110762 parse_netconf.cpp:78] src node: 0src port: 47002
I0303 14:55:28.652456 110762 parse_netconf.cpp:79] dst node: 2dst port: 38002
I0303 14:55:28.652474 110762 parse_netconf.cpp:76] @@ Link: 3 -------------------------- 
I0303 14:55:28.652493 110762 parse_netconf.cpp:78] src node: 1src port: 47003
I0303 14:55:28.652509 110762 parse_netconf.cpp:79] dst node: 2dst port: 38003
@@@@@@@@ FIND ROLE : Rank(0) schedmach(1) schedmach(1) coordinatemach (2)
@@@@@@@@@@@@ My rank(0) role (0) [1:coord][0:worker][2:sched]
Coordinator rank 2 open a porttcp://*:47000 FOR SEND PORT -- ptr to zmqsocket(0x13b9590) RCVHWM(1000) SNDHWM(5000)
Coordinator rank 2 open a porttcp://*:47001 FOR SEND PORT -- ptr to zmqsocket(0x13b9570) RCVHWM(1000) SNDHWM(5000)
@@@@@@@ Coordinator rank 2 open a porttcp://*:38002 FOR RECEIVE PORT -- ptr to zmqsocket(0x13b9c60) HWM(5000)
@@@@@@@ Coordinator rank 2 open a porttcp://*:38003 FOR RECEIVE PORT -- ptr to zmqsocket(0x13b9c70) HWM(5000)
[Coordinator] Open ports and start hands shaking worker_recvportsize(1) worker_sendportsize(1)
Coordinator -- wait for 0th worker RECV out of  1  pport(0x13b9c60)
RANK rank 0 CONNECT a port  tcp://10.55.54.4:47000 FOR RECEIVE PORT -- ptr to socket(0x20c7590) HWM(5000) 
RANK rank 1 CONNECT a port  tcp://10.55.54.4:47001 FOR RECEIVE PORT -- ptr to socket(0x2e61590) HWM(5000) 
Rank(0) Send HB to SEND PORT ptr -- socket(0x20c7570) 
Rank(1) Send HB to SEND PORT ptr -- socket(0x2e61570) 
Rank 0 CONNECT a porttcp://10.55.54.4:38002 FOR SEND PORT -- ptr to socket(0x20c7570) 
Rank 1 CONNECT a porttcp://10.55.54.4:38003 FOR SEND PORT -- ptr to socket(0x2e61570) 
[Coordinator @@@@@] finish worker recv port confirm 
Coordinator -- wait for 0th worker SENDPORT out of  1  pport(0x13b9590)
[Rank 0] got confirm for RECV PORT 
Rank(0) Send HB to RECV PORT ptr -- socket(0x20c7590) 
[Coordinator @@@@@] finish worker send port confirm 
Coordinator -- wait for 0th scheduler RECVPORT out of  1  pport(0x13b9c70)
[Coordinator @@@@@] finish scheduler recv port confirm 
Coordinator -- wait for 0th scheduler SENDPORT out of  1  pport(0x13b9570)
[Rank 0] got confirm for SEND PORT 
Rank(1) Send HB to RECV PORT ptr -- socket(0x2e61590) 
@@@@@@@@@@@@@@@@@@@@@@@@@@@@@@@@@@@@@@@@@@@@@@@@ finish create starring ethernet by rank (0)
[Rank 1] got confirm for RECV PORT 
[Coordinator @@@@@] finish scheduler send port confirm 
@@@@@@@@@@@@@@@@@@@@@@@@@@@@@@@@@@@@@@@@@@@@@@@@ finish create starring ethernet by rank (2)
[Rank 1] got confirm for SEND PORT 
@@@@@@@@@@@@@@@@@@@@@@@@@@@@@@@@@@@@@@@@@@@@@@@@ finish create starring ethernet by rank (1)
I0303 14:55:30.659062 110762 parse_netconf.cpp:76] @@ Link: 0 -------------------------- 
I0303 14:55:30.659160 110762 parse_netconf.cpp:78] src node: 1src port: 47004
I0303 14:55:30.659191 110762 parse_netconf.cpp:79] dst node: 2dst port: 38004
I0303 14:55:30.659217 110762 parse_netconf.cpp:76] @@ Link: 1 -------------------------- 
I0303 14:55:30.659241 110762 parse_netconf.cpp:78] src node: 2src port: 47005



[ Ring worker ring ] start
@@@@@@@@@@@@ My rank(2) role (1) [1:coord][0:worker][2:sched]



[ Ring worker ring ] start
@@@@@@@@@@@@ My rank(1) role (2) [1:coord][0:worker][2:sched]
Rank 2 CONNECT a porttcp://10.55.54.4:38006 FOR SEND PORT -- ptr to socket(0x13b9c50) 
@@@@@@@ Coordinator rank 2 open a porttcp://*:38007 FOR RECEIVE PORT -- ptr to zmqsocket(0x13b9c40) HWM(5000)
I0303 14:55:30.659266 110762 parse_netconf.cpp:79] dst node: 1dst port: 38005
I0303 14:55:30.659291 110762 parse_netconf.cpp:76] @@ Link: 2 -------------------------- 
I0303 14:55:30.659314 110762 parse_netconf.cpp:78] src node: 2src port: 47006
I0303 14:55:30.659338 110762 parse_netconf.cpp:79] dst node: 0dst port: 38006
I0303 14:55:30.659363 110762 parse_netconf.cpp:76] @@ Link: 3 -------------------------- 
I0303 14:55:30.659387 110762 parse_netconf.cpp:78] src node: 0src port: 47007
I0303 14:55:30.659415 110762 parse_netconf.cpp:79] dst node: 2dst port: 38007
I0303 14:55:30.659440 110762 parse_netconf.cpp:76] @@ Link: 4 -------------------------- 
I0303 14:55:30.659463 110762 parse_netconf.cpp:78] src node: 0src port: 47008
I0303 14:55:30.659536 110762 parse_netconf.cpp:79] dst node: 2dst port: 38008
I0303 14:55:30.659569 110762 parse_netconf.cpp:76] @@ Link: 5 -------------------------- 
I0303 14:55:30.659593 110762 parse_netconf.cpp:78] src node: 2src port: 47009
I0303 14:55:30.659659 110762 parse_netconf.cpp:79] dst node: 0dst port: 38009



[ Ring worker ring ] start
@@@@@@@@ FIND ROLE : Rank(0) schedmach(1) schedmach(1) coordinatemach (2)
@@@@@@@@@@@@ My rank(0) role (0) [1:coord][0:worker][2:sched]
@@@@@@@ Coordinator rank 2 open a porttcp://*:38008 FOR RECEIVE PORT -- ptr to zmqsocket(0x13b9c30) HWM(5000)
Rank 2 CONNECT a porttcp://10.55.54.4:38009 FOR SEND PORT -- ptr to socket(0x13b9c20) 
ctx->rank 2 breaks rules :  pshctx->ring_sendportmap.size() : 1 
ldall: /N/u/pengb/hpda/petuum/strads/src/strads/netdriver/zmq/zmq-common.cpp:1138: void create_ringworker_ethernet_aux(sharedctx*, zmq::context_t&, int, std::string&): Assertion `pshctx->ring_sendportmap.size() == 2' failed.
*** Aborted at 1488570930 (unix time) try "date -d @1488570930" if you are using GNU date ***
PC: @     0x7fa63e8c45f7 __GI_raise
*** SIGABRT (@0x44d0001b0ac) received by PID 110764 (TID 0x7fa64154e780) from PID 110764; stack trace: ***
    @     0x7fa63ec5f100 (unknown)
    @     0x7fa63e8c45f7 __GI_raise
    @     0x7fa63e8c5ce8 __GI_abort
    @     0x7fa63e8bd566 __assert_fail_base
    @     0x7fa63e8bd612 __GI___assert_fail
    @           0x439eb2 create_ringworker_ethernet_aux()
    @           0x4302f1 strads_init()
    @           0x40d940 main
    @     0x7fa63e8b0b15 __libc_start_main
    @           0x40e8bd (unknown)
*** Aborted at 1488570931 (unix time) try "date -d @1488570931" if you are using GNU date ***
PC: @     0x7f67cc862c66 mca_pml_ob1_progress
*** SIGTERM (@0x44d0001b09e) received by PID 110763 (TID 0x7f67d4b1f780) from PID 110750; stack trace: ***
    @     0x7f67d2230100 (unknown)
    @     0x7f67cc862c66 mca_pml_ob1_progress
    @     0x7f67d31ac0ea opal_progress
    @     0x7f67d372a425 ompi_request_default_wait_all
    @     0x7f67cb9beb08 ompi_coll_tuned_barrier_intra_bruck
    @     0x7f67d37414e6 PMPI_Barrier
    @           0x439ba0 create_ringworker_ethernet_aux()
    @           0x4302f1 strads_init()
    @           0x40d940 main
    @     0x7f67d1e81b15 __libc_start_main
    @           0x40e8bd (unknown)
*** Aborted at 1488570931 (unix time) try "date -d @1488570931" if you are using GNU date ***
PC: @     0x7f72c3f3e42d __GI_nanosleep
*** SIGTERM (@0x44d0001b09e) received by PID 110762 (TID 0x7f72c6b40780) from PID 110750; stack trace: ***
    @     0x7f72c4251100 (unknown)
    @     0x7f72c3f3e42d __GI_nanosleep
    @     0x7f72c3f3e2c4 __sleep
    @           0x438e10 create_ringworker_ethernet_aux()
    @           0x4302f1 strads_init()
    @           0x40d940 main
    @     0x7f72c3ea2b15 __libc_start_main
    @           0x40e8bd (unknown)
--------------------------------------------------------------------------
mpirun noticed that process rank 2 with PID 0 on node t-004 exited on signal 6 (Aborted).
--------------------------------------------------------------------------
[t-006:141061] 2 more processes have sent help message help-mpi-btl-openib.txt / no device params found
[t-006:141061] Set MCA parameter "orte_base_help_aggregate" to 0 to see all help / error messages
