2017-07-20 12:12:15,937 : INFO : running ../plot_ldascale1xn.py fig_basic_1xn
/N/u/pengb/anaconda2/lib/python2.7/site-packages/matplotlib/__init__.py:855: UserWarning: text.fontsize is deprecated and replaced with font.size; please use the latter.
  warnings.warn(self.msg_depr % (key, alt_key))
2017-07-20 12:12:15,938 : INFO : set large view
2017-07-20 12:12:16,501 : INFO : init_subplots as (3, 5), axarr shape=[[<matplotlib.axes._subplots.AxesSubplot object at 0x7fbb00aa5890>
  <matplotlib.axes._subplots.AxesSubplot object at 0x7fbb00b6b590>
  <matplotlib.axes._subplots.AxesSubplot object at 0x7fbb00ac0e50>
  <matplotlib.axes._subplots.AxesSubplot object at 0x7fbb04009290>
  <matplotlib.axes._subplots.AxesSubplot object at 0x7fbb00a97e90>]
 [<matplotlib.axes._subplots.AxesSubplot object at 0x7fbb00a08510>
  <matplotlib.axes._subplots.AxesSubplot object at 0x7fbb0098d250>
  <matplotlib.axes._subplots.AxesSubplot object at 0x7fbb0095a950>
  <matplotlib.axes._subplots.AxesSubplot object at 0x7fbb00869810>
  <matplotlib.axes._subplots.AxesSubplot object at 0x7fbb007ed450>]
 [<matplotlib.axes._subplots.AxesSubplot object at 0x7fbb007cfe10>
  <matplotlib.axes._subplots.AxesSubplot object at 0x7fbb00753b50>
  <matplotlib.axes._subplots.AxesSubplot object at 0x7fbb006bb790>
  <matplotlib.axes._subplots.AxesSubplot object at 0x7fbb0063c7d0>
  <matplotlib.axes._subplots.AxesSubplot object at 0x7fbb005c2410>]]
2017-07-20 12:12:16,501 : INFO : idx=0, dataset=nytimes
2017-07-20 12:12:16,501 : INFO : set_subplot curax = Axes(0.175,0.714706;0.133621x0.235294)
2017-07-20 12:12:16,503 : INFO : ====================
2017-07-20 12:12:16,503 : INFO : StartPlot: accuracy_itertime
2017-07-20 12:12:16,503 : INFO : ====================
2017-07-20 12:12:16,516 : DEBUG : load data from lightlda_nytimes_t1000_1x1_i200_.05000000_0.01_4_Basic.runtime-stat
2017-07-20 12:12:16,517 : DEBUG : load data from lightlda_nytimes_t1000_1x1_i200_.05000000_0.01_4_Basic.iter-stat
2017-07-20 12:12:16,518 : DEBUG : load data from lightlda_nytimes_t1000_1x1_i200_.05000000_0.01_4_Basic.likelihood
2017-07-20 12:12:16,521 : DEBUG : load data from harp_nytimes_j128_1x1_k1000_timer_l40_h80_r2_exp1basic.likelihood
2017-07-20 12:12:16,521 : DEBUG : load data from harp_nytimes_j128_1x1_k1000_timer_l40_h80_r2_exp1basic.runtime-stat
2017-07-20 12:12:16,521 : DEBUG : load data from harp_nytimes_j128_1x1_k1000_timer_l40_h80_r2_exp1basic.update-stat
2017-07-20 12:12:16,522 : DEBUG : load data from harp_nytimes_j128_1x1_k1000_timer_l40_h80_r2_exp1basic.iter-stat
2017-07-20 12:12:16,524 : DEBUG : load data from warplda_nytimes_t1000_1x1_i1000_50_0.01_4_Basic.iter-stat
2017-07-20 12:12:16,527 : DEBUG : load data from warplda_nytimes_t1000_1x1_i1000_50_0.01_4_Basic.runtime-stat
2017-07-20 12:12:16,529 : DEBUG : load data from warplda_nytimes_t1000_1x1_i1000_50_0.01_4_Basic.likelihood
2017-07-20 12:12:16,533 : DEBUG : load data from nomadlda_nytimes_t1000_1x1_i100_50_0.01_t60_Basic.update-stat
2017-07-20 12:12:16,533 : DEBUG : load data from nomadlda_nytimes_t1000_1x1_i100_50_0.01_t60_Basic.likelihood
2017-07-20 12:12:16,534 : DEBUG : load data from nomadlda_nytimes_t1000_1x1_i100_50_0.01_t60_Basic.iter-stat
2017-07-20 12:12:16,534 : DEBUG : load data from nomadlda_nytimes_t1000_1x1_i100_50_0.01_t60_Basic.runtime-stat
2017-07-20 12:12:16,535 : ERROR : lightlda_nytimes_t1000_1x1_i200_.05000000_0.01_4_Basic.update-stat not found under /tmp/hpda/test/experiments/results/, .....
2017-07-20 12:12:16,535 : ERROR : warplda_nytimes_t1000_1x1_i1000_50_0.01_4_Basic.update-stat not found under /tmp/hpda/test/experiments/results/, .....
2017-07-20 12:12:16,535 : DEBUG : runtime_name=harp_nytimes_j128_1x1_k1000_timer_l40_h80_r2_exp1basic.runtime-stat
2017-07-20 12:12:16,535 : DEBUG : runtime_name=lightlda_nytimes_t1000_1x1_i200_.05000000_0.01_4_Basic.runtime-stat
2017-07-20 12:12:16,535 : DEBUG : runtime_name=nomadlda_nytimes_t1000_1x1_i100_50_0.01_t60_Basic.runtime-stat
2017-07-20 12:12:16,535 : DEBUG : runtime_name=warplda_nytimes_t1000_1x1_i1000_50_0.01_4_Basic.runtime-stat
2017-07-20 12:12:16,535 : INFO : shortest iternum = None
2017-07-20 12:12:16,535 : INFO : do sampling on ['harp', 'ligh', 'noma', 'warp'] before render,sample=10
2017-07-20 12:12:16,537 : INFO : _trace_shortest_x = 1e+24, x[-1]=4923.709
2017-07-20 12:12:16,537 : INFO : do sampling on ['harp', 'ligh', 'noma', 'warp'] before render,sample=10
2017-07-20 12:12:16,538 : INFO : _trace_shortest_x = 4923.709, x[-1]=15161.0
2017-07-20 12:12:16,538 : INFO : do sampling on ['harp', 'ligh', 'noma', 'warp'] before render,sample=10
2017-07-20 12:12:16,539 : INFO : _trace_shortest_x = 4923.709, x[-1]=6001.0
2017-07-20 12:12:16,539 : INFO : do sampling on ['harp', 'ligh', 'noma', 'warp'] before render,sample=10
2017-07-20 12:12:16,540 : INFO : _trace_shortest_x = 4923.709, x[-1]=4729.74088
2017-07-20 12:12:16,540 : INFO : _trace_shortest_x = 4729.74088
2017-07-20 12:12:16,540 : INFO : set_subplot curax = Axes(0.335345,0.714706;0.133621x0.235294)
2017-07-20 12:12:16,541 : INFO : ====================
2017-07-20 12:12:16,541 : INFO : StartPlot: accuracy_iter
2017-07-20 12:12:16,541 : INFO : ====================
2017-07-20 12:12:16,558 : ERROR : lightlda_nytimes_t1000_1x1_i200_.05000000_0.01_4_Basic.update-stat not found under /tmp/hpda/test/experiments/results/, .....
2017-07-20 12:12:16,558 : ERROR : warplda_nytimes_t1000_1x1_i1000_50_0.01_4_Basic.update-stat not found under /tmp/hpda/test/experiments/results/, .....
2017-07-20 12:12:16,558 : DEBUG : runtime_name=harp_nytimes_j128_1x1_k1000_timer_l40_h80_r2_exp1basic.runtime-stat
2017-07-20 12:12:16,558 : DEBUG : runtime_name=lightlda_nytimes_t1000_1x1_i200_.05000000_0.01_4_Basic.runtime-stat
2017-07-20 12:12:16,558 : DEBUG : runtime_name=nomadlda_nytimes_t1000_1x1_i100_50_0.01_t60_Basic.runtime-stat
2017-07-20 12:12:16,558 : DEBUG : runtime_name=warplda_nytimes_t1000_1x1_i1000_50_0.01_4_Basic.runtime-stat
2017-07-20 12:12:16,559 : INFO : shortest iternum = None
2017-07-20 12:12:16,559 : INFO : do sampling on ['harp', 'ligh', 'noma', 'warp'] before render,sample=10
2017-07-20 12:12:16,560 : INFO : _trace_shortest_x = 1e+24, x[-1]=100.0
2017-07-20 12:12:16,560 : INFO : do sampling on ['harp', 'ligh', 'noma', 'warp'] before render,sample=10
2017-07-20 12:12:16,561 : INFO : _trace_shortest_x = 100.0, x[-1]=196
2017-07-20 12:12:16,561 : INFO : do sampling on ['harp', 'ligh', 'noma', 'warp'] before render,sample=10
2017-07-20 12:12:16,562 : INFO : _trace_shortest_x = 100.0, x[-1]=127.82
2017-07-20 12:12:16,562 : INFO : do sampling on ['harp', 'ligh', 'noma', 'warp'] before render,sample=10
2017-07-20 12:12:16,563 : INFO : _trace_shortest_x = 100.0, x[-1]=996
2017-07-20 12:12:16,563 : INFO : _trace_shortest_x = 100.0
2017-07-20 12:12:16,563 : INFO : set_subplot curax = Axes(0.49569,0.714706;0.133621x0.235294)
2017-07-20 12:12:16,563 : INFO : ====================
2017-07-20 12:12:16,564 : INFO : StartPlot: throughput_runtime
2017-07-20 12:12:16,564 : INFO : ====================
2017-07-20 12:12:16,575 : DEBUG : load data from lightlda_nytimes_t1000_1x1_i200_.05000000_0.01_4_Basic.comput-stat
2017-07-20 12:12:16,578 : DEBUG : load data from harp_nytimes_j128_1x1_k1000_timer_l40_h80_r2_exp1basic.comput-stat
2017-07-20 12:12:16,582 : ERROR : lightlda_nytimes_t1000_1x1_i200_.05000000_0.01_4_Basic.update-stat not found under /tmp/hpda/test/experiments/results/, .....
2017-07-20 12:12:16,582 : ERROR : nomadlda_nytimes_t1000_1x1_i100_50_0.01_t60_Basic.comput-stat not found under /tmp/hpda/test/experiments/results/, .....
2017-07-20 12:12:16,582 : ERROR : warplda_nytimes_t1000_1x1_i1000_50_0.01_4_Basic.comput-stat not found under /tmp/hpda/test/experiments/results/, .....
2017-07-20 12:12:16,582 : ERROR : warplda_nytimes_t1000_1x1_i1000_50_0.01_4_Basic.update-stat not found under /tmp/hpda/test/experiments/results/, .....
2017-07-20 12:12:16,582 : DEBUG : runtime_name=harp_nytimes_j128_1x1_k1000_timer_l40_h80_r2_exp1basic.runtime-stat
2017-07-20 12:12:16,582 : DEBUG : runtime_name=lightlda_nytimes_t1000_1x1_i200_.05000000_0.01_4_Basic.runtime-stat
2017-07-20 12:12:16,583 : DEBUG : runtime_name=nomadlda_nytimes_t1000_1x1_i100_50_0.01_t60_Basic.runtime-stat
2017-07-20 12:12:16,583 : DEBUG : runtime_name=warplda_nytimes_t1000_1x1_i1000_50_0.01_4_Basic.runtime-stat
2017-07-20 12:12:16,583 : INFO : grp_size:4
2017-07-20 12:12:16,583 : INFO : do sampling on data before render,sample=10
2017-07-20 12:12:16,584 : INFO : do sampling on data before render,sample=10
2017-07-20 12:12:16,585 : INFO : do sampling on data before render,sample=10
2017-07-20 12:12:16,586 : INFO : do sampling on data before render,sample=10
2017-07-20 12:12:16,588 : INFO : set_subplot curax = Axes(0.656034,0.714706;0.133621x0.235294)
2017-07-20 12:12:16,588 : INFO : ====================
2017-07-20 12:12:16,588 : INFO : StartPlot: accuracy_itertime
2017-07-20 12:12:16,588 : INFO : ====================
2017-07-20 12:12:16,599 : DEBUG : load data from lightlda_nytimes_t1000_1x32_i200_.05000000_0.01_4_Basic.iter-stat
2017-07-20 12:12:16,600 : DEBUG : load data from lightlda_nytimes_t1000_1x32_i200_.05000000_0.01_4_Basic.runtime-stat
2017-07-20 12:12:16,600 : DEBUG : load data from lightlda_nytimes_t1000_1x32_i200_.05000000_0.01_4_Basic.likelihood
2017-07-20 12:12:16,603 : DEBUG : load data from harp_nytimes_j128_1x32_k1000_timer_l40_h80_r2_exp1basic.likelihood
2017-07-20 12:12:16,603 : DEBUG : load data from harp_nytimes_j128_1x32_k1000_timer_l40_h80_r2_exp1basic.update-stat
2017-07-20 12:12:16,604 : DEBUG : load data from harp_nytimes_j128_1x32_k1000_timer_l40_h80_r2_exp1basic.iter-stat
2017-07-20 12:12:16,605 : DEBUG : load data from harp_nytimes_j128_1x32_k1000_timer_l40_h80_r2_exp1basic.runtime-stat
2017-07-20 12:12:16,607 : DEBUG : load data from warplda_nytimes_t1000_1x32_i1000_50_0.01_4_Basic.iter-stat
2017-07-20 12:12:16,609 : DEBUG : load data from warplda_nytimes_t1000_1x32_i1000_50_0.01_4_Basic.runtime-stat
2017-07-20 12:12:16,611 : DEBUG : load data from warplda_nytimes_t1000_1x32_i1000_50_0.01_4_Basic.likelihood
2017-07-20 12:12:16,614 : DEBUG : load data from nomadlda_nytimes_t1000_1x32_i100_50_0.01_t20_Basic.runtime-stat
2017-07-20 12:12:16,615 : DEBUG : load data from nomadlda_nytimes_t1000_1x32_i100_50_0.01_t20_Basic.iter-stat
2017-07-20 12:12:16,615 : DEBUG : load data from nomadlda_nytimes_t1000_1x32_i100_50_0.01_t20_Basic.update-stat
2017-07-20 12:12:16,616 : DEBUG : load data from nomadlda_nytimes_t1000_1x32_i100_50_0.01_t20_Basic.likelihood
2017-07-20 12:12:16,617 : ERROR : lightlda_nytimes_t1000_1x32_i200_.05000000_0.01_4_Basic.update-stat not found under /tmp/hpda/test/experiments/results/, .....
2017-07-20 12:12:16,617 : ERROR : warplda_nytimes_t1000_1x32_i1000_50_0.01_4_Basic.update-stat not found under /tmp/hpda/test/experiments/results/, .....
2017-07-20 12:12:16,617 : DEBUG : runtime_name=harp_nytimes_j128_1x32_k1000_timer_l40_h80_r2_exp1basic.runtime-stat
2017-07-20 12:12:16,617 : DEBUG : runtime_name=lightlda_nytimes_t1000_1x32_i200_.05000000_0.01_4_Basic.runtime-stat
2017-07-20 12:12:16,617 : DEBUG : runtime_name=nomadlda_nytimes_t1000_1x32_i100_50_0.01_t20_Basic.runtime-stat
2017-07-20 12:12:16,617 : DEBUG : runtime_name=warplda_nytimes_t1000_1x32_i1000_50_0.01_4_Basic.runtime-stat
2017-07-20 12:12:16,617 : INFO : shortest iternum = None
2017-07-20 12:12:16,617 : INFO : do sampling on ['harp', 'ligh', 'noma', 'warp'] before render,sample=10
2017-07-20 12:12:16,618 : INFO : _trace_shortest_x = 1e+24, x[-1]=223.796
2017-07-20 12:12:16,618 : INFO : do sampling on ['harp', 'ligh', 'noma', 'warp'] before render,sample=10
2017-07-20 12:12:16,619 : INFO : _trace_shortest_x = 223.796, x[-1]=1767.0
2017-07-20 12:12:16,619 : INFO : do sampling on ['harp', 'ligh', 'noma', 'warp'] before render,sample=10
2017-07-20 12:12:16,621 : INFO : _trace_shortest_x = 223.796, x[-1]=2000.0
2017-07-20 12:12:16,621 : INFO : do sampling on ['harp', 'ligh', 'noma', 'warp'] before render,sample=10
2017-07-20 12:12:16,622 : INFO : _trace_shortest_x = 223.796, x[-1]=288.92152
2017-07-20 12:12:16,622 : INFO : _trace_shortest_x = 223.796
2017-07-20 12:12:16,622 : INFO : set_subplot curax = Axes(0.816379,0.714706;0.133621x0.235294)
2017-07-20 12:12:16,622 : INFO : ====================
2017-07-20 12:12:16,622 : INFO : StartPlot: scalability
2017-07-20 12:12:16,622 : INFO : ====================
2017-07-20 12:12:16,636 : DEBUG : load data from lightlda_nytimes_t1000_1x4_i200_.05000000_0.01_4_Basic.runtime-stat
2017-07-20 12:12:16,636 : DEBUG : load data from lightlda_nytimes_t1000_1x8_i200_.05000000_0.01_4_Basic.iter-stat
2017-07-20 12:12:16,637 : DEBUG : load data from lightlda_nytimes_t1000_1x16_i200_.05000000_0.01_4_Basic.comput-stat
2017-07-20 12:12:16,637 : DEBUG : load data from lightlda_nytimes_t1000_1x64_i200_.05000000_0.01_4_Basic.iter-stat
2017-07-20 12:12:16,638 : DEBUG : load data from lightlda_nytimes_t1000_1x2_i200_.05000000_0.01_4_Basic.runtime-stat
2017-07-20 12:12:16,639 : DEBUG : load data from lightlda_nytimes_t1000_1x64_i200_.05000000_0.01_4_Basic.comput-stat
2017-07-20 12:12:16,639 : DEBUG : load data from lightlda_nytimes_t1000_1x16_i200_.05000000_0.01_4_Basic.iter-stat
2017-07-20 12:12:16,640 : DEBUG : load data from lightlda_nytimes_t1000_1x2_i200_.05000000_0.01_4_Basic.comput-stat
2017-07-20 12:12:16,640 : DEBUG : load data from lightlda_nytimes_t1000_1x2_i200_.05000000_0.01_4_Basic.iter-stat
2017-07-20 12:12:16,641 : DEBUG : load data from lightlda_nytimes_t1000_1x32_i200_.05000000_0.01_4_Basic.comput-stat
2017-07-20 12:12:16,642 : DEBUG : load data from lightlda_nytimes_t1000_1x16_i200_.05000000_0.01_4_Basic.runtime-stat
2017-07-20 12:12:16,642 : DEBUG : load data from lightlda_nytimes_t1000_1x8_i200_.05000000_0.01_4_Basic.comput-stat
2017-07-20 12:12:16,643 : DEBUG : load data from lightlda_nytimes_t1000_1x4_i200_.05000000_0.01_4_Basic.comput-stat
2017-07-20 12:12:16,644 : DEBUG : load data from lightlda_nytimes_t1000_1x4_i200_.05000000_0.01_4_Basic.iter-stat
2017-07-20 12:12:16,644 : DEBUG : load data from lightlda_nytimes_t1000_1x64_i200_.05000000_0.01_4_Basic.runtime-stat
2017-07-20 12:12:16,645 : DEBUG : load data from lightlda_nytimes_t1000_1x8_i200_.05000000_0.01_4_Basic.runtime-stat
2017-07-20 12:12:16,648 : DEBUG : load data from harp_nytimes_j128_1x2_k1000_timer_l40_h80_r2_exp1basic.update-stat
2017-07-20 12:12:16,649 : DEBUG : load data from harp_nytimes_j128_1x8_k1000_timer_l40_h80_r2_exp1basic.comput-stat
2017-07-20 12:12:16,649 : DEBUG : load data from harp_nytimes_j128_1x4_k1000_timer_l40_h80_r2_exp1basic.update-stat
2017-07-20 12:12:16,650 : DEBUG : load data from harp_nytimes_j128_1x16_k1000_timer_l40_h80_r2_exp1basic.iter-stat
2017-07-20 12:12:16,651 : DEBUG : load data from harp_nytimes_j128_1x8_k1000_timer_l40_h80_r2_exp1basic.iter-stat
2017-07-20 12:12:16,651 : DEBUG : load data from harp_nytimes_j128_1x2_k1000_timer_l40_h80_r2_exp1basic.runtime-stat
2017-07-20 12:12:16,652 : DEBUG : load data from harp_nytimes_j128_1x32_k1000_timer_l40_h80_r2_exp1basic.comput-stat
2017-07-20 12:12:16,653 : DEBUG : load data from harp_nytimes_j128_1x4_k1000_timer_l40_h80_r2_exp1basic.comput-stat
2017-07-20 12:12:16,653 : DEBUG : load data from harp_nytimes_j128_1x64_k1000_timer_l40_h80_r2_exp1basic.runtime-stat
2017-07-20 12:12:16,654 : DEBUG : load data from harp_nytimes_j128_1x16_k1000_timer_l40_h80_r2_exp1basic.runtime-stat
2017-07-20 12:12:16,654 : DEBUG : load data from harp_nytimes_j128_1x64_k1000_timer_l40_h80_r2_exp1basic.iter-stat
2017-07-20 12:12:16,655 : DEBUG : load data from harp_nytimes_j128_1x2_k1000_timer_l40_h80_r2_exp1basic.iter-stat
2017-07-20 12:12:16,656 : DEBUG : load data from harp_nytimes_j128_1x16_k1000_timer_l40_h80_r2_exp1basic.comput-stat
2017-07-20 12:12:16,656 : DEBUG : load data from harp_nytimes_j128_1x4_k1000_timer_l40_h80_r2_exp1basic.iter-stat
2017-07-20 12:12:16,657 : DEBUG : load data from harp_nytimes_j128_1x4_k1000_timer_l40_h80_r2_exp1basic.runtime-stat
2017-07-20 12:12:16,657 : DEBUG : load data from harp_nytimes_j128_1x16_k1000_timer_l40_h80_r2_exp1basic.update-stat
2017-07-20 12:12:16,658 : DEBUG : load data from harp_nytimes_j128_1x8_k1000_timer_l40_h80_r2_exp1basic.update-stat
2017-07-20 12:12:16,659 : DEBUG : load data from harp_nytimes_j128_1x64_k1000_timer_l40_h80_r2_exp1basic.comput-stat
2017-07-20 12:12:16,660 : DEBUG : load data from harp_nytimes_j128_1x2_k1000_timer_l40_h80_r2_exp1basic.comput-stat
2017-07-20 12:12:16,660 : DEBUG : load data from harp_nytimes_j128_1x8_k1000_timer_l40_h80_r2_exp1basic.runtime-stat
2017-07-20 12:12:16,661 : DEBUG : load data from harp_nytimes_j128_1x64_k1000_timer_l40_h80_r2_exp1basic.update-stat
2017-07-20 12:12:16,663 : DEBUG : load data from warplda_nytimes_t1000_1x8_i1000_50_0.01_4_Basic.runtime-stat
2017-07-20 12:12:16,665 : DEBUG : load data from warplda_nytimes_t1000_1x2_i1000_50_0.01_4_Basic.runtime-stat
2017-07-20 12:12:16,668 : DEBUG : load data from warplda_nytimes_t1000_1x2_i1000_50_0.01_4_Basic.iter-stat
2017-07-20 12:12:16,670 : DEBUG : load data from warplda_nytimes_t1000_1x64_i1200_50_0.01_4_Basic.iter-stat
2017-07-20 12:12:16,673 : DEBUG : load data from warplda_nytimes_t1000_1x4_i1000_50_0.01_4_Basic.iter-stat
2017-07-20 12:12:16,675 : DEBUG : load data from warplda_nytimes_t1000_1x4_i1000_50_0.01_4_Basic.runtime-stat
2017-07-20 12:12:16,677 : DEBUG : load data from warplda_nytimes_t1000_1x16_i1000_50_0.01_4_Basic.iter-stat
2017-07-20 12:12:16,680 : DEBUG : load data from warplda_nytimes_t1000_1x8_i1000_50_0.01_4_Basic.iter-stat
2017-07-20 12:12:16,682 : DEBUG : load data from warplda_nytimes_t1000_1x16_i1000_50_0.01_4_Basic.runtime-stat
2017-07-20 12:12:16,684 : DEBUG : load data from warplda_nytimes_t1000_1x64_i1200_50_0.01_4_Basic.runtime-stat
2017-07-20 12:12:16,689 : DEBUG : load data from nomadlda_nytimes_t1000_1x2_i100_50_0.01_t60_Basic.iter-stat
2017-07-20 12:12:16,689 : DEBUG : load data from nomadlda_nytimes_t1000_1x4_i100_50_0.01_t40_Basic.update-stat
2017-07-20 12:12:16,690 : DEBUG : load data from nomadlda_nytimes_t1000_1x16_i100_50_0.01_t20_Basic.iter-stat
2017-07-20 12:12:16,690 : DEBUG : load data from nomadlda_nytimes_t1000_1x64_i100_50_0.01_t50_Basic-mvapich2.iter-stat
2017-07-20 12:12:16,691 : DEBUG : load data from nomadlda_nytimes_t1000_1x2_i100_50_0.01_t60_Basic.update-stat
2017-07-20 12:12:16,691 : DEBUG : load data from nomadlda_nytimes_t1000_1x8_i100_50_0.01_t40_Basic.update-stat
2017-07-20 12:12:16,692 : DEBUG : load data from nomadlda_nytimes_t1000_1x2_i100_50_0.01_t60_Basic.runtime-stat
2017-07-20 12:12:16,692 : DEBUG : load data from nomadlda_nytimes_t1000_1x8_i100_50_0.01_t40_Basic.iter-stat
2017-07-20 12:12:16,693 : DEBUG : load data from nomadlda_nytimes_t1000_1x8_i100_50_0.01_t40_Basic.runtime-stat
2017-07-20 12:12:16,693 : DEBUG : load data from nomadlda_nytimes_t1000_1x16_i100_50_0.01_t20_Basic.runtime-stat
2017-07-20 12:12:16,693 : DEBUG : load data from nomadlda_nytimes_t1000_1x16_i100_50_0.01_t20_Basic.update-stat
2017-07-20 12:12:16,694 : DEBUG : load data from nomadlda_nytimes_t1000_1x4_i100_50_0.01_t40_Basic.iter-stat
2017-07-20 12:12:16,694 : DEBUG : load data from nomadlda_nytimes_t1000_1x64_i100_50_0.01_t50_Basic-mvapich2.runtime-stat
2017-07-20 12:12:16,695 : DEBUG : load data from nomadlda_nytimes_t1000_1x4_i100_50_0.01_t40_Basic.runtime-stat
2017-07-20 12:12:16,695 : DEBUG : load data from nomadlda_nytimes_t1000_1x64_i100_50_0.01_t50_Basic-mvapich2.update-stat
2017-07-20 12:12:16,696 : ERROR : lightlda_nytimes_t1000_1x16_i200_.05000000_0.01_4_Basic.update-stat not found under /tmp/hpda/test/experiments/results/, .....
2017-07-20 12:12:16,696 : ERROR : lightlda_nytimes_t1000_1x1_i200_.05000000_0.01_4_Basic.update-stat not found under /tmp/hpda/test/experiments/results/, .....
2017-07-20 12:12:16,696 : ERROR : lightlda_nytimes_t1000_1x2_i200_.05000000_0.01_4_Basic.update-stat not found under /tmp/hpda/test/experiments/results/, .....
2017-07-20 12:12:16,696 : ERROR : lightlda_nytimes_t1000_1x32_i200_.05000000_0.01_4_Basic.update-stat not found under /tmp/hpda/test/experiments/results/, .....
2017-07-20 12:12:16,696 : ERROR : lightlda_nytimes_t1000_1x64_i200_.05000000_0.01_4_Basic.update-stat not found under /tmp/hpda/test/experiments/results/, .....
2017-07-20 12:12:16,696 : ERROR : lightlda_nytimes_t1000_1x4_i200_.05000000_0.01_4_Basic.update-stat not found under /tmp/hpda/test/experiments/results/, .....
2017-07-20 12:12:16,696 : ERROR : lightlda_nytimes_t1000_1x8_i200_.05000000_0.01_4_Basic.update-stat not found under /tmp/hpda/test/experiments/results/, .....
2017-07-20 12:12:16,696 : ERROR : nomadlda_nytimes_t1000_1x16_i100_50_0.01_t20_Basic.comput-stat not found under /tmp/hpda/test/experiments/results/, .....
2017-07-20 12:12:16,696 : ERROR : nomadlda_nytimes_t1000_1x1_i100_50_0.01_t60_Basic.comput-stat not found under /tmp/hpda/test/experiments/results/, .....
2017-07-20 12:12:16,696 : ERROR : nomadlda_nytimes_t1000_1x2_i100_50_0.01_t60_Basic.comput-stat not found under /tmp/hpda/test/experiments/results/, .....
2017-07-20 12:12:16,696 : ERROR : nomadlda_nytimes_t1000_1x32_i100_50_0.01_t20_Basic.comput-stat not found under /tmp/hpda/test/experiments/results/, .....
2017-07-20 12:12:16,696 : ERROR : nomadlda_nytimes_t1000_1x64_i100_50_0.01_t50_Basic-mvapich2.comput-stat not found under /tmp/hpda/test/experiments/results/, .....
2017-07-20 12:12:16,696 : ERROR : nomadlda_nytimes_t1000_1x4_i100_50_0.01_t40_Basic.comput-stat not found under /tmp/hpda/test/experiments/results/, .....
2017-07-20 12:12:16,697 : ERROR : nomadlda_nytimes_t1000_1x8_i100_50_0.01_t40_Basic.comput-stat not found under /tmp/hpda/test/experiments/results/, .....
2017-07-20 12:12:16,697 : ERROR : warplda_nytimes_t1000_1x16_i1000_50_0.01_4_Basic.comput-stat not found under /tmp/hpda/test/experiments/results/, .....
2017-07-20 12:12:16,697 : ERROR : warplda_nytimes_t1000_1x16_i1000_50_0.01_4_Basic.update-stat not found under /tmp/hpda/test/experiments/results/, .....
2017-07-20 12:12:16,697 : ERROR : warplda_nytimes_t1000_1x1_i1000_50_0.01_4_Basic.comput-stat not found under /tmp/hpda/test/experiments/results/, .....
2017-07-20 12:12:16,697 : ERROR : warplda_nytimes_t1000_1x1_i1000_50_0.01_4_Basic.update-stat not found under /tmp/hpda/test/experiments/results/, .....
2017-07-20 12:12:16,697 : ERROR : warplda_nytimes_t1000_1x2_i1000_50_0.01_4_Basic.comput-stat not found under /tmp/hpda/test/experiments/results/, .....
2017-07-20 12:12:16,697 : ERROR : warplda_nytimes_t1000_1x2_i1000_50_0.01_4_Basic.update-stat not found under /tmp/hpda/test/experiments/results/, .....
2017-07-20 12:12:16,697 : ERROR : warplda_nytimes_t1000_1x32_i1000_50_0.01_4_Basic.comput-stat not found under /tmp/hpda/test/experiments/results/, .....
2017-07-20 12:12:16,697 : ERROR : warplda_nytimes_t1000_1x32_i1000_50_0.01_4_Basic.update-stat not found under /tmp/hpda/test/experiments/results/, .....
2017-07-20 12:12:16,697 : ERROR : warplda_nytimes_t1000_1x64_i1200_50_0.01_4_Basic.comput-stat not found under /tmp/hpda/test/experiments/results/, .....
2017-07-20 12:12:16,697 : ERROR : warplda_nytimes_t1000_1x64_i1200_50_0.01_4_Basic.update-stat not found under /tmp/hpda/test/experiments/results/, .....
2017-07-20 12:12:16,697 : ERROR : warplda_nytimes_t1000_1x4_i1000_50_0.01_4_Basic.comput-stat not found under /tmp/hpda/test/experiments/results/, .....
2017-07-20 12:12:16,697 : ERROR : warplda_nytimes_t1000_1x4_i1000_50_0.01_4_Basic.update-stat not found under /tmp/hpda/test/experiments/results/, .....
2017-07-20 12:12:16,697 : ERROR : warplda_nytimes_t1000_1x8_i1000_50_0.01_4_Basic.comput-stat not found under /tmp/hpda/test/experiments/results/, .....
2017-07-20 12:12:16,697 : ERROR : warplda_nytimes_t1000_1x8_i1000_50_0.01_4_Basic.update-stat not found under /tmp/hpda/test/experiments/results/, .....
2017-07-20 12:12:16,732 : INFO : min rowcnt=-1
2017-07-20 12:12:16,732 : INFO : groupdata = [('harp_nytimes_j128_1x1_k1000_timer_l40_h80_r2_exp1basic', '1'), ('harp_nytimes_j128_1x2_k1000_timer_l40_h80_r2_exp1basic', '2'), ('harp_nytimes_j128_1x4_k1000_timer_l40_h80_r2_exp1basic', '4'), ('harp_nytimes_j128_1x8_k1000_timer_l40_h80_r2_exp1basic', '8'), ('harp_nytimes_j128_1x16_k1000_timer_l40_h80_r2_exp1basic', '16'), ('harp_nytimes_j128_1x32_k1000_timer_l40_h80_r2_exp1basic', '32'), ('harp_nytimes_j128_1x64_k1000_timer_l40_h80_r2_exp1basic', '64')]
2017-07-20 12:12:16,732 : INFO : countindex=[(0, 1, '1'), (1, 2, '2'), (2, 3, '4'), (3, 4, '8'), (4, 5, '16'), (5, 6, '32'), (6, 7, '64')]
2017-07-20 12:12:16,732 : INFO : Set fit_style to fit_all, fit_time =0
2017-07-20 12:12:16,732 : INFO : curves: [[1, 2021715.0270253581, 0.0], [2, 5095075.7082544714, 0.0], [4, 10068894.914503248, 0.0], [8, 18371825.352621727, 0.0], [16, 31902098.976514835, 0.0], [32, 51512860.958194084, 0.0], [64, 67297222.198121712, 0.0]]
2017-07-20 12:12:16,746 : INFO : min rowcnt=-1
2017-07-20 12:12:16,746 : INFO : groupdata = [('lightlda_nytimes_t1000_1x1_i200_.05000000_0.01_4_Basic', '1'), ('lightlda_nytimes_t1000_1x2_i200_.05000000_0.01_4_Basic', '2'), ('lightlda_nytimes_t1000_1x4_i200_.05000000_0.01_4_Basic', '4'), ('lightlda_nytimes_t1000_1x8_i200_.05000000_0.01_4_Basic', '8'), ('lightlda_nytimes_t1000_1x16_i200_.05000000_0.01_4_Basic', '16'), ('lightlda_nytimes_t1000_1x32_i200_.05000000_0.01_4_Basic', '32'), ('lightlda_nytimes_t1000_1x64_i200_.05000000_0.01_4_Basic', '64')]
2017-07-20 12:12:16,746 : INFO : countindex=[(0, 1, '1'), (1, 2, '2'), (2, 3, '4'), (3, 4, '8'), (4, 5, '16'), (5, 6, '32'), (6, 7, '64')]
2017-07-20 12:12:16,746 : INFO : Set fit_style to fit_all, fit_time =0
2017-07-20 12:12:16,746 : INFO : curves: [[1, 1288047.5242213409, 0.0], [2, 2596524.1676497576, 0.0], [4, 4602435.6122211898, 0.0], [8, 8379392.0791032147, 0.0], [16, 10398363.71391076, 0.0], [32, 11072600.824482951, 0.0], [64, 11364820.926563397, 0.0]]
2017-07-20 12:12:16,760 : INFO : min rowcnt=-1
2017-07-20 12:12:16,760 : INFO : groupdata = [('nomadlda_nytimes_t1000_1x1_i100_50_0.01_t60_Basic', '1'), ('nomadlda_nytimes_t1000_1x2_i100_50_0.01_t60_Basic', '2'), ('nomadlda_nytimes_t1000_1x4_i100_50_0.01_t40_Basic', '4'), ('nomadlda_nytimes_t1000_1x8_i100_50_0.01_t40_Basic', '8'), ('nomadlda_nytimes_t1000_1x16_i100_50_0.01_t20_Basic', '16'), ('nomadlda_nytimes_t1000_1x32_i100_50_0.01_t20_Basic', '32'), ('nomadlda_nytimes_t1000_1x64_i100_50_0.01_t50_Basic-mvapich2', '64')]
2017-07-20 12:12:16,760 : INFO : countindex=[(0, 1, '1'), (1, 2, '2'), (2, 3, '4'), (3, 4, '8'), (4, 5, '16'), (5, 6, '32'), (6, 7, '64')]
2017-07-20 12:12:16,760 : INFO : Set fit_style to fit_all, fit_time =0
2017-07-20 12:12:16,760 : INFO : curves: [[1, 2120189.9808365274, 0.0], [2, 4399955.0818196964, 0.0], [4, 7308800.9534999998, 0.0], [8, 6309056.9662584355, 0.0], [16, 7125313.6109999996, 0.0], [32, 10905227.111500001, 0.0], [64, 19953971.597399998, 0.0]]
2017-07-20 12:12:16,773 : INFO : min rowcnt=-1
2017-07-20 12:12:16,774 : INFO : groupdata = [('warplda_nytimes_t1000_1x1_i1000_50_0.01_4_Basic', '1'), ('warplda_nytimes_t1000_1x2_i1000_50_0.01_4_Basic', '2'), ('warplda_nytimes_t1000_1x4_i1000_50_0.01_4_Basic', '4'), ('warplda_nytimes_t1000_1x8_i1000_50_0.01_4_Basic', '8'), ('warplda_nytimes_t1000_1x16_i1000_50_0.01_4_Basic', '16'), ('warplda_nytimes_t1000_1x32_i1000_50_0.01_4_Basic', '32'), ('warplda_nytimes_t1000_1x64_i1200_50_0.01_4_Basic', '64')]
2017-07-20 12:12:16,774 : INFO : countindex=[(0, 1, '1'), (1, 2, '2'), (2, 3, '4'), (3, 4, '8'), (4, 5, '16'), (5, 6, '32'), (6, 7, '64')]
2017-07-20 12:12:16,774 : INFO : Set fit_style to fit_all, fit_time =0
2017-07-20 12:12:16,774 : INFO : curves: [[1, 20965586.743445497, 0.0], [2, 33999314.010000817, 0.0], [4, 62953655.550425127, 0.0], [8, 120441376.39944616, 0.0], [16, 208737678.81065288, 0.0], [32, 343195594.41973233, 0.0], [64, 451425669.01486325, 0.0]]
2017-07-20 12:12:16,795 : INFO : idx=1, dataset=pubmed2m
2017-07-20 12:12:16,795 : INFO : set_subplot curax = Axes(0.175,0.432353;0.133621x0.235294)
2017-07-20 12:12:16,796 : INFO : ====================
2017-07-20 12:12:16,796 : INFO : StartPlot: accuracy_itertime
2017-07-20 12:12:16,796 : INFO : ====================
2017-07-20 12:12:16,807 : DEBUG : load data from lightlda_pubmed2m_t1000_1x1_i200_.05000000_0.01_4_Basic.runtime-stat
2017-07-20 12:12:16,808 : DEBUG : load data from lightlda_pubmed2m_t1000_1x1_i200_.05000000_0.01_4_Basic.likelihood
2017-07-20 12:12:16,808 : DEBUG : load data from lightlda_pubmed2m_t1000_1x1_i200_.05000000_0.01_4_Basic.iter-stat
2017-07-20 12:12:16,811 : DEBUG : load data from harp_pubmed2m_j128_1x1_k1000_timer_l40_h80_r2_exp1basic.runtime-stat
2017-07-20 12:12:16,812 : DEBUG : load data from harp_pubmed2m_j128_1x1_k1000_timer_l40_h80_r2_exp1basic.update-stat
2017-07-20 12:12:16,812 : DEBUG : load data from harp_pubmed2m_j128_1x1_k1000_timer_l40_h80_r2_exp1basic.iter-stat
2017-07-20 12:12:16,813 : DEBUG : load data from harp_pubmed2m_j128_1x1_k1000_timer_l40_h80_r2_exp1basic.likelihood
2017-07-20 12:12:16,815 : DEBUG : load data from warplda_pubmed2m_t1000_1x1_i1000_50_0.01_4_Basic.runtime-stat
2017-07-20 12:12:16,817 : DEBUG : load data from warplda_pubmed2m_t1000_1x1_i1000_50_0.01_4_Basic.likelihood
2017-07-20 12:12:16,818 : DEBUG : load data from warplda_pubmed2m_t1000_1x1_i1000_50_0.01_4_Basic.iter-stat
2017-07-20 12:12:16,822 : DEBUG : load data from nomadlda_pubmed2m_t1000_1x1_i200_50_0.01_t60_Basic.update-stat
2017-07-20 12:12:16,823 : DEBUG : load data from nomadlda_pubmed2m_t1000_1x1_i200_50_0.01_t60_Basic.iter-stat
2017-07-20 12:12:16,824 : DEBUG : load data from nomadlda_pubmed2m_t1000_1x1_i200_50_0.01_t60_Basic.runtime-stat
2017-07-20 12:12:16,825 : DEBUG : load data from nomadlda_pubmed2m_t1000_1x1_i200_50_0.01_t60_Basic.likelihood
2017-07-20 12:12:16,826 : ERROR : lightlda_pubmed2m_t1000_1x1_i200_.05000000_0.01_4_Basic.update-stat not found under /tmp/hpda/test/experiments/results/, .....
2017-07-20 12:12:16,826 : ERROR : warplda_pubmed2m_t1000_1x1_i1000_50_0.01_4_Basic.update-stat not found under /tmp/hpda/test/experiments/results/, .....
2017-07-20 12:12:16,826 : DEBUG : runtime_name=harp_pubmed2m_j128_1x1_k1000_timer_l40_h80_r2_exp1basic.runtime-stat
2017-07-20 12:12:16,826 : DEBUG : runtime_name=lightlda_pubmed2m_t1000_1x1_i200_.05000000_0.01_4_Basic.runtime-stat
2017-07-20 12:12:16,826 : DEBUG : runtime_name=nomadlda_pubmed2m_t1000_1x1_i200_50_0.01_t60_Basic.runtime-stat
2017-07-20 12:12:16,826 : DEBUG : runtime_name=warplda_pubmed2m_t1000_1x1_i1000_50_0.01_4_Basic.runtime-stat
2017-07-20 12:12:16,826 : INFO : shortest iternum = None
2017-07-20 12:12:16,826 : INFO : do sampling on ['harp', 'ligh', 'noma', 'warp'] before render,sample=10
2017-07-20 12:12:16,827 : INFO : _trace_shortest_x = 1e+24, x[-1]=6253.056
2017-07-20 12:12:16,827 : INFO : do sampling on ['harp', 'ligh', 'noma', 'warp'] before render,sample=10
2017-07-20 12:12:16,829 : INFO : _trace_shortest_x = 6253.056, x[-1]=25111.0
2017-07-20 12:12:16,829 : INFO : do sampling on ['harp', 'ligh', 'noma', 'warp'] before render,sample=10
2017-07-20 12:12:16,830 : INFO : _trace_shortest_x = 6253.056, x[-1]=12000.0
2017-07-20 12:12:16,830 : INFO : do sampling on ['harp', 'ligh', 'noma', 'warp'] before render,sample=10
2017-07-20 12:12:16,831 : INFO : _trace_shortest_x = 6253.056, x[-1]=7762.14665
2017-07-20 12:12:16,831 : INFO : _trace_shortest_x = 6253.056
2017-07-20 12:12:16,831 : INFO : set_subplot curax = Axes(0.335345,0.432353;0.133621x0.235294)
2017-07-20 12:12:16,831 : INFO : ====================
2017-07-20 12:12:16,831 : INFO : StartPlot: accuracy_iter
2017-07-20 12:12:16,831 : INFO : ====================
2017-07-20 12:12:16,849 : ERROR : lightlda_pubmed2m_t1000_1x1_i200_.05000000_0.01_4_Basic.update-stat not found under /tmp/hpda/test/experiments/results/, .....
2017-07-20 12:12:16,849 : ERROR : warplda_pubmed2m_t1000_1x1_i1000_50_0.01_4_Basic.update-stat not found under /tmp/hpda/test/experiments/results/, .....
2017-07-20 12:12:16,849 : DEBUG : runtime_name=harp_pubmed2m_j128_1x1_k1000_timer_l40_h80_r2_exp1basic.runtime-stat
2017-07-20 12:12:16,849 : DEBUG : runtime_name=lightlda_pubmed2m_t1000_1x1_i200_.05000000_0.01_4_Basic.runtime-stat
2017-07-20 12:12:16,849 : DEBUG : runtime_name=nomadlda_pubmed2m_t1000_1x1_i200_50_0.01_t60_Basic.runtime-stat
2017-07-20 12:12:16,849 : DEBUG : runtime_name=warplda_pubmed2m_t1000_1x1_i1000_50_0.01_4_Basic.runtime-stat
2017-07-20 12:12:16,849 : INFO : shortest iternum = None
2017-07-20 12:12:16,849 : INFO : do sampling on ['harp', 'ligh', 'noma', 'warp'] before render,sample=10
2017-07-20 12:12:16,850 : INFO : _trace_shortest_x = 1e+24, x[-1]=100.0
2017-07-20 12:12:16,850 : INFO : do sampling on ['harp', 'ligh', 'noma', 'warp'] before render,sample=10
2017-07-20 12:12:16,852 : INFO : _trace_shortest_x = 100.0, x[-1]=196
2017-07-20 12:12:16,852 : INFO : do sampling on ['harp', 'ligh', 'noma', 'warp'] before render,sample=10
2017-07-20 12:12:16,853 : INFO : _trace_shortest_x = 100.0, x[-1]=219.26
2017-07-20 12:12:16,853 : INFO : do sampling on ['harp', 'ligh', 'noma', 'warp'] before render,sample=10
2017-07-20 12:12:16,854 : INFO : _trace_shortest_x = 100.0, x[-1]=996
2017-07-20 12:12:16,854 : INFO : _trace_shortest_x = 100.0
2017-07-20 12:12:16,854 : INFO : set_subplot curax = Axes(0.49569,0.432353;0.133621x0.235294)
2017-07-20 12:12:16,854 : INFO : ====================
2017-07-20 12:12:16,854 : INFO : StartPlot: throughput_runtime
2017-07-20 12:12:16,854 : INFO : ====================
2017-07-20 12:12:16,866 : DEBUG : load data from lightlda_pubmed2m_t1000_1x1_i200_.05000000_0.01_4_Basic.comput-stat
2017-07-20 12:12:16,868 : DEBUG : load data from harp_pubmed2m_j128_1x1_k1000_timer_l40_h80_r2_exp1basic.comput-stat
2017-07-20 12:12:16,873 : ERROR : lightlda_pubmed2m_t1000_1x1_i200_.05000000_0.01_4_Basic.update-stat not found under /tmp/hpda/test/experiments/results/, .....
2017-07-20 12:12:16,873 : ERROR : nomadlda_pubmed2m_t1000_1x1_i200_50_0.01_t60_Basic.comput-stat not found under /tmp/hpda/test/experiments/results/, .....
2017-07-20 12:12:16,873 : ERROR : warplda_pubmed2m_t1000_1x1_i1000_50_0.01_4_Basic.comput-stat not found under /tmp/hpda/test/experiments/results/, .....
2017-07-20 12:12:16,873 : ERROR : warplda_pubmed2m_t1000_1x1_i1000_50_0.01_4_Basic.update-stat not found under /tmp/hpda/test/experiments/results/, .....
2017-07-20 12:12:16,873 : DEBUG : runtime_name=harp_pubmed2m_j128_1x1_k1000_timer_l40_h80_r2_exp1basic.runtime-stat
2017-07-20 12:12:16,873 : DEBUG : runtime_name=lightlda_pubmed2m_t1000_1x1_i200_.05000000_0.01_4_Basic.runtime-stat
2017-07-20 12:12:16,873 : DEBUG : runtime_name=nomadlda_pubmed2m_t1000_1x1_i200_50_0.01_t60_Basic.runtime-stat
2017-07-20 12:12:16,873 : DEBUG : runtime_name=warplda_pubmed2m_t1000_1x1_i1000_50_0.01_4_Basic.runtime-stat
2017-07-20 12:12:16,873 : INFO : grp_size:4
2017-07-20 12:12:16,874 : INFO : do sampling on data before render,sample=10
2017-07-20 12:12:16,875 : INFO : do sampling on data before render,sample=10
2017-07-20 12:12:16,876 : INFO : do sampling on data before render,sample=10
2017-07-20 12:12:16,877 : INFO : do sampling on data before render,sample=10
2017-07-20 12:12:16,878 : INFO : set_subplot curax = Axes(0.656034,0.432353;0.133621x0.235294)
2017-07-20 12:12:16,879 : INFO : ====================
2017-07-20 12:12:16,879 : INFO : StartPlot: accuracy_itertime
2017-07-20 12:12:16,879 : INFO : ====================
2017-07-20 12:12:16,890 : DEBUG : load data from lightlda_pubmed2m_t1000_1x32_i600_.05000000_0.01_4_Basic.iter-stat
2017-07-20 12:12:16,891 : DEBUG : load data from lightlda_pubmed2m_t1000_1x32_i600_.05000000_0.01_4_Basic.likelihood
2017-07-20 12:12:16,892 : DEBUG : load data from lightlda_pubmed2m_t1000_1x32_i600_.05000000_0.01_4_Basic.runtime-stat
2017-07-20 12:12:16,895 : DEBUG : load data from harp_pubmed2m_j128_1x32_k1000_timer_l40_h80_r2_exp1basic.update-stat
2017-07-20 12:12:16,896 : DEBUG : load data from harp_pubmed2m_j128_1x32_k1000_timer_l40_h80_r2_exp1basic.iter-stat
2017-07-20 12:12:16,897 : DEBUG : load data from harp_pubmed2m_j128_1x32_k1000_timer_l40_h80_r2_exp1basic.runtime-stat
2017-07-20 12:12:16,898 : DEBUG : load data from harp_pubmed2m_j128_1x32_k1000_timer_l40_h80_r2_exp1basic.likelihood
2017-07-20 12:12:16,899 : DEBUG : load data from warplda_pubmed2m_t1000_1x32_i1000_50_0.01_4_Basic.iter-stat
2017-07-20 12:12:16,901 : DEBUG : load data from warplda_pubmed2m_t1000_1x32_i1000_50_0.01_4_Basic.runtime-stat
2017-07-20 12:12:16,904 : DEBUG : load data from warplda_pubmed2m_t1000_1x32_i1000_50_0.01_4_Basic.likelihood
2017-07-20 12:12:16,907 : DEBUG : load data from nomadlda_pubmed2m_t1000_1x32_i100_50_0.01_t20_Basic.runtime-stat
2017-07-20 12:12:16,907 : DEBUG : load data from nomadlda_pubmed2m_t1000_1x32_i100_50_0.01_t20_Basic.update-stat
2017-07-20 12:12:16,908 : DEBUG : load data from nomadlda_pubmed2m_t1000_1x32_i100_50_0.01_t20_Basic.likelihood
2017-07-20 12:12:16,908 : DEBUG : load data from nomadlda_pubmed2m_t1000_1x32_i100_50_0.01_t20_Basic.iter-stat
2017-07-20 12:12:16,909 : ERROR : lightlda_pubmed2m_t1000_1x32_i600_.05000000_0.01_4_Basic.update-stat not found under /tmp/hpda/test/experiments/results/, .....
2017-07-20 12:12:16,909 : ERROR : warplda_pubmed2m_t1000_1x32_i1000_50_0.01_4_Basic.update-stat not found under /tmp/hpda/test/experiments/results/, .....
2017-07-20 12:12:16,909 : DEBUG : runtime_name=harp_pubmed2m_j128_1x32_k1000_timer_l40_h80_r2_exp1basic.runtime-stat
2017-07-20 12:12:16,909 : DEBUG : runtime_name=lightlda_pubmed2m_t1000_1x32_i600_.05000000_0.01_4_Basic.runtime-stat
2017-07-20 12:12:16,909 : DEBUG : runtime_name=nomadlda_pubmed2m_t1000_1x32_i100_50_0.01_t20_Basic.runtime-stat
2017-07-20 12:12:16,909 : DEBUG : runtime_name=warplda_pubmed2m_t1000_1x32_i1000_50_0.01_4_Basic.runtime-stat
2017-07-20 12:12:16,909 : INFO : shortest iternum = None
2017-07-20 12:12:16,909 : INFO : do sampling on ['harp', 'ligh', 'noma', 'warp'] before render,sample=10
2017-07-20 12:12:16,910 : INFO : _trace_shortest_x = 1e+24, x[-1]=318.112
2017-07-20 12:12:16,910 : INFO : do sampling on ['harp', 'ligh', 'noma', 'warp'] before render,sample=10
2017-07-20 12:12:16,912 : INFO : _trace_shortest_x = 318.112, x[-1]=5568.0
2017-07-20 12:12:16,912 : INFO : do sampling on ['harp', 'ligh', 'noma', 'warp'] before render,sample=10
2017-07-20 12:12:16,913 : INFO : _trace_shortest_x = 318.112, x[-1]=2000.0
2017-07-20 12:12:16,913 : INFO : do sampling on ['harp', 'ligh', 'noma', 'warp'] before render,sample=10
2017-07-20 12:12:16,914 : INFO : _trace_shortest_x = 318.112, x[-1]=502.70305
2017-07-20 12:12:16,914 : INFO : _trace_shortest_x = 318.112
2017-07-20 12:12:16,914 : INFO : set_subplot curax = Axes(0.816379,0.432353;0.133621x0.235294)
2017-07-20 12:12:16,914 : INFO : ====================
2017-07-20 12:12:16,914 : INFO : StartPlot: scalability
2017-07-20 12:12:16,914 : INFO : ====================
2017-07-20 12:12:16,928 : DEBUG : load data from lightlda_pubmed2m_t1000_1x2_i200_.05000000_0.01_4_Basic.comput-stat
2017-07-20 12:12:16,929 : DEBUG : load data from lightlda_pubmed2m_t1000_1x4_i250_.05000000_0.01_4_Basic.comput-stat
2017-07-20 12:12:16,929 : DEBUG : load data from lightlda_pubmed2m_t1000_1x64_i200_.05000000_0.01_4_Basic.iter-stat
2017-07-20 12:12:16,930 : DEBUG : load data from lightlda_pubmed2m_t1000_1x4_i250_.05000000_0.01_4_Basic.runtime-stat
2017-07-20 12:12:16,931 : DEBUG : load data from lightlda_pubmed2m_t1000_1x8_i300_.05000000_0.01_4_Basic.runtime-stat
2017-07-20 12:12:16,932 : DEBUG : load data from lightlda_pubmed2m_t1000_1x16_i400_.05000000_0.01_4_Basic.comput-stat
2017-07-20 12:12:16,933 : DEBUG : load data from lightlda_pubmed2m_t1000_1x2_i200_.05000000_0.01_4_Basic.iter-stat
2017-07-20 12:12:16,933 : DEBUG : load data from lightlda_pubmed2m_t1000_1x8_i300_.05000000_0.01_4_Basic.comput-stat
2017-07-20 12:12:16,934 : DEBUG : load data from lightlda_pubmed2m_t1000_1x16_i400_.05000000_0.01_4_Basic.runtime-stat
2017-07-20 12:12:16,935 : DEBUG : load data from lightlda_pubmed2m_t1000_1x64_i200_.05000000_0.01_4_Basic.runtime-stat
2017-07-20 12:12:16,936 : DEBUG : load data from lightlda_pubmed2m_t1000_1x32_i600_.05000000_0.01_4_Basic.comput-stat
2017-07-20 12:12:16,937 : DEBUG : load data from lightlda_pubmed2m_t1000_1x16_i400_.05000000_0.01_4_Basic.iter-stat
2017-07-20 12:12:16,938 : DEBUG : load data from lightlda_pubmed2m_t1000_1x64_i200_.05000000_0.01_4_Basic.comput-stat
2017-07-20 12:12:16,939 : DEBUG : load data from lightlda_pubmed2m_t1000_1x8_i300_.05000000_0.01_4_Basic.iter-stat
2017-07-20 12:12:16,940 : DEBUG : load data from lightlda_pubmed2m_t1000_1x4_i250_.05000000_0.01_4_Basic.iter-stat
2017-07-20 12:12:16,940 : DEBUG : load data from lightlda_pubmed2m_t1000_1x2_i200_.05000000_0.01_4_Basic.runtime-stat
2017-07-20 12:12:16,943 : DEBUG : load data from harp_pubmed2m_j128_1x64_k1000_timer_l40_h80_r2_exp1basic.iter-stat
2017-07-20 12:12:16,944 : DEBUG : load data from harp_pubmed2m_j128_1x2_k1000_timer_l40_h80_r2_exp1basic.iter-stat
2017-07-20 12:12:16,945 : DEBUG : load data from harp_pubmed2m_j128_1x8_k1000_timer_l40_h80_r2_exp1basic.comput-stat
2017-07-20 12:12:16,945 : DEBUG : load data from harp_pubmed2m_j128_1x64_k1000_timer_l40_h80_r2_exp1basic.runtime-stat
2017-07-20 12:12:16,946 : DEBUG : load data from harp_pubmed2m_j128_1x64_k1000_timer_l40_h80_r2_exp1basic.update-stat
2017-07-20 12:12:16,947 : DEBUG : load data from harp_pubmed2m_j128_1x64_k1000_timer_l40_h80_r2_exp1basic.comput-stat
2017-07-20 12:12:16,947 : DEBUG : load data from harp_pubmed2m_j128_1x2_k1000_timer_l40_h80_r2_exp1basic.runtime-stat
2017-07-20 12:12:16,948 : DEBUG : load data from harp_pubmed2m_j128_1x4_k1000_timer_l40_h80_r2_exp1basic.update-stat
2017-07-20 12:12:16,949 : DEBUG : load data from harp_pubmed2m_j128_1x32_k1000_timer_l40_h80_r2_exp1basic.comput-stat
2017-07-20 12:12:16,950 : DEBUG : load data from harp_pubmed2m_j128_1x4_k1000_timer_l40_h80_r2_exp1basic.iter-stat
2017-07-20 12:12:16,950 : DEBUG : load data from harp_pubmed2m_j128_1x16_k1000_timer_l40_h80_r2_exp1basic.comput-stat
2017-07-20 12:12:16,951 : DEBUG : load data from harp_pubmed2m_j128_1x8_k1000_timer_l40_h80_r2_exp1basic.iter-stat
2017-07-20 12:12:16,952 : DEBUG : load data from harp_pubmed2m_j128_1x4_k1000_timer_l40_h80_r2_exp1basic.comput-stat
2017-07-20 12:12:16,952 : DEBUG : load data from harp_pubmed2m_j128_1x4_k1000_timer_l40_h80_r2_exp1basic.runtime-stat
2017-07-20 12:12:16,953 : DEBUG : load data from harp_pubmed2m_j128_1x8_k1000_timer_l40_h80_r2_exp1basic.runtime-stat
2017-07-20 12:12:16,953 : DEBUG : load data from harp_pubmed2m_j128_1x16_k1000_timer_l40_h80_r2_exp1basic.iter-stat
2017-07-20 12:12:16,954 : DEBUG : load data from harp_pubmed2m_j128_1x2_k1000_timer_l40_h80_r2_exp1basic.comput-stat
2017-07-20 12:12:16,955 : DEBUG : load data from harp_pubmed2m_j128_1x16_k1000_timer_l40_h80_r2_exp1basic.update-stat
2017-07-20 12:12:16,955 : DEBUG : load data from harp_pubmed2m_j128_1x8_k1000_timer_l40_h80_r2_exp1basic.update-stat
2017-07-20 12:12:16,956 : DEBUG : load data from harp_pubmed2m_j128_1x2_k1000_timer_l40_h80_r2_exp1basic.update-stat
2017-07-20 12:12:16,957 : DEBUG : load data from harp_pubmed2m_j128_1x16_k1000_timer_l40_h80_r2_exp1basic.runtime-stat
2017-07-20 12:12:16,959 : DEBUG : load data from warplda_pubmed2m_t1000_1x4_i1000_50_0.01_4_Basic.iter-stat
2017-07-20 12:12:16,961 : DEBUG : load data from warplda_pubmed2m_t1000_1x64_i1200_50_0.01_4_Basic.runtime-stat
2017-07-20 12:12:16,964 : DEBUG : load data from warplda_pubmed2m_t1000_1x8_i1000_50_0.01_4_Basic.iter-stat
2017-07-20 12:12:16,966 : DEBUG : load data from warplda_pubmed2m_t1000_1x16_i1000_50_0.01_4_Basic.runtime-stat
2017-07-20 12:12:16,969 : DEBUG : load data from warplda_pubmed2m_t1000_1x2_i1000_50_0.01_4_Basic.iter-stat
2017-07-20 12:12:16,971 : DEBUG : load data from warplda_pubmed2m_t1000_1x8_i1000_50_0.01_4_Basic.runtime-stat
2017-07-20 12:12:16,973 : DEBUG : load data from warplda_pubmed2m_t1000_1x16_i1000_50_0.01_4_Basic.iter-stat
2017-07-20 12:12:16,975 : DEBUG : load data from warplda_pubmed2m_t1000_1x4_i1000_50_0.01_4_Basic.runtime-stat
2017-07-20 12:12:16,978 : DEBUG : load data from warplda_pubmed2m_t1000_1x64_i1200_50_0.01_4_Basic.iter-stat
2017-07-20 12:12:16,980 : DEBUG : load data from warplda_pubmed2m_t1000_1x2_i1000_50_0.01_4_Basic.runtime-stat
2017-07-20 12:12:16,985 : DEBUG : load data from nomadlda_pubmed2m_t1000_1x2_i200_50_0.01_t60_Basic.update-stat
2017-07-20 12:12:16,986 : DEBUG : load data from nomadlda_pubmed2m_t1000_1x16_i100_50_0.01_t20_Basic.runtime-stat
2017-07-20 12:12:16,986 : DEBUG : load data from nomadlda_pubmed2m_t1000_1x4_i150_50_0.01_t40_Basic.iter-stat
2017-07-20 12:12:16,987 : DEBUG : load data from nomadlda_pubmed2m_t1000_1x8_i150_50_0.01_t40_Basic.update-stat
2017-07-20 12:12:16,987 : DEBUG : load data from nomadlda_pubmed2m_t1000_1x4_i150_50_0.01_t40_Basic.runtime-stat
2017-07-20 12:12:16,988 : DEBUG : load data from nomadlda_pubmed2m_t1000_1x8_i150_50_0.01_t40_Basic.runtime-stat
2017-07-20 12:12:16,988 : DEBUG : load data from nomadlda_pubmed2m_t1000_1x16_i100_50_0.01_t20_Basic.update-stat
2017-07-20 12:12:16,989 : DEBUG : load data from nomadlda_pubmed2m_t1000_1x16_i100_50_0.01_t20_Basic.iter-stat
2017-07-20 12:12:16,989 : DEBUG : load data from nomadlda_pubmed2m_t1000_1x64_i100_50_0.01_t50_Basic-mvapich2.iter-stat
2017-07-20 12:12:16,990 : DEBUG : load data from nomadlda_pubmed2m_t1000_1x8_i150_50_0.01_t40_Basic.iter-stat
2017-07-20 12:12:16,990 : DEBUG : load data from nomadlda_pubmed2m_t1000_1x64_i100_50_0.01_t50_Basic-mvapich2.runtime-stat
2017-07-20 12:12:16,990 : DEBUG : load data from nomadlda_pubmed2m_t1000_1x4_i150_50_0.01_t40_Basic.update-stat
2017-07-20 12:12:16,991 : DEBUG : load data from nomadlda_pubmed2m_t1000_1x2_i200_50_0.01_t60_Basic.runtime-stat
2017-07-20 12:12:16,992 : DEBUG : load data from nomadlda_pubmed2m_t1000_1x64_i100_50_0.01_t50_Basic-mvapich2.update-stat
2017-07-20 12:12:16,993 : DEBUG : load data from nomadlda_pubmed2m_t1000_1x2_i200_50_0.01_t60_Basic.iter-stat
2017-07-20 12:12:16,993 : ERROR : lightlda_pubmed2m_t1000_1x16_i400_.05000000_0.01_4_Basic.update-stat not found under /tmp/hpda/test/experiments/results/, .....
2017-07-20 12:12:16,994 : ERROR : lightlda_pubmed2m_t1000_1x1_i200_.05000000_0.01_4_Basic.update-stat not found under /tmp/hpda/test/experiments/results/, .....
2017-07-20 12:12:16,994 : ERROR : lightlda_pubmed2m_t1000_1x2_i200_.05000000_0.01_4_Basic.update-stat not found under /tmp/hpda/test/experiments/results/, .....
2017-07-20 12:12:16,994 : ERROR : lightlda_pubmed2m_t1000_1x32_i600_.05000000_0.01_4_Basic.update-stat not found under /tmp/hpda/test/experiments/results/, .....
2017-07-20 12:12:16,994 : ERROR : lightlda_pubmed2m_t1000_1x64_i200_.05000000_0.01_4_Basic.update-stat not found under /tmp/hpda/test/experiments/results/, .....
2017-07-20 12:12:16,994 : ERROR : lightlda_pubmed2m_t1000_1x4_i250_.05000000_0.01_4_Basic.update-stat not found under /tmp/hpda/test/experiments/results/, .....
2017-07-20 12:12:16,994 : ERROR : lightlda_pubmed2m_t1000_1x8_i300_.05000000_0.01_4_Basic.update-stat not found under /tmp/hpda/test/experiments/results/, .....
2017-07-20 12:12:16,994 : ERROR : nomadlda_pubmed2m_t1000_1x16_i100_50_0.01_t20_Basic.comput-stat not found under /tmp/hpda/test/experiments/results/, .....
2017-07-20 12:12:16,994 : ERROR : nomadlda_pubmed2m_t1000_1x1_i200_50_0.01_t60_Basic.comput-stat not found under /tmp/hpda/test/experiments/results/, .....
2017-07-20 12:12:16,994 : ERROR : nomadlda_pubmed2m_t1000_1x2_i200_50_0.01_t60_Basic.comput-stat not found under /tmp/hpda/test/experiments/results/, .....
2017-07-20 12:12:16,994 : ERROR : nomadlda_pubmed2m_t1000_1x32_i100_50_0.01_t20_Basic.comput-stat not found under /tmp/hpda/test/experiments/results/, .....
2017-07-20 12:12:16,994 : ERROR : nomadlda_pubmed2m_t1000_1x64_i100_50_0.01_t50_Basic-mvapich2.comput-stat not found under /tmp/hpda/test/experiments/results/, .....
2017-07-20 12:12:16,994 : ERROR : nomadlda_pubmed2m_t1000_1x4_i150_50_0.01_t40_Basic.comput-stat not found under /tmp/hpda/test/experiments/results/, .....
2017-07-20 12:12:16,994 : ERROR : nomadlda_pubmed2m_t1000_1x8_i150_50_0.01_t40_Basic.comput-stat not found under /tmp/hpda/test/experiments/results/, .....
2017-07-20 12:12:16,994 : ERROR : warplda_pubmed2m_t1000_1x16_i1000_50_0.01_4_Basic.comput-stat not found under /tmp/hpda/test/experiments/results/, .....
2017-07-20 12:12:16,994 : ERROR : warplda_pubmed2m_t1000_1x16_i1000_50_0.01_4_Basic.update-stat not found under /tmp/hpda/test/experiments/results/, .....
2017-07-20 12:12:16,994 : ERROR : warplda_pubmed2m_t1000_1x1_i1000_50_0.01_4_Basic.comput-stat not found under /tmp/hpda/test/experiments/results/, .....
2017-07-20 12:12:16,994 : ERROR : warplda_pubmed2m_t1000_1x1_i1000_50_0.01_4_Basic.update-stat not found under /tmp/hpda/test/experiments/results/, .....
2017-07-20 12:12:16,994 : ERROR : warplda_pubmed2m_t1000_1x2_i1000_50_0.01_4_Basic.comput-stat not found under /tmp/hpda/test/experiments/results/, .....
2017-07-20 12:12:16,994 : ERROR : warplda_pubmed2m_t1000_1x2_i1000_50_0.01_4_Basic.update-stat not found under /tmp/hpda/test/experiments/results/, .....
2017-07-20 12:12:16,994 : ERROR : warplda_pubmed2m_t1000_1x32_i1000_50_0.01_4_Basic.comput-stat not found under /tmp/hpda/test/experiments/results/, .....
2017-07-20 12:12:16,994 : ERROR : warplda_pubmed2m_t1000_1x32_i1000_50_0.01_4_Basic.update-stat not found under /tmp/hpda/test/experiments/results/, .....
2017-07-20 12:12:16,994 : ERROR : warplda_pubmed2m_t1000_1x64_i1200_50_0.01_4_Basic.comput-stat not found under /tmp/hpda/test/experiments/results/, .....
2017-07-20 12:12:16,994 : ERROR : warplda_pubmed2m_t1000_1x64_i1200_50_0.01_4_Basic.update-stat not found under /tmp/hpda/test/experiments/results/, .....
2017-07-20 12:12:16,994 : ERROR : warplda_pubmed2m_t1000_1x4_i1000_50_0.01_4_Basic.comput-stat not found under /tmp/hpda/test/experiments/results/, .....
2017-07-20 12:12:16,994 : ERROR : warplda_pubmed2m_t1000_1x4_i1000_50_0.01_4_Basic.update-stat not found under /tmp/hpda/test/experiments/results/, .....
2017-07-20 12:12:16,994 : ERROR : warplda_pubmed2m_t1000_1x8_i1000_50_0.01_4_Basic.comput-stat not found under /tmp/hpda/test/experiments/results/, .....
2017-07-20 12:12:16,994 : ERROR : warplda_pubmed2m_t1000_1x8_i1000_50_0.01_4_Basic.update-stat not found under /tmp/hpda/test/experiments/results/, .....
2017-07-20 12:12:17,028 : INFO : min rowcnt=-1
2017-07-20 12:12:17,029 : INFO : groupdata = [('harp_pubmed2m_j128_1x1_k1000_timer_l40_h80_r2_exp1basic', '1'), ('harp_pubmed2m_j128_1x2_k1000_timer_l40_h80_r2_exp1basic', '2'), ('harp_pubmed2m_j128_1x4_k1000_timer_l40_h80_r2_exp1basic', '4'), ('harp_pubmed2m_j128_1x8_k1000_timer_l40_h80_r2_exp1basic', '8'), ('harp_pubmed2m_j128_1x16_k1000_timer_l40_h80_r2_exp1basic', '16'), ('harp_pubmed2m_j128_1x32_k1000_timer_l40_h80_r2_exp1basic', '32'), ('harp_pubmed2m_j128_1x64_k1000_timer_l40_h80_r2_exp1basic', '64')]
2017-07-20 12:12:17,029 : INFO : countindex=[(0, 1, '1'), (1, 2, '2'), (2, 3, '4'), (3, 4, '8'), (4, 5, '16'), (5, 6, '32'), (6, 7, '64')]
2017-07-20 12:12:17,029 : INFO : Set fit_style to fit_all, fit_time =0
2017-07-20 12:12:17,029 : INFO : curves: [[1, 2383328.6205976722, 0.0], [2, 5023275.3764131572, 0.0], [4, 10318608.815985275, 0.0], [8, 19645803.234312516, 0.0], [16, 31791723.887638807, 0.0], [32, 53601153.137888566, 0.0], [64, 81384647.727814212, 0.0]]
2017-07-20 12:12:17,043 : INFO : min rowcnt=-1
2017-07-20 12:12:17,043 : INFO : groupdata = [('lightlda_pubmed2m_t1000_1x1_i200_.05000000_0.01_4_Basic', '1'), ('lightlda_pubmed2m_t1000_1x2_i200_.05000000_0.01_4_Basic', '2'), ('lightlda_pubmed2m_t1000_1x4_i250_.05000000_0.01_4_Basic', '4'), ('lightlda_pubmed2m_t1000_1x8_i300_.05000000_0.01_4_Basic', '8'), ('lightlda_pubmed2m_t1000_1x16_i400_.05000000_0.01_4_Basic', '16'), ('lightlda_pubmed2m_t1000_1x32_i600_.05000000_0.01_4_Basic', '32'), ('lightlda_pubmed2m_t1000_1x64_i200_.05000000_0.01_4_Basic', '64')]
2017-07-20 12:12:17,043 : INFO : countindex=[(0, 1, '1'), (1, 2, '2'), (2, 3, '4'), (3, 4, '8'), (4, 5, '16'), (5, 6, '32'), (6, 7, '64')]
2017-07-20 12:12:17,043 : INFO : Set fit_style to fit_all, fit_time =0
2017-07-20 12:12:17,044 : INFO : curves: [[1, 1165128.8792331265, 0.0], [2, 2350015.0944532487, 0.0], [4, 4274708.6616749223, 0.0], [8, 7933113.9918105751, 0.0], [16, 12719446.436791444, 0.0], [32, 15963811.461373391, 0.0], [64, 12408866.314644352, 0.0]]
2017-07-20 12:12:17,057 : INFO : min rowcnt=-1
2017-07-20 12:12:17,057 : INFO : groupdata = [('nomadlda_pubmed2m_t1000_1x1_i200_50_0.01_t60_Basic', '1'), ('nomadlda_pubmed2m_t1000_1x2_i200_50_0.01_t60_Basic', '2'), ('nomadlda_pubmed2m_t1000_1x4_i150_50_0.01_t40_Basic', '4'), ('nomadlda_pubmed2m_t1000_1x8_i150_50_0.01_t40_Basic', '8'), ('nomadlda_pubmed2m_t1000_1x16_i100_50_0.01_t20_Basic', '16'), ('nomadlda_pubmed2m_t1000_1x32_i100_50_0.01_t20_Basic', '32'), ('nomadlda_pubmed2m_t1000_1x64_i100_50_0.01_t50_Basic-mvapich2', '64')]
2017-07-20 12:12:17,057 : INFO : countindex=[(0, 1, '1'), (1, 2, '2'), (2, 3, '4'), (3, 4, '8'), (4, 5, '16'), (5, 6, '32'), (6, 7, '64')]
2017-07-20 12:12:17,057 : INFO : Set fit_style to fit_all, fit_time =0
2017-07-20 12:12:17,058 : INFO : curves: [[1, 2723045.4570833333, 0.0], [2, 5553595.9800833333, 0.0], [4, 7929699.0294950837, 0.0], [8, 8978453.7073821034, 0.0], [16, 8921259.6096951533, 0.0], [32, 10850632.702500001, 0.0], [64, 19793750.0902, 0.0]]
2017-07-20 12:12:17,071 : INFO : min rowcnt=-1
2017-07-20 12:12:17,071 : INFO : groupdata = [('warplda_pubmed2m_t1000_1x1_i1000_50_0.01_4_Basic', '1'), ('warplda_pubmed2m_t1000_1x2_i1000_50_0.01_4_Basic', '2'), ('warplda_pubmed2m_t1000_1x4_i1000_50_0.01_4_Basic', '4'), ('warplda_pubmed2m_t1000_1x8_i1000_50_0.01_4_Basic', '8'), ('warplda_pubmed2m_t1000_1x16_i1000_50_0.01_4_Basic', '16'), ('warplda_pubmed2m_t1000_1x32_i1000_50_0.01_4_Basic', '32'), ('warplda_pubmed2m_t1000_1x64_i1200_50_0.01_4_Basic', '64')]
2017-07-20 12:12:17,071 : INFO : countindex=[(0, 1, '1'), (1, 2, '2'), (2, 3, '4'), (3, 4, '8'), (4, 5, '16'), (5, 6, '32'), (6, 7, '64')]
2017-07-20 12:12:17,072 : INFO : Set fit_style to fit_all, fit_time =0
2017-07-20 12:12:17,072 : INFO : curves: [[1, 19122666.341195825, 0.0], [2, 32353134.641799573, 0.0], [4, 56741515.223858558, 0.0], [8, 105878712.86117561, 0.0], [16, 189263071.36388972, 0.0], [32, 295277840.45343333, 0.0], [64, 408141717.20911574, 0.0]]
2017-07-20 12:12:17,092 : INFO : idx=2, dataset=enwiki-10k
2017-07-20 12:12:17,092 : INFO : set_subplot curax = Axes(0.175,0.15;0.133621x0.235294)
2017-07-20 12:12:17,092 : INFO : ====================
2017-07-20 12:12:17,092 : INFO : StartPlot: accuracy_itertime
2017-07-20 12:12:17,092 : INFO : ====================
2017-07-20 12:12:17,103 : DEBUG : load data from lightlda_enwiki_t10000_1x1_i200_.00500000_0.01_4_Basic.iter-stat
2017-07-20 12:12:17,104 : DEBUG : load data from lightlda_enwiki_t10000_1x1_i200_.00500000_0.01_4_Basic.runtime-stat
2017-07-20 12:12:17,105 : DEBUG : load data from lightlda_enwiki_t10000_1x1_i200_.00500000_0.01_4_Basic.likelihood
2017-07-20 12:12:17,107 : DEBUG : load data from harp_enwiki_j128_1x1_k10000_timer_l40_h80_r2_exp1basic.runtime-stat
2017-07-20 12:12:17,108 : DEBUG : load data from harp_enwiki_j128_1x1_k10000_timer_l40_h80_r2_exp1basic.likelihood
2017-07-20 12:12:17,108 : DEBUG : load data from harp_enwiki_j128_1x1_k10000_timer_l40_h80_r2_exp1basic.iter-stat
2017-07-20 12:12:17,109 : DEBUG : load data from harp_enwiki_j128_1x1_k10000_timer_l40_h80_r2_exp1basic.update-stat
2017-07-20 12:12:17,111 : DEBUG : load data from warplda_enwiki_t10000_1x1_i1200_50_0.01_8_Basic.iter-stat
2017-07-20 12:12:17,114 : DEBUG : load data from warplda_enwiki_t10000_1x1_i1200_50_0.01_8_Basic.likelihood
2017-07-20 12:12:17,116 : DEBUG : load data from warplda_enwiki_t10000_1x1_i1200_50_0.01_8_Basic.runtime-stat
2017-07-20 12:12:17,121 : DEBUG : load data from nomadlda_enwiki_t10000_1x1_i500_50_0.01_t200_Basic-mvapich2.iter-stat
2017-07-20 12:12:17,122 : DEBUG : load data from nomadlda_enwiki_t10000_1x1_i500_50_0.01_t200_Basic-mvapich2.update-stat
2017-07-20 12:12:17,124 : DEBUG : load data from nomadlda_enwiki_t10000_1x1_i500_50_0.01_t200_Basic-mvapich2.likelihood
2017-07-20 12:12:17,126 : DEBUG : load data from nomadlda_enwiki_t10000_1x1_i500_50_0.01_t200_Basic-mvapich2.runtime-stat
2017-07-20 12:12:17,128 : ERROR : lightlda_enwiki_t10000_1x1_i200_.00500000_0.01_4_Basic.update-stat not found under /tmp/hpda/test/experiments/results/, .....
2017-07-20 12:12:17,128 : ERROR : warplda_enwiki_t10000_1x1_i1200_50_0.01_8_Basic.update-stat not found under /tmp/hpda/test/experiments/results/, .....
2017-07-20 12:12:17,128 : DEBUG : runtime_name=harp_enwiki_j128_1x1_k10000_timer_l40_h80_r2_exp1basic.runtime-stat
2017-07-20 12:12:17,128 : DEBUG : runtime_name=lightlda_enwiki_t10000_1x1_i200_.00500000_0.01_4_Basic.runtime-stat
2017-07-20 12:12:17,128 : DEBUG : runtime_name=nomadlda_enwiki_t10000_1x1_i500_50_0.01_t200_Basic-mvapich2.runtime-stat
2017-07-20 12:12:17,128 : DEBUG : runtime_name=warplda_enwiki_t10000_1x1_i1200_50_0.01_8_Basic.runtime-stat
2017-07-20 12:12:17,128 : INFO : shortest iternum = None
2017-07-20 12:12:17,128 : INFO : do sampling on ['harp', 'ligh', 'noma', 'warp'] before render,sample=10
2017-07-20 12:12:17,129 : INFO : _trace_shortest_x = 1e+24, x[-1]=82189.838
2017-07-20 12:12:17,129 : INFO : do sampling on ['harp', 'ligh', 'noma', 'warp'] before render,sample=10
2017-07-20 12:12:17,130 : INFO : _trace_shortest_x = 82189.838, x[-1]=254190.0
2017-07-20 12:12:17,130 : INFO : do sampling on ['harp', 'ligh', 'noma', 'warp'] before render,sample=10
2017-07-20 12:12:17,132 : INFO : _trace_shortest_x = 82189.838, x[-1]=99820.0
2017-07-20 12:12:17,132 : INFO : do sampling on ['harp', 'ligh', 'noma', 'warp'] before render,sample=10
2017-07-20 12:12:17,133 : INFO : _trace_shortest_x = 82189.838, x[-1]=81371.91408
2017-07-20 12:12:17,133 : INFO : _trace_shortest_x = 81371.91408
2017-07-20 12:12:17,133 : INFO : set_subplot curax = Axes(0.335345,0.15;0.133621x0.235294)
2017-07-20 12:12:17,133 : INFO : ====================
2017-07-20 12:12:17,133 : INFO : StartPlot: accuracy_iter
2017-07-20 12:12:17,133 : INFO : ====================
2017-07-20 12:12:17,151 : ERROR : lightlda_enwiki_t10000_1x1_i200_.00500000_0.01_4_Basic.update-stat not found under /tmp/hpda/test/experiments/results/, .....
2017-07-20 12:12:17,151 : ERROR : warplda_enwiki_t10000_1x1_i1200_50_0.01_8_Basic.update-stat not found under /tmp/hpda/test/experiments/results/, .....
2017-07-20 12:12:17,151 : DEBUG : runtime_name=harp_enwiki_j128_1x1_k10000_timer_l40_h80_r2_exp1basic.runtime-stat
2017-07-20 12:12:17,151 : DEBUG : runtime_name=lightlda_enwiki_t10000_1x1_i200_.00500000_0.01_4_Basic.runtime-stat
2017-07-20 12:12:17,151 : DEBUG : runtime_name=nomadlda_enwiki_t10000_1x1_i500_50_0.01_t200_Basic-mvapich2.runtime-stat
2017-07-20 12:12:17,151 : DEBUG : runtime_name=warplda_enwiki_t10000_1x1_i1200_50_0.01_8_Basic.runtime-stat
2017-07-20 12:12:17,151 : INFO : shortest iternum = None
2017-07-20 12:12:17,151 : INFO : do sampling on ['harp', 'ligh', 'noma', 'warp'] before render,sample=10
2017-07-20 12:12:17,152 : INFO : _trace_shortest_x = 1e+24, x[-1]=100.0
2017-07-20 12:12:17,152 : INFO : do sampling on ['harp', 'ligh', 'noma', 'warp'] before render,sample=10
2017-07-20 12:12:17,153 : INFO : _trace_shortest_x = 100.0, x[-1]=196
2017-07-20 12:12:17,153 : INFO : do sampling on ['harp', 'ligh', 'noma', 'warp'] before render,sample=10
2017-07-20 12:12:17,154 : INFO : _trace_shortest_x = 100.0, x[-1]=168.97
2017-07-20 12:12:17,154 : INFO : do sampling on ['harp', 'ligh', 'noma', 'warp'] before render,sample=10
2017-07-20 12:12:17,155 : INFO : _trace_shortest_x = 100.0, x[-1]=1196
2017-07-20 12:12:17,156 : INFO : _trace_shortest_x = 100.0
2017-07-20 12:12:17,156 : INFO : set_subplot curax = Axes(0.49569,0.15;0.133621x0.235294)
2017-07-20 12:12:17,156 : INFO : ====================
2017-07-20 12:12:17,156 : INFO : StartPlot: throughput_runtime
2017-07-20 12:12:17,156 : INFO : ====================
2017-07-20 12:12:17,167 : DEBUG : load data from lightlda_enwiki_t10000_1x1_i200_.00500000_0.01_4_Basic.comput-stat
2017-07-20 12:12:17,170 : DEBUG : load data from harp_enwiki_j128_1x1_k10000_timer_l40_h80_r2_exp1basic.comput-stat
2017-07-20 12:12:17,175 : ERROR : lightlda_enwiki_t10000_1x1_i200_.00500000_0.01_4_Basic.update-stat not found under /tmp/hpda/test/experiments/results/, .....
2017-07-20 12:12:17,175 : ERROR : nomadlda_enwiki_t10000_1x1_i500_50_0.01_t200_Basic-mvapich2.comput-stat not found under /tmp/hpda/test/experiments/results/, .....
2017-07-20 12:12:17,175 : ERROR : warplda_enwiki_t10000_1x1_i1200_50_0.01_8_Basic.comput-stat not found under /tmp/hpda/test/experiments/results/, .....
2017-07-20 12:12:17,175 : ERROR : warplda_enwiki_t10000_1x1_i1200_50_0.01_8_Basic.update-stat not found under /tmp/hpda/test/experiments/results/, .....
2017-07-20 12:12:17,175 : DEBUG : runtime_name=harp_enwiki_j128_1x1_k10000_timer_l40_h80_r2_exp1basic.runtime-stat
2017-07-20 12:12:17,175 : DEBUG : runtime_name=lightlda_enwiki_t10000_1x1_i200_.00500000_0.01_4_Basic.runtime-stat
2017-07-20 12:12:17,175 : DEBUG : runtime_name=nomadlda_enwiki_t10000_1x1_i500_50_0.01_t200_Basic-mvapich2.runtime-stat
2017-07-20 12:12:17,175 : DEBUG : runtime_name=warplda_enwiki_t10000_1x1_i1200_50_0.01_8_Basic.runtime-stat
2017-07-20 12:12:17,175 : INFO : grp_size:4
2017-07-20 12:12:17,175 : INFO : do sampling on data before render,sample=10
2017-07-20 12:12:17,176 : INFO : do sampling on data before render,sample=10
2017-07-20 12:12:17,177 : INFO : do sampling on data before render,sample=10
2017-07-20 12:12:17,178 : INFO : do sampling on data before render,sample=10
2017-07-20 12:12:17,185 : INFO : set_subplot curax = Axes(0.656034,0.15;0.133621x0.235294)
2017-07-20 12:12:17,185 : INFO : ====================
2017-07-20 12:12:17,185 : INFO : StartPlot: accuracy_itertime
2017-07-20 12:12:17,185 : INFO : ====================
2017-07-20 12:12:17,196 : DEBUG : load data from lightlda_enwiki_t10000_1x32_i200_.00500000_0.01_4_Basic-2.likelihood
2017-07-20 12:12:17,197 : DEBUG : load data from lightlda_enwiki_t10000_1x32_i200_.00500000_0.01_4_Basic-2.runtime-stat
2017-07-20 12:12:17,197 : DEBUG : load data from lightlda_enwiki_t10000_1x32_i200_.00500000_0.01_4_Basic-2.iter-stat
2017-07-20 12:12:17,200 : DEBUG : load data from harp_enwiki_j128_1x32_k10000_timer_l40_h80_r2_exp1basic.update-stat
2017-07-20 12:12:17,201 : DEBUG : load data from harp_enwiki_j128_1x32_k10000_timer_l40_h80_r2_exp1basic.iter-stat
2017-07-20 12:12:17,202 : DEBUG : load data from harp_enwiki_j128_1x32_k10000_timer_l40_h80_r2_exp1basic.runtime-stat
2017-07-20 12:12:17,202 : DEBUG : load data from harp_enwiki_j128_1x32_k10000_timer_l40_h80_r2_exp1basic.likelihood
2017-07-20 12:12:17,204 : DEBUG : load data from warplda_enwiki_t10000_1x32_i1200_50_0.01_8_Basic.iter-stat
2017-07-20 12:12:17,207 : DEBUG : load data from warplda_enwiki_t10000_1x32_i1200_50_0.01_8_Basic.runtime-stat
2017-07-20 12:12:17,209 : DEBUG : load data from warplda_enwiki_t10000_1x32_i1200_50_0.01_8_Basic.likelihood
2017-07-20 12:12:17,213 : DEBUG : load data from nomadlda_enwiki_t10000_1x32_i100_50_0.01_t50_Basic-mvapich2.likelihood
2017-07-20 12:12:17,213 : DEBUG : load data from nomadlda_enwiki_t10000_1x32_i100_50_0.01_t50_Basic-mvapich2.update-stat
2017-07-20 12:12:17,214 : DEBUG : load data from nomadlda_enwiki_t10000_1x32_i100_50_0.01_t50_Basic-mvapich2.runtime-stat
2017-07-20 12:12:17,214 : DEBUG : load data from nomadlda_enwiki_t10000_1x32_i100_50_0.01_t50_Basic-mvapich2.iter-stat
2017-07-20 12:12:17,215 : ERROR : lightlda_enwiki_t10000_1x32_i200_.00500000_0.01_4_Basic-2.update-stat not found under /tmp/hpda/test/experiments/results/, .....
2017-07-20 12:12:17,215 : ERROR : warplda_enwiki_t10000_1x32_i1200_50_0.01_8_Basic.update-stat not found under /tmp/hpda/test/experiments/results/, .....
2017-07-20 12:12:17,215 : DEBUG : runtime_name=harp_enwiki_j128_1x32_k10000_timer_l40_h80_r2_exp1basic.runtime-stat
2017-07-20 12:12:17,215 : DEBUG : runtime_name=lightlda_enwiki_t10000_1x32_i200_.00500000_0.01_4_Basic-2.runtime-stat
2017-07-20 12:12:17,215 : DEBUG : runtime_name=nomadlda_enwiki_t10000_1x32_i100_50_0.01_t50_Basic-mvapich2.runtime-stat
2017-07-20 12:12:17,215 : DEBUG : runtime_name=warplda_enwiki_t10000_1x32_i1200_50_0.01_8_Basic.runtime-stat
2017-07-20 12:12:17,215 : INFO : shortest iternum = None
2017-07-20 12:12:17,215 : INFO : do sampling on ['harp', 'ligh', 'noma', 'warp'] before render,sample=10
2017-07-20 12:12:17,216 : INFO : _trace_shortest_x = 1e+24, x[-1]=3869.108
2017-07-20 12:12:17,217 : INFO : do sampling on ['harp', 'ligh', 'noma', 'warp'] before render,sample=10
2017-07-20 12:12:17,218 : INFO : _trace_shortest_x = 3869.108, x[-1]=20409.0
2017-07-20 12:12:17,218 : INFO : do sampling on ['harp', 'ligh', 'noma', 'warp'] before render,sample=10
2017-07-20 12:12:17,219 : INFO : _trace_shortest_x = 3869.108, x[-1]=5001.0
2017-07-20 12:12:17,219 : INFO : do sampling on ['harp', 'ligh', 'noma', 'warp'] before render,sample=10
2017-07-20 12:12:17,220 : INFO : _trace_shortest_x = 3869.108, x[-1]=4707.70357
2017-07-20 12:12:17,220 : INFO : _trace_shortest_x = 3869.108
2017-07-20 12:12:17,220 : INFO : set_subplot curax = Axes(0.816379,0.15;0.133621x0.235294)
2017-07-20 12:12:17,220 : INFO : ====================
2017-07-20 12:12:17,220 : INFO : StartPlot: scalability
2017-07-20 12:12:17,220 : INFO : ====================
2017-07-20 12:12:17,234 : DEBUG : load data from lightlda_enwiki_t10000_1x16_i200_.00500000_0.01_4_Basic.iter-stat
2017-07-20 12:12:17,235 : DEBUG : load data from lightlda_enwiki_t10000_1x4_i200_.00500000_0.01_4_Basic.comput-stat
2017-07-20 12:12:17,235 : DEBUG : load data from lightlda_enwiki_t10000_1x8_i200_.00500000_0.01_4_Basic.runtime-stat
2017-07-20 12:12:17,236 : DEBUG : load data from lightlda_enwiki_t10000_1x16_i200_.00500000_0.01_4_Basic.comput-stat
2017-07-20 12:12:17,236 : DEBUG : load data from lightlda_enwiki_t10000_1x16_i200_.00500000_0.01_4_Basic.runtime-stat
2017-07-20 12:12:17,237 : DEBUG : load data from lightlda_enwiki_t10000_1x4_i200_.00500000_0.01_4_Basic.runtime-stat
2017-07-20 12:12:17,238 : DEBUG : load data from lightlda_enwiki_t10000_1x32_i200_.00500000_0.01_4_Basic-2.comput-stat
2017-07-20 12:12:17,238 : DEBUG : load data from lightlda_enwiki_t10000_1x64_i200_.00500000_0.01_4_Basic-2.runtime-stat
2017-07-20 12:12:17,239 : DEBUG : load data from lightlda_enwiki_t10000_1x8_i200_.00500000_0.01_4_Basic.iter-stat
2017-07-20 12:12:17,239 : DEBUG : load data from lightlda_enwiki_t10000_1x64_i200_.00500000_0.01_4_Basic-2.comput-stat
2017-07-20 12:12:17,240 : DEBUG : load data from lightlda_enwiki_t10000_1x8_i200_.00500000_0.01_4_Basic.comput-stat
2017-07-20 12:12:17,241 : DEBUG : load data from lightlda_enwiki_t10000_1x64_i200_.00500000_0.01_4_Basic-2.iter-stat
2017-07-20 12:12:17,241 : DEBUG : load data from lightlda_enwiki_t10000_1x4_i200_.00500000_0.01_4_Basic.iter-stat
2017-07-20 12:12:17,242 : DEBUG : load data from lightlda_enwiki_t10000_1x2_i200_.00500000_0.01_4_Basic.comput-stat
2017-07-20 12:12:17,243 : DEBUG : load data from lightlda_enwiki_t10000_1x2_i200_.00500000_0.01_4_Basic.iter-stat
2017-07-20 12:12:17,243 : DEBUG : load data from lightlda_enwiki_t10000_1x2_i200_.00500000_0.01_4_Basic.runtime-stat
2017-07-20 12:12:17,246 : DEBUG : load data from harp_enwiki_j128_1x16_k10000_timer_l40_h80_r2_exp1basic.iter-stat
2017-07-20 12:12:17,247 : DEBUG : load data from harp_enwiki_j128_1x2_k10000_timer_l40_h80_r2_exp1basic.update-stat
2017-07-20 12:12:17,248 : DEBUG : load data from harp_enwiki_j128_1x16_k10000_timer_l40_h80_r2_exp1basic.update-stat
2017-07-20 12:12:17,249 : DEBUG : load data from harp_enwiki_j128_1x4_k10000_timer_l40_h80_r2_exp1basic.runtime-stat
2017-07-20 12:12:17,249 : DEBUG : load data from harp_enwiki_j128_1x8_k10000_timer_l40_h80_r2_exp1basic.update-stat
2017-07-20 12:12:17,250 : DEBUG : load data from harp_enwiki_j128_1x4_k10000_timer_l40_h80_r2_exp1basic.comput-stat
2017-07-20 12:12:17,250 : DEBUG : load data from harp_enwiki_j128_1x8_k10000_timer_l40_h80_r2_exp1basic.comput-stat
2017-07-20 12:12:17,251 : DEBUG : load data from harp_enwiki_j128_1x2_k10000_timer_l40_h80_r2_exp1basic.runtime-stat
2017-07-20 12:12:17,251 : DEBUG : load data from harp_enwiki_j128_1x4_k10000_timer_l40_h80_r2_exp1basic.iter-stat
2017-07-20 12:12:17,252 : DEBUG : load data from harp_enwiki_j128_1x8_k10000_timer_l40_h80_r2_exp1basic.iter-stat
2017-07-20 12:12:17,252 : DEBUG : load data from harp_enwiki_j128_1x4_k10000_timer_l40_h80_r2_exp1basic.update-stat
2017-07-20 12:12:17,253 : DEBUG : load data from harp_enwiki_j128_1x8_k10000_timer_l40_h80_r2_exp1basic.runtime-stat
2017-07-20 12:12:17,253 : DEBUG : load data from harp_enwiki_j128_1x64_k10000_timer_l40_h80_r2_exp1basic.update-stat
2017-07-20 12:12:17,254 : DEBUG : load data from harp_enwiki_j128_1x2_k10000_timer_l40_h80_r2_exp1basic.comput-stat
2017-07-20 12:12:17,255 : DEBUG : load data from harp_enwiki_j128_1x2_k10000_timer_l40_h80_r2_exp1basic.iter-stat
2017-07-20 12:12:17,256 : DEBUG : load data from harp_enwiki_j128_1x64_k10000_timer_l40_h80_r2_exp1basic.iter-stat
2017-07-20 12:12:17,256 : DEBUG : load data from harp_enwiki_j128_1x16_k10000_timer_l40_h80_r2_exp1basic.runtime-stat
2017-07-20 12:12:17,257 : DEBUG : load data from harp_enwiki_j128_1x64_k10000_timer_l40_h80_r2_exp1basic.comput-stat
2017-07-20 12:12:17,257 : DEBUG : load data from harp_enwiki_j128_1x16_k10000_timer_l40_h80_r2_exp1basic.comput-stat
2017-07-20 12:12:17,258 : DEBUG : load data from harp_enwiki_j128_1x32_k10000_timer_l40_h80_r2_exp1basic.comput-stat
2017-07-20 12:12:17,259 : DEBUG : load data from harp_enwiki_j128_1x64_k10000_timer_l40_h80_r2_exp1basic.runtime-stat
2017-07-20 12:12:17,260 : DEBUG : load data from warplda_enwiki_t10000_1x2_i1200_50_0.01_8_Basic.runtime-stat
2017-07-20 12:12:17,263 : DEBUG : load data from warplda_enwiki_t10000_1x64_i1200_50_0.01_8_Basic.runtime-stat
2017-07-20 12:12:17,266 : DEBUG : load data from warplda_enwiki_t10000_1x4_i1200_50_0.01_8_Basic.iter-stat
2017-07-20 12:12:17,269 : DEBUG : load data from warplda_enwiki_t10000_1x8_i1200_50_0.01_8_Basic.iter-stat
2017-07-20 12:12:17,272 : DEBUG : load data from warplda_enwiki_t10000_1x64_i1200_50_0.01_8_Basic.iter-stat
2017-07-20 12:12:17,274 : DEBUG : load data from warplda_enwiki_t10000_1x2_i1200_50_0.01_8_Basic.iter-stat
2017-07-20 12:12:17,277 : DEBUG : load data from warplda_enwiki_t10000_1x16_i1200_50_0.01_8_Basic.iter-stat
2017-07-20 12:12:17,280 : DEBUG : load data from warplda_enwiki_t10000_1x4_i1200_50_0.01_8_Basic.runtime-stat
2017-07-20 12:12:17,283 : DEBUG : load data from warplda_enwiki_t10000_1x16_i1200_50_0.01_8_Basic.runtime-stat
2017-07-20 12:12:17,285 : DEBUG : load data from warplda_enwiki_t10000_1x8_i1200_50_0.01_8_Basic.runtime-stat
2017-07-20 12:12:17,291 : DEBUG : load data from nomadlda_enwiki_t10000_1x2_i500_50_0.01_t200_Basic-mvapich2.runtime-stat
2017-07-20 12:12:17,292 : DEBUG : load data from nomadlda_enwiki_t10000_1x16_i100_50_0.01_t50_Basic-mvapich2.update-stat
2017-07-20 12:12:17,293 : DEBUG : load data from nomadlda_enwiki_t10000_1x8_i200_50_0.01_t100_Basic-mvapich2.runtime-stat
2017-07-20 12:12:17,293 : DEBUG : load data from nomadlda_enwiki_t10000_1x64_i100_50_0.01_t50_Basic-mvapich2.update-stat
2017-07-20 12:12:17,294 : DEBUG : load data from nomadlda_enwiki_t10000_1x2_i500_50_0.01_t200_Basic-mvapich2.update-stat
2017-07-20 12:12:17,295 : DEBUG : load data from nomadlda_enwiki_t10000_1x2_i500_50_0.01_t200_Basic-mvapich2.iter-stat
2017-07-20 12:12:17,296 : DEBUG : load data from nomadlda_enwiki_t10000_1x8_i200_50_0.01_t100_Basic-mvapich2.update-stat
2017-07-20 12:12:17,297 : DEBUG : load data from nomadlda_enwiki_t10000_1x16_i100_50_0.01_t50_Basic-mvapich2.runtime-stat
2017-07-20 12:12:17,297 : DEBUG : load data from nomadlda_enwiki_t10000_1x4_i400_50_0.01_t100_Basic-mvapich2.runtime-stat
2017-07-20 12:12:17,298 : DEBUG : load data from nomadlda_enwiki_t10000_1x64_i100_50_0.01_t50_Basic-mvapich2.iter-stat
2017-07-20 12:12:17,299 : DEBUG : load data from nomadlda_enwiki_t10000_1x64_i100_50_0.01_t50_Basic-mvapich2.runtime-stat
2017-07-20 12:12:17,299 : DEBUG : load data from nomadlda_enwiki_t10000_1x4_i400_50_0.01_t100_Basic-mvapich2.update-stat
2017-07-20 12:12:17,301 : DEBUG : load data from nomadlda_enwiki_t10000_1x8_i200_50_0.01_t100_Basic-mvapich2.iter-stat
2017-07-20 12:12:17,301 : DEBUG : load data from nomadlda_enwiki_t10000_1x4_i400_50_0.01_t100_Basic-mvapich2.iter-stat
2017-07-20 12:12:17,302 : DEBUG : load data from nomadlda_enwiki_t10000_1x16_i100_50_0.01_t50_Basic-mvapich2.iter-stat
2017-07-20 12:12:17,303 : ERROR : lightlda_enwiki_t10000_1x16_i200_.00500000_0.01_4_Basic.update-stat not found under /tmp/hpda/test/experiments/results/, .....
2017-07-20 12:12:17,303 : ERROR : lightlda_enwiki_t10000_1x1_i200_.00500000_0.01_4_Basic.update-stat not found under /tmp/hpda/test/experiments/results/, .....
2017-07-20 12:12:17,303 : ERROR : lightlda_enwiki_t10000_1x2_i200_.00500000_0.01_4_Basic.update-stat not found under /tmp/hpda/test/experiments/results/, .....
2017-07-20 12:12:17,303 : ERROR : lightlda_enwiki_t10000_1x32_i200_.00500000_0.01_4_Basic-2.update-stat not found under /tmp/hpda/test/experiments/results/, .....
2017-07-20 12:12:17,303 : ERROR : lightlda_enwiki_t10000_1x64_i200_.00500000_0.01_4_Basic-2.update-stat not found under /tmp/hpda/test/experiments/results/, .....
2017-07-20 12:12:17,303 : ERROR : lightlda_enwiki_t10000_1x4_i200_.00500000_0.01_4_Basic.update-stat not found under /tmp/hpda/test/experiments/results/, .....
2017-07-20 12:12:17,303 : ERROR : lightlda_enwiki_t10000_1x8_i200_.00500000_0.01_4_Basic.update-stat not found under /tmp/hpda/test/experiments/results/, .....
2017-07-20 12:12:17,303 : ERROR : nomadlda_enwiki_t10000_1x16_i100_50_0.01_t50_Basic-mvapich2.comput-stat not found under /tmp/hpda/test/experiments/results/, .....
2017-07-20 12:12:17,303 : ERROR : nomadlda_enwiki_t10000_1x1_i500_50_0.01_t200_Basic-mvapich2.comput-stat not found under /tmp/hpda/test/experiments/results/, .....
2017-07-20 12:12:17,303 : ERROR : nomadlda_enwiki_t10000_1x2_i500_50_0.01_t200_Basic-mvapich2.comput-stat not found under /tmp/hpda/test/experiments/results/, .....
2017-07-20 12:12:17,303 : ERROR : nomadlda_enwiki_t10000_1x32_i100_50_0.01_t50_Basic-mvapich2.comput-stat not found under /tmp/hpda/test/experiments/results/, .....
2017-07-20 12:12:17,303 : ERROR : nomadlda_enwiki_t10000_1x64_i100_50_0.01_t50_Basic-mvapich2.comput-stat not found under /tmp/hpda/test/experiments/results/, .....
2017-07-20 12:12:17,304 : ERROR : nomadlda_enwiki_t10000_1x4_i400_50_0.01_t100_Basic-mvapich2.comput-stat not found under /tmp/hpda/test/experiments/results/, .....
2017-07-20 12:12:17,304 : ERROR : nomadlda_enwiki_t10000_1x8_i200_50_0.01_t100_Basic-mvapich2.comput-stat not found under /tmp/hpda/test/experiments/results/, .....
2017-07-20 12:12:17,304 : ERROR : warplda_enwiki_t10000_1x16_i1200_50_0.01_8_Basic.comput-stat not found under /tmp/hpda/test/experiments/results/, .....
2017-07-20 12:12:17,304 : ERROR : warplda_enwiki_t10000_1x16_i1200_50_0.01_8_Basic.update-stat not found under /tmp/hpda/test/experiments/results/, .....
2017-07-20 12:12:17,304 : ERROR : warplda_enwiki_t10000_1x1_i1200_50_0.01_8_Basic.comput-stat not found under /tmp/hpda/test/experiments/results/, .....
2017-07-20 12:12:17,304 : ERROR : warplda_enwiki_t10000_1x1_i1200_50_0.01_8_Basic.update-stat not found under /tmp/hpda/test/experiments/results/, .....
2017-07-20 12:12:17,304 : ERROR : warplda_enwiki_t10000_1x2_i1200_50_0.01_8_Basic.comput-stat not found under /tmp/hpda/test/experiments/results/, .....
2017-07-20 12:12:17,304 : ERROR : warplda_enwiki_t10000_1x2_i1200_50_0.01_8_Basic.update-stat not found under /tmp/hpda/test/experiments/results/, .....
2017-07-20 12:12:17,304 : ERROR : warplda_enwiki_t10000_1x32_i1200_50_0.01_8_Basic.comput-stat not found under /tmp/hpda/test/experiments/results/, .....
2017-07-20 12:12:17,304 : ERROR : warplda_enwiki_t10000_1x32_i1200_50_0.01_8_Basic.update-stat not found under /tmp/hpda/test/experiments/results/, .....
2017-07-20 12:12:17,304 : ERROR : warplda_enwiki_t10000_1x64_i1200_50_0.01_8_Basic.comput-stat not found under /tmp/hpda/test/experiments/results/, .....
2017-07-20 12:12:17,304 : ERROR : warplda_enwiki_t10000_1x64_i1200_50_0.01_8_Basic.update-stat not found under /tmp/hpda/test/experiments/results/, .....
2017-07-20 12:12:17,304 : ERROR : warplda_enwiki_t10000_1x4_i1200_50_0.01_8_Basic.comput-stat not found under /tmp/hpda/test/experiments/results/, .....
2017-07-20 12:12:17,304 : ERROR : warplda_enwiki_t10000_1x4_i1200_50_0.01_8_Basic.update-stat not found under /tmp/hpda/test/experiments/results/, .....
2017-07-20 12:12:17,304 : ERROR : warplda_enwiki_t10000_1x8_i1200_50_0.01_8_Basic.comput-stat not found under /tmp/hpda/test/experiments/results/, .....
2017-07-20 12:12:17,304 : ERROR : warplda_enwiki_t10000_1x8_i1200_50_0.01_8_Basic.update-stat not found under /tmp/hpda/test/experiments/results/, .....
2017-07-20 12:12:17,338 : INFO : min rowcnt=-1
2017-07-20 12:12:17,338 : INFO : groupdata = [('harp_enwiki_j128_1x1_k10000_timer_l40_h80_r2_exp1basic', '1'), ('harp_enwiki_j128_1x2_k10000_timer_l40_h80_r2_exp1basic', '2'), ('harp_enwiki_j128_1x4_k10000_timer_l40_h80_r2_exp1basic', '4'), ('harp_enwiki_j128_1x8_k10000_timer_l40_h80_r2_exp1basic', '8'), ('harp_enwiki_j128_1x16_k10000_timer_l40_h80_r2_exp1basic', '16'), ('harp_enwiki_j128_1x32_k10000_timer_l40_h80_r2_exp1basic', '32'), ('harp_enwiki_j128_1x64_k10000_timer_l40_h80_r2_exp1basic', '64')]
2017-07-20 12:12:17,338 : INFO : countindex=[(0, 1, '1'), (1, 2, '2'), (2, 3, '4'), (3, 4, '8'), (4, 5, '16'), (5, 6, '32'), (6, 7, '64')]
2017-07-20 12:12:17,338 : INFO : Set fit_style to fit_all, fit_time =0
2017-07-20 12:12:17,339 : INFO : curves: [[1, 1347981.7678677018, 0.0], [2, 2465731.4366071657, 0.0], [4, 5616518.4786762977, 0.0], [8, 8952667.949914176, 0.0], [16, 16814369.826554872, 0.0], [32, 31532897.457760286, 0.0], [64, 43689562.682111464, 0.0]]
2017-07-20 12:12:17,352 : INFO : min rowcnt=-1
2017-07-20 12:12:17,352 : INFO : groupdata = [('lightlda_enwiki_t10000_1x1_i200_.00500000_0.01_4_Basic', '1'), ('lightlda_enwiki_t10000_1x2_i200_.00500000_0.01_4_Basic', '2'), ('lightlda_enwiki_t10000_1x4_i200_.00500000_0.01_4_Basic', '4'), ('lightlda_enwiki_t10000_1x8_i200_.00500000_0.01_4_Basic', '8'), ('lightlda_enwiki_t10000_1x16_i200_.00500000_0.01_4_Basic', '16'), ('lightlda_enwiki_t10000_1x32_i200_.00500000_0.01_4_Basic-2', '32'), ('lightlda_enwiki_t10000_1x64_i200_.00500000_0.01_4_Basic-2', '64')]
2017-07-20 12:12:17,352 : INFO : countindex=[(0, 1, '1'), (1, 2, '2'), (2, 3, '4'), (3, 4, '8'), (4, 5, '16'), (5, 6, '32'), (6, 7, '64')]
2017-07-20 12:12:17,352 : INFO : Set fit_style to fit_all, fit_time =0
2017-07-20 12:12:17,352 : INFO : curves: [[1, 855202.17348197452, 0.0], [2, 1664586.6010917409, 0.0], [4, 3199106.6170611023, 0.0], [8, 5449828.9637374859, 0.0], [16, 9456265.5255414974, 0.0], [32, 10683376.010466637, 0.0], [64, 10619055.521048069, 0.0]]
2017-07-20 12:12:17,367 : INFO : min rowcnt=-1
2017-07-20 12:12:17,367 : INFO : groupdata = [('nomadlda_enwiki_t10000_1x1_i500_50_0.01_t200_Basic-mvapich2', '1'), ('nomadlda_enwiki_t10000_1x2_i500_50_0.01_t200_Basic-mvapich2', '2'), ('nomadlda_enwiki_t10000_1x4_i400_50_0.01_t100_Basic-mvapich2', '4'), ('nomadlda_enwiki_t10000_1x8_i200_50_0.01_t100_Basic-mvapich2', '8'), ('nomadlda_enwiki_t10000_1x16_i100_50_0.01_t50_Basic-mvapich2', '16'), ('nomadlda_enwiki_t10000_1x32_i100_50_0.01_t50_Basic-mvapich2', '32'), ('nomadlda_enwiki_t10000_1x64_i100_50_0.01_t50_Basic-mvapich2', '64')]
2017-07-20 12:12:17,367 : INFO : countindex=[(0, 1, '1'), (1, 2, '2'), (2, 3, '4'), (3, 4, '8'), (4, 5, '16'), (5, 6, '32'), (6, 7, '64')]
2017-07-20 12:12:17,367 : INFO : Set fit_style to fit_all, fit_time =0
2017-07-20 12:12:17,367 : INFO : curves: [[1, 1875351.9992686836, 0.0], [2, 3357122.3744214801, 0.0], [4, 6035813.9002498752, 0.0], [8, 8433192.9906030148, 0.0], [16, 8086202.2742902841, 0.0], [32, 12899050.548090382, 0.0], [64, 17522458.443911217, 0.0]]
2017-07-20 12:12:17,381 : INFO : min rowcnt=-1
2017-07-20 12:12:17,381 : INFO : groupdata = [('warplda_enwiki_t10000_1x1_i1200_50_0.01_8_Basic', '1'), ('warplda_enwiki_t10000_1x2_i1200_50_0.01_8_Basic', '2'), ('warplda_enwiki_t10000_1x4_i1200_50_0.01_8_Basic', '4'), ('warplda_enwiki_t10000_1x8_i1200_50_0.01_8_Basic', '8'), ('warplda_enwiki_t10000_1x16_i1200_50_0.01_8_Basic', '16'), ('warplda_enwiki_t10000_1x32_i1200_50_0.01_8_Basic', '32'), ('warplda_enwiki_t10000_1x64_i1200_50_0.01_8_Basic', '64')]
2017-07-20 12:12:17,381 : INFO : countindex=[(0, 1, '1'), (1, 2, '2'), (2, 3, '4'), (3, 4, '8'), (4, 5, '16'), (5, 6, '32'), (6, 7, '64')]
2017-07-20 12:12:17,381 : INFO : Set fit_style to fit_all, fit_time =0
2017-07-20 12:12:17,382 : INFO : curves: [[1, 16284696.655447079, 0.0], [2, 26405331.464000612, 0.0], [4, 49257069.485039033, 0.0], [8, 89384766.485663339, 0.0], [16, 160631117.70016938, 0.0], [32, 281504147.97998202, 0.0], [64, 346047429.80401522, 0.0]]
/N/u/pengb/anaconda2/lib/python2.7/site-packages/matplotlib/font_manager.py:1282: UserWarning: findfont: Font family [u'serif'] not found. Falling back to Bitstream Vera Sans
  (prop.get_family(), self.defaultFamily[fontext]))
/N/u/pengb/anaconda2/lib/python2.7/site-packages/matplotlib/collections.py:590: FutureWarning: elementwise comparison failed; returning scalar instead, but in the future will perform elementwise comparison
  if self._edgecolors == str('face'):
