### datafile /share/jproject/fg474/dataset/clueweb30b/petuum-24//clueweb-30B.ylda
### topic 10000 beta(0.010000) alpha(0.010000) eval(0) workers(24) threads per worker(30)
### iteration, docll, moll,  docll+moll, time per iter, total elapsed time
0  -2.364207e+11  -2.889504e+11  -5.253710e+11  772.075438 772.075438 
1  -2.167571e+11  -2.853602e+11  -5.021174e+11  698.870664 1470.946102 
2  -2.074658e+11  -2.818219e+11  -4.892877e+11  707.036077 2177.982179 
3  -1.985952e+11  -2.756645e+11  -4.742597e+11  665.070512 2843.052691 
4  -1.840471e+11  -2.643891e+11  -4.484363e+11  656.817526 3499.870217 
5  -1.683317e+11  -2.512113e+11  -4.195430e+11  627.979015 4127.849232 
6  -1.538028e+11  -2.380702e+11  -3.918729e+11  624.642379 4752.491611 
7  -1.427842e+11  -2.264809e+11  -3.692651e+11  600.943803 5353.435414 
8  -1.353992e+11  -2.166021e+11  -3.520013e+11  590.387728 5943.823142 
9  -1.308902e+11  -2.083026e+11  -3.391928e+11  563.488847 6507.311989 
10  -1.284282e+11  -2.013582e+11  -3.297864e+11  579.189712 7086.501701 
11  -1.272676e+11  -1.954947e+11  -3.227623e+11  557.891521 7644.393222 
12  -1.268267e+11  -1.904649e+11  -3.172915e+11  527.355882 8171.749104 
13  -1.267401e+11  -1.860884e+11  -3.128285e+11  545.184256 8716.933360 
14  -1.268227e+11  -1.822442e+11  -3.090669e+11  507.013607 9223.946967 
15  -1.269918e+11  -1.788387e+11  -3.058304e+11  500.170703 9724.117670 
16  -1.272047e+11  -1.758030e+11  -3.030077e+11  467.678470 10191.796140 
17  -1.274430e+11  -1.730784e+11  -3.005214e+11  464.910241 10656.706381 
18  -1.276908e+11  -1.706205e+11  -2.983114e+11  446.601526 11103.307907 
19  -1.279372e+11  -1.683907e+11  -2.963279e+11  438.792940 11542.100847 
20  -1.281797e+11  -1.663614e+11  -2.945411e+11  415.957921 11958.058768 
21  -1.284162e+11  -1.645075e+11  -2.929237e+11  410.305573 12368.364341 
22  -1.286443e+11  -1.628100e+11  -2.914543e+11  413.221971 12781.586312 
23  -1.288586e+11  -1.612515e+11  -2.901101e+11  428.426719 13210.013031 
24  -1.290633e+11  -1.598188e+11  -2.888821e+11  400.422883 13610.435914 
25  -1.292558e+11  -1.584981e+11  -2.877539e+11  393.739175 14004.175089 
26  -1.294373e+11  -1.572795e+11  -2.867168e+11  394.276784 14398.451873 
27  -1.296058e+11  -1.561526e+11  -2.857585e+11  379.370071 14777.821944 
28  -1.297637e+11  -1.551090e+11  -2.848727e+11  381.519462 15159.341406 
29  -1.299095e+11  -1.541411e+11  -2.840505e+11  399.154663 15558.496069 
30  -1.300560e+11  -1.532375e+11  -2.832934e+11  375.034006 15933.530075 
31  -1.301846e+11  -1.523962e+11  -2.825808e+11  373.815105 16307.345180 
32  -1.303098e+11  -1.516082e+11  -2.819180e+11  353.351793 16660.696973 
33  -1.304237e+11  -1.508716e+11  -2.812953e+11  354.722160 17015.419133 
34  -1.305357e+11  -1.501812e+11  -2.807169e+11  350.336027 17365.755160 
35  -1.306390e+11  -1.495324e+11  -2.801714e+11  352.989863 17718.745023 
36  -1.307311e+11  -1.489238e+11  -2.796548e+11  353.719253 18072.464276 
37  -1.308194e+11  -1.483487e+11  -2.791681e+11  369.616057 18442.080333 
38  -1.309023e+11  -1.478068e+11  -2.787091e+11  362.070728 18804.151061 
39  -1.309814e+11  -1.472957e+11  -2.782771e+11  359.984875 19164.135936 
40  -1.310554e+11  -1.468120e+11  -2.778674e+11  343.893161 19508.029097 
