options:
mpiexec -n 10 /tmp/hpda/pengb/hpda/test/ldanomad/bin/f+nomad-lda -T 50 -k 10000 -a 100 -b 0.01 -t 100 -n 30 /share/jproject/fg474/dataset//enwikix
Data loading done (1.35181 sec)!
start model init
starting model init
done model init
init phase done! 1107903630 tokens
Sat Mar 11 00:20:21 2017
:iter 1 time 50.63 totaltime 50.63 time-1 745.3 time-2 28.17 eplasetime 773.5 training-LL -2.23241e+10 Nwt 338963929 avg 0.305951 Nt 7830
after63451/65171 99937/100074 100088/0 100052/487470 100001/0 99671/1 100290/25140 100445/103984 100214/74133 142635/144028 
Sat Mar 11 00:33:29 2017
:iter 2 time 50.01 totaltime 100.6 time-1 761.8 time-2 26.41 eplasetime 1562 training-LL -2.11608e+10 Nwt 691832764 avg 0.624452 Nt 63359
after66251/66291 99937/87614 100088/54 100052/483308 100001/18035 99671/16851 100290/1363 100445/101344 100214/45353 179740/179788 
Sat Mar 11 00:47:31 2017
:iter 3 time 50.01 totaltime 150.6 time-1 816.5 time-2 25.52 eplasetime 2404 training-LL -2.02885e+10 Nwt 1013063294 avg 0.914397 Nt 143968
after69511/69551 99937/78054 100088/948 100052/449135 100001/54495 99671/159 100290/17334 100445/108784 100214/6653 214848/214888 
Sat Mar 11 01:01:20 2017
:iter 4 time 50.01 totaltime 200.6 time-1 805.3 time-2 23.68 eplasetime 3233 training-LL -1.96801e+10 Nwt 1344193374 avg 1.21328 Nt 241791
after14849/14871 99937/105714 100088/119 100052/437864 100001/59975 99671/9612 100290/28701 100445/103404 100214/784 238917/238957 
Sat Mar 11 01:15:13 2017
:iter 5 time 50.01 totaltime 250.7 time-1 801.7 time-2 31.36 eplasetime 4066 training-LL -1.92578e+10 Nwt 1676591810 avg 1.5133 Nt 350509
after738/763 99937/81862 100088/4252 100052/457350 100001/68795 99671/320 100290/37673 100445/105465 100214/937 242544/242584 
Sat Mar 11 01:29:31 2017
:iter 6 time 50.04 totaltime 300.7 time-1 835.2 time-2 22.39 eplasetime 4923 training-LL -1.89144e+10 Nwt 1988507171 avg 1.79484 Nt 448690
after599/639 99937/54907 100088/226192 100052/220150 100001/106395 99671/81 100290/47132 100445/102664 100214/139 241679/241702 
Sat Mar 11 01:46:12 2017
:iter 7 time 50.01 totaltime 350.7 time-1 980.2 time-2 21.53 eplasetime 5925 training-LL -1.85971e+10 Nwt 2327834751 avg 2.10112 Nt 573600
after1749/1791 99937/92154 100088/194932 100052/205091 100001/142975 99671/371 100290/48862 100445/110664 100214/78 203081/203083 
Sat Mar 11 02:02:02 2017
:iter 8 time 50.01 totaltime 400.7 time-1 928.3 time-2 21.19 eplasetime 6875 training-LL -1.83189e+10 Nwt 2669310033 avg 2.40933 Nt 707250
after88/108 99937/131217 100088/183992 100052/183550 100001/170755 99671/178 100290/61015 100445/109684 100214/247 159215/159255 
Sat Mar 11 02:17:34 2017
:iter 9 time 50.01 totaltime 450.7 time-1 911.5 time-2 21.02 eplasetime 7807 training-LL -1.80592e+10 Nwt 3010478995 avg 2.71728 Nt 845670
after1029/1049 99937/152756 100088/178053 100052/160330 100001/200955 99671/108 100290/67485 100445/116444 100214/757 122024/122064 
Sat Mar 11 02:33:36 2017
:iter 10 time 50 totaltime 500.7 time-1 941.7 time-2 20.41 eplasetime 8769 training-LL -1.78218e+10 Nwt 3334045678 avg 3.00933 Nt 989880
after5829/5869 99937/156076 100088/168772 100052/158370 100001/201675 99671/1159 100290/71294 100445/131444 100214/329 104991/105013 
Sat Mar 11 02:48:01 2017
:iter 11 time 50.01 totaltime 550.7 time-1 844.6 time-2 20.19 eplasetime 9634 training-LL -1.75785e+10 Nwt 3671021951 avg 3.31348 Nt 1139298
after521/561 99937/164485 100088/162012 100052/142850 100001/224575 99671/270 100290/77703 100445/139684 100214/486 87335/87375 
Sat Mar 11 03:02:11 2017
:iter 12 time 50 totaltime 600.7 time-1 830.7 time-2 19.59 eplasetime 1.048e+04 training-LL -1.73258e+10 Nwt 4016612452 avg 3.62542 Nt 1286815
after35/75 99937/126290 100088/224092 100052/123770 100001/238715 99671/58 100290/86715 100445/141945 100214/860 57461/57481 
Sat Mar 11 03:15:59 2017
:iter 13 time 50 totaltime 650.7 time-1 807.3 time-2 20.16 eplasetime 1.131e+04 training-LL -1.70729e+10 Nwt 4350274517 avg 3.92658 Nt 1441663
after2479/2499 99937/142826 100088/245892 100052/88550 100001/263095 99671/140 100290/93753 100445/146904 100214/177 16135/16165 
Sat Mar 11 03:30:17 2017
:iter 14 time 50.01 totaltime 700.7 time-1 839.1 time-2 18.91 eplasetime 1.217e+04 training-LL -1.68031e+10 Nwt 4686412996 avg 4.22998 Nt 1603588
after210/210 99937/163673 100088/223532 100052/74230 100001/284595 99671/384 100290/107470 100445/145684 100214/107 36/116 
Sat Mar 11 03:41:40 2017
:iter 15 time 50.01 totaltime 750.7 time-1 664.9 time-2 18.56 eplasetime 1.285e+04 training-LL -1.65264e+10 Nwt 5019236377 avg 4.53039 Nt 1763520
after662/662 99937/158234 100088/192632 100052/68050 100001/301675 99671/190 100290/126083 100445/151925 100214/327 50/223 
Sat Mar 11 03:53:54 2017
:iter 16 time 50.01 totaltime 800.7 time-1 714.3 time-2 18.84 eplasetime 1.359e+04 training-LL -1.62437e+10 Nwt 5348234397 avg 4.82735 Nt 1930732
after2567/2607 99937/112684 100088/224052 100052/72390 100001/309515 99671/118 100290/132195 100445/145484 100214/260 666/696 
Sat Mar 11 04:06:57 2017
:iter 17 time 50.01 totaltime 850.8 time-1 765.2 time-2 18.13 eplasetime 1.437e+04 training-LL -1.59559e+10 Nwt 5671371046 avg 5.11901 Nt 2105128
after217/249 99937/99711 100088/207232 100052/101070 100001/304156 99671/268 100290/142065 100445/144904 100214/240 86/106 
Sat Mar 11 04:21:18 2017
:iter 18 time 50 totaltime 900.8 time-1 842.9 time-2 17.86 eplasetime 1.523e+04 training-LL -1.56554e+10 Nwt 6004823717 avg 5.41999 Nt 2276970
after279/316 99937/105486 100088/188473 100052/74090 100001/338715 99671/121 100290/153572 100445/138944 100214/164 80/120 
Sat Mar 11 04:34:57 2017
:iter 19 time 50 totaltime 950.8 time-1 801.6 time-2 17.51 eplasetime 1.605e+04 training-LL -1.53641e+10 Nwt 6333166681 avg 5.71635 Nt 2455020
after202/222 99937/92241 100088/185592 100052/49650 100001/367835 99671/31 100290/161262 100445/142525 100214/547 56/96 
Sat Mar 11 04:48:58 2017
:iter 20 time 50.01 totaltime 1001 time-1 824.3 time-2 16.95 eplasetime 1.689e+04 training-LL -1.50792e+10 Nwt 6660568922 avg 6.01187 Nt 2631404
after246/279 99937/86610 100088/162252 100052/24130 100001/412335 99671/321 100290/168092 100445/145305 100214/222 428/455 
Sat Mar 11 05:03:46 2017
:iter 21 time 50 totaltime 1051 time-1 871.6 time-2 16.82 eplasetime 1.778e+04 training-LL -1.48109e+10 Nwt 6986159914 avg 6.30575 Nt 2822730
after17/100 99937/84351 100088/145192 100052/3550 100001/448196 99671/78 100290/173475 100445/144824 100214/96 136/139 
Sat Mar 11 05:18:23 2017
:iter 22 time 50.01 totaltime 1101 time-1 859.6 time-2 16.58 eplasetime 1.866e+04 training-LL -1.45528e+10 Nwt 7319933157 avg 6.60701 Nt 3007674
after294/294 99937/84791 100088/120152 100052/184 100001/472281 99671/165 100290/184268 100445/137684 100214/100 2/82 
Sat Mar 11 05:30:59 2017
:iter 23 time 50.01 totaltime 1151 time-1 740.1 time-2 16.66 eplasetime 1.941e+04 training-LL -1.43205e+10 Nwt 7641103209 avg 6.8969 Nt 3200970
after346/386 99937/76034 100088/116553 100052/161 100001/481444 99671/46 100290/197987 100445/127144 100214/95 111/151 
Sat Mar 11 05:45:21 2017
:iter 24 time 50 totaltime 1201 time-1 845.7 time-2 16.38 eplasetime 2.027e+04 training-LL -1.41053e+10 Nwt 7969052132 avg 7.19291 Nt 3400080
after25/44 99937/75629 100088/92632 100052/2680 100001/503465 99671/40 100290/170393 100445/154764 100214/312 2/42 
Sat Mar 11 05:57:52 2017
:iter 25 time 50.01 totaltime 1251 time-1 734.8 time-2 16.02 eplasetime 2.103e+04 training-LL -1.39076e+10 Nwt 8298470362 avg 7.49025 Nt 3590126
after1569/1606 99937/85044 100088/57992 100052/16220 100001/514306 99671/41 100290/148612 100445/174164 100214/84 1913/1932 
Sat Mar 11 06:11:11 2017
:iter 26 time 50 totaltime 1301 time-1 782.6 time-2 16.19 eplasetime 2.182e+04 training-LL -1.37264e+10 Nwt 8631456377 avg 7.7908 Nt 3788620
after466/506 99937/86489 100088/34332 100052/1740 100001/555505 99671/32 100290/124141 100445/197084 100214/77 75/95 
Sat Mar 11 06:24:51 2017
:iter 27 time 50 totaltime 1351 time-1 803.9 time-2 16.16 eplasetime 2.264e+04 training-LL -1.35684e+10 Nwt 8953771386 avg 8.08172 Nt 3987227
after67/67 99937/92491 100088/10072 100052/34240 100001/552405 99671/34 100290/102159 100445/208424 100214/68 1/41 
Sat Mar 11 06:38:32 2017
:iter 28 time 50.01 totaltime 1401 time-1 805.4 time-2 16.06 eplasetime 2.347e+04 training-LL -1.34242e+10 Nwt 9277532832 avg 8.37395 Nt 4191450
after5887/5927 99937/83536 100088/940 100052/48432 100001/548945 99671/20 100290/105573 100445/184524 100214/22021 43/83 
Sat Mar 11 06:52:22 2017
:iter 29 time 50.01 totaltime 1451 time-1 813.9 time-2 15.59 eplasetime 2.429e+04 training-LL -1.32885e+10 Nwt 9611747274 avg 8.67562 Nt 4390320
after3938/3958 99937/86027 100088/1191 100052/57001 100001/541525 99671/29 100290/106984 100445/157805 100214/43940 1501/1541 
Sat Mar 11 07:07:09 2017
:iter 30 time 50 totaltime 1501 time-1 871.7 time-2 15.44 eplasetime 2.518e+04 training-LL -1.31709e+10 Nwt 9933022023 avg 8.9656 Nt 4596810
after88/108 99937/95479 100088/503 100052/60269 100001/542565 99671/174 100290/103219 100445/143664 100214/53980 0/40 
Sat Mar 11 07:22:15 2017
:iter 31 time 50.01 totaltime 1551 time-1 890.9 time-2 15.2 eplasetime 2.609e+04 training-LL -1.30649e+10 Nwt 10251069300 avg 9.25267 Nt 4807457
after74/114 99937/96491 100088/896 100052/62237 100001/549625 99671/275 100290/99458 100445/121264 100214/69580 23/61 
Sat Mar 11 07:36:53 2017
:iter 32 time 50.01 totaltime 1601 time-1 862.4 time-2 15.35 eplasetime 2.697e+04 training-LL -1.29623e+10 Nwt 10584848259 avg 9.55394 Nt 5011140
after0/40 99937/94725 100088/1957 100052/74015 100001/520685 99671/14265 100290/120248 100445/86424 100214/87580 29/62 
Sat Mar 11 07:51:39 2017
:iter 33 time 50 totaltime 1651 time-1 871.1 time-2 15.09 eplasetime 2.785e+04 training-LL -1.28701e+10 Nwt 10915264250 avg 9.85218 Nt 5218369
after91/130 99937/85695 100088/15497 100052/90195 100001/524365 99671/41 100290/125492 100445/63384 100214/95140 21/62 

===================================================================================
=   BAD TERMINATION OF ONE OF YOUR APPLICATION PROCESSES
=   PID 38824 RUNNING AT 10.16.0.97
=   EXIT CODE: 15
=   CLEANING UP REMAINING PROCESSES
=   YOU CAN IGNORE THE BELOW CLEANUP MESSAGES
===================================================================================
[proxy:0:4@j-101] HYD_pmcd_pmip_control_cmd_cb (pm/pmiserv/pmip_cb.c:885): assert (!closed) failed
[proxy:0:4@j-101] HYDT_dmxu_poll_wait_for_event (tools/demux/demux_poll.c:76): callback returned error status
[proxy:0:4@j-101] main (pm/pmiserv/pmip.c:206): demux engine error waiting for event
[proxy:0:5@j-102] HYD_pmcd_pmip_control_cmd_cb (pm/pmiserv/pmip_cb.c:885): assert (!closed) failed
[proxy:0:5@j-102] HYDT_dmxu_poll_wait_for_event (tools/demux/demux_poll.c:76): callback returned error status
[proxy:0:5@j-102] main (pm/pmiserv/pmip.c:206): demux engine error waiting for event
[proxy:0:7@j-104] HYD_pmcd_pmip_control_cmd_cb (pm/pmiserv/pmip_cb.c:885): assert (!closed) failed
[proxy:0:7@j-104] HYDT_dmxu_poll_wait_for_event (tools/demux/demux_poll.c:76): callback returned error status
[proxy:0:7@j-104] main (pm/pmiserv/pmip.c:206): demux engine error waiting for event
[proxy:0:9@j-106] HYD_pmcd_pmip_control_cmd_cb (pm/pmiserv/pmip_cb.c:885): assert (!closed) failed
[proxy:0:9@j-106] HYDT_dmxu_poll_wait_for_event (tools/demux/demux_poll.c:76): callback returned error status
[proxy:0:9@j-106] main (pm/pmiserv/pmip.c:206): demux engine error waiting for event
[mpiexec@j-128] HYDT_bscu_wait_for_completion (tools/bootstrap/utils/bscu_wait.c:76): one of the processes terminated badly; aborting
[mpiexec@j-128] HYDT_bsci_wait_for_completion (tools/bootstrap/src/bsci_wait.c:23): launcher returned error waiting for completion
[mpiexec@j-128] HYD_pmci_wait_for_completion (pm/pmiserv/pmiserv_pmci.c:218): launcher returned error waiting for completion
[mpiexec@j-128] main (ui/mpich/mpiexec.c:344): process manager error waiting for completion
