### datafile /scratch/pengb/hpda/test/pubmed2m//pubmed-inv.ylda
### topic 1000 beta(0.010000) alpha(0.010000) eval(0) workers(6) threads per worker(12)
### iteration, docll, moll,  docll+moll, time per iter, total elapsed time
0  -4.812653e+08  -8.555974e+08  -1.336863e+09  62.618908 62.618908 
1  -4.572265e+08  -8.049778e+08  -1.262204e+09  62.410214 125.029122 
2  -4.407797e+08  -7.836450e+08  -1.224425e+09  58.671951 183.701073 
3  -4.273611e+08  -7.718500e+08  -1.199211e+09  64.179183 247.880256 
4  -4.146960e+08  -7.634742e+08  -1.178170e+09  59.941659 307.821915 
5  -4.011553e+08  -7.560122e+08  -1.157168e+09  59.430808 367.252723 
6  -3.860630e+08  -7.486169e+08  -1.134680e+09  59.981890 427.234613 
7  -3.705151e+08  -7.420357e+08  -1.112551e+09  53.313155 480.547768 
8  -3.560711e+08  -7.368855e+08  -1.092957e+09  52.174789 532.722557 
9  -3.433498e+08  -7.329755e+08  -1.076325e+09  63.485336 596.207893 
10  -3.323388e+08  -7.298379e+08  -1.062177e+09  57.670700 653.878593 
11  -3.227774e+08  -7.272375e+08  -1.050015e+09  47.413991 701.292584 
12  -3.144387e+08  -7.250248e+08  -1.039463e+09  42.865025 744.157609 
13  -3.070500e+08  -7.230488e+08  -1.030099e+09  48.926617 793.084226 
14  -3.004713e+08  -7.212835e+08  -1.021755e+09  51.584215 844.668441 
15  -2.946120e+08  -7.197184e+08  -1.014330e+09  44.004046 888.672487 
16  -2.893462e+08  -7.183415e+08  -1.007688e+09  52.666385 941.338872 
17  -2.845724e+08  -7.171248e+08  -1.001697e+09  50.886510 992.225382 
18  -2.802571e+08  -7.159708e+08  -9.962279e+08  42.851531 1035.076913 
19  -2.763344e+08  -7.149490e+08  -9.912833e+08  43.240191 1078.317104 
20  -2.727288e+08  -7.140789e+08  -9.868077e+08  77.398261 1155.715365 
21  -2.694275e+08  -7.132467e+08  -9.826742e+08  70.624589 1226.339954 
22  -2.663921e+08  -7.125110e+08  -9.789031e+08  80.696649 1307.036603 
23  -2.635830e+08  -7.118196e+08  -9.754026e+08  71.390962 1378.427565 
24  -2.609804e+08  -7.112238e+08  -9.722043e+08  47.448630 1425.876195 
25  -2.585640e+08  -7.106270e+08  -9.691910e+08  42.480787 1468.356982 
26  -2.563174e+08  -7.101257e+08  -9.664430e+08  40.119414 1508.476396 
27  -2.541838e+08  -7.096366e+08  -9.638205e+08  42.595071 1551.071467 
28  -2.521622e+08  -7.092364e+08  -9.613986e+08  60.592069 1611.663536 
29  -2.503044e+08  -7.088225e+08  -9.591269e+08  40.492038 1652.155574 
30  -2.485437e+08  -7.084699e+08  -9.570136e+08  52.742045 1704.897619 
31  -2.468837e+08  -7.080937e+08  -9.549774e+08  41.124909 1746.022528 
32  -2.453140e+08  -7.077799e+08  -9.530939e+08  45.404643 1791.427171 
33  -2.438413e+08  -7.074882e+08  -9.513295e+08  45.832689 1837.259860 
34  -2.424387e+08  -7.072140e+08  -9.496527e+08  47.921992 1885.181852 
35  -2.410773e+08  -7.069934e+08  -9.480707e+08  46.894846 1932.076698 
36  -2.398113e+08  -7.067159e+08  -9.465272e+08  47.936817 1980.013515 
37  -2.385917e+08  -7.064751e+08  -9.450667e+08  51.277557 2031.291072 
38  -2.374191e+08  -7.062533e+08  -9.436724e+08  66.760957 2098.052029 
39  -2.362927e+08  -7.060765e+08  -9.423692e+08  59.803877 2157.855906 
40  -2.352203e+08  -7.058871e+08  -9.411074e+08  46.500017 2204.355923 
41  -2.342176e+08  -7.056685e+08  -9.398861e+08  49.927974 2254.283897 
42  -2.332330e+08  -7.055353e+08  -9.387684e+08  67.696075 2321.979972 
43  -2.323060e+08  -7.054002e+08  -9.377061e+08  46.556206 2368.536178 
44  -2.314082e+08  -7.052391e+08  -9.366473e+08  46.322428 2414.858606 
45  -2.305676e+08  -7.050863e+08  -9.356540e+08  50.018960 2464.877566 
46  -2.297468e+08  -7.049733e+08  -9.347201e+08  75.221804 2540.099370 
47  -2.289300e+08  -7.048648e+08  -9.337947e+08  59.030014 2599.129384 
48  -2.281611e+08  -7.047566e+08  -9.329177e+08  41.702900 2640.832284 
49  -2.274152e+08  -7.046503e+08  -9.320655e+08  48.687053 2689.519337 
50  -2.267051e+08  -7.045545e+08  -9.312596e+08  48.134802 2737.654139 
51  -2.260236e+08  -7.044803e+08  -9.305039e+08  41.615330 2779.269469 
52  -2.253687e+08  -7.043736e+08  -9.297424e+08  64.613886 2843.883355 
53  -2.247687e+08  -7.042605e+08  -9.290293e+08  63.508194 2907.391549 
54  -2.241390e+08  -7.041699e+08  -9.283090e+08  42.249841 2949.641390 
55  -2.235295e+08  -7.041100e+08  -9.276395e+08  75.817500 3025.458890 
56  -2.229802e+08  -7.040319e+08  -9.270120e+08  67.762658 3093.221548 
57  -2.224345e+08  -7.039411e+08  -9.263756e+08  47.369929 3140.591477 
58  -2.219148e+08  -7.039080e+08  -9.258228e+08  42.553643 3183.145120 
59  -2.213831e+08  -7.038189e+08  -9.252020e+08  41.696914 3224.842034 
60  -2.208918e+08  -7.037572e+08  -9.246490e+08  63.020374 3287.862408 
61  -2.204099e+08  -7.037116e+08  -9.241215e+08  42.913420 3330.775828 
62  -2.199581e+08  -7.036540e+08  -9.236121e+08  65.208934 3395.984762 
63  -2.195078e+08  -7.035758e+08  -9.230836e+08  45.745989 3441.730751 
64  -2.190789e+08  -7.035274e+08  -9.226063e+08  43.800383 3485.531134 
65  -2.186389e+08  -7.034764e+08  -9.221153e+08  73.089617 3558.620751 
66  -2.182147e+08  -7.034113e+08  -9.216260e+08  60.963933 3619.584684 
67  -2.178391e+08  -7.033636e+08  -9.212027e+08  49.657328 3669.242012 
68  -2.174562e+08  -7.032945e+08  -9.207507e+08  53.811828 3723.053840 
69  -2.170909e+08  -7.032429e+08  -9.203338e+08  58.782968 3781.836808 
70  -2.167048e+08  -7.031933e+08  -9.198981e+08  71.482461 3853.319269 
71  -2.163555e+08  -7.031743e+08  -9.195298e+08  67.567424 3920.886693 
72  -2.160048e+08  -7.031378e+08  -9.191426e+08  43.170030 3964.056723 
73  -2.156658e+08  -7.031179e+08  -9.187837e+08  58.205584 4022.262307 
74  -2.153321e+08  -7.030780e+08  -9.184101e+08  41.797411 4064.059718 
75  -2.150229e+08  -7.030351e+08  -9.180580e+08  72.256341 4136.316059 
76  -2.147049e+08  -7.030243e+08  -9.177292e+08  55.816271 4192.132330 
77  -2.143993e+08  -7.029782e+08  -9.173775e+08  62.880849 4255.013179 
78  -2.141162e+08  -7.029539e+08  -9.170701e+08  42.079595 4297.092774 
79  -2.138391e+08  -7.029071e+08  -9.167463e+08  50.144415 4347.237189 
80  -2.135655e+08  -7.028778e+08  -9.164434e+08  60.984281 4408.221470 
81  -2.132953e+08  -7.028699e+08  -9.161653e+08  70.389899 4478.611369 
82  -2.130215e+08  -7.028437e+08  -9.158651e+08  67.453343 4546.064712 
83  -2.127605e+08  -7.028268e+08  -9.155874e+08  61.132506 4607.197218 
84  -2.124978e+08  -7.028011e+08  -9.152989e+08  71.920161 4679.117379 
85  -2.122463e+08  -7.027600e+08  -9.150063e+08  65.119838 4744.237217 
86  -2.120408e+08  -7.027347e+08  -9.147755e+08  42.604500 4786.841717 
87  -2.118019e+08  -7.027118e+08  -9.145137e+08  58.608671 4845.450388 
88  -2.115696e+08  -7.026840e+08  -9.142535e+08  43.295923 4888.746311 
89  -2.113505e+08  -7.026814e+08  -9.140319e+08  65.118481 4953.864792 
90  -2.111536e+08  -7.026429e+08  -9.137965e+08  69.785945 5023.650737 
91  -2.109439e+08  -7.026155e+08  -9.135594e+08  63.815553 5087.466290 
92  -2.107311e+08  -7.025927e+08  -9.133238e+08  43.009669 5130.475959 
93  -2.105356e+08  -7.025616e+08  -9.130972e+08  44.513958 5174.989917 
94  -2.103334e+08  -7.025467e+08  -9.128800e+08  72.354309 5247.344226 
95  -2.101385e+08  -7.024978e+08  -9.126363e+08  76.871324 5324.215550 
96  -2.099539e+08  -7.025121e+08  -9.124661e+08  68.150158 5392.365708 
97  -2.097674e+08  -7.024685e+08  -9.122358e+08  77.983116 5470.348824 
98  -2.095959e+08  -7.024562e+08  -9.120521e+08  51.376704 5521.725528 
99  -2.094152e+08  -7.024471e+08  -9.118623e+08  42.889246 5564.614774 
100  -2.092518e+08  -7.024497e+08  -9.117015e+08  46.295076 5610.909850 
101  -2.090842e+08  -7.024126e+08  -9.114968e+08  75.822198 5686.732048 
