### datafile /share/jproject/fg474/dataset/enwiki-1M/petuum-2//enwiki-1M.id.txt.ylda
### topic 10000 beta(0.010000) alpha(0.010000) eval(0) workers(2) threads per worker(30)
### iteration, docll, moll,  docll+moll, time per iter, total elapsed time
0  -8.773756e+09  -1.122286e+10  -1.999661e+10  372.211755 372.211755 
1  -7.975119e+09  -1.071298e+10  -1.868810e+10  347.022891 719.234646 
2  -7.519555e+09  -1.030462e+10  -1.782418e+10  314.214418 1033.449064 
3  -7.113632e+09  -9.875294e+09  -1.698893e+10  304.541046 1337.990110 
4  -6.666948e+09  -9.377455e+09  -1.604440e+10  283.125750 1621.115860 
5  -6.199267e+09  -8.848563e+09  -1.504783e+10  266.715488 1887.831348 
6  -5.807859e+09  -8.378860e+09  -1.418672e+10  244.603613 2132.434961 
7  -5.544063e+09  -8.008791e+09  -1.355285e+10  230.338093 2362.773054 
8  -5.382860e+09  -7.722925e+09  -1.310579e+10  218.418782 2581.191836 
9  -5.285297e+09  -7.495881e+09  -1.278118e+10  201.799091 2782.990927 
10  -5.225392e+09  -7.309658e+09  -1.253505e+10  185.866814 2968.857741 
11  -5.186582e+09  -7.152710e+09  -1.233929e+10  176.295697 3145.153438 
12  -5.161737e+09  -7.018100e+09  -1.217984e+10  174.663986 3319.817424 
13  -5.144341e+09  -6.900917e+09  -1.204526e+10  169.221566 3489.038990 
14  -5.133434e+09  -6.797612e+09  -1.193105e+10  160.392193 3649.431183 
15  -5.126206e+09  -6.705619e+09  -1.183182e+10  159.374691 3808.805874 
16  -5.121373e+09  -6.623413e+09  -1.174479e+10  150.076076 3958.881950 
17  -5.116982e+09  -6.549514e+09  -1.166650e+10  147.125494 4106.007444 
18  -5.115492e+09  -6.482738e+09  -1.159823e+10  149.293526 4255.300970 
19  -5.115492e+09  -6.421940e+09  -1.153743e+10  142.068473 4397.369443 
20  -5.114669e+09  -6.366212e+09  -1.148088e+10  145.746756 4543.116199 
21  -5.113239e+09  -6.315663e+09  -1.142890e+10  143.979490 4687.095689 
22  -5.113710e+09  -6.268960e+09  -1.138267e+10  145.029222 4832.124911 
23  -5.114965e+09  -6.225726e+09  -1.134069e+10  141.916305 4974.041216 
24  -5.116040e+09  -6.185715e+09  -1.130175e+10  141.856895 5115.898111 
25  -5.117182e+09  -6.148559e+09  -1.126574e+10  139.159329 5255.057440 
26  -5.117697e+09  -6.114342e+09  -1.123204e+10  140.730260 5395.787700 
27  -5.118389e+09  -6.082311e+09  -1.120070e+10  140.326852 5536.114552 
28  -5.119546e+09  -6.052527e+09  -1.117207e+10  141.488410 5677.602962 
29  -5.120154e+09  -6.024772e+09  -1.114493e+10  140.569385 5818.172347 
30  -5.120054e+09  -5.998892e+09  -1.111895e+10  144.184843 5962.357190 
31  -5.120370e+09  -5.974565e+09  -1.109493e+10  139.284290 6101.641480 
32  -5.119446e+09  -5.952083e+09  -1.107153e+10  141.987903 6243.629383 
33  -5.119774e+09  -5.930725e+09  -1.105050e+10  138.093524 6381.722907 
34  -5.119933e+09  -5.910549e+09  -1.103048e+10  136.193392 6517.916299 
35  -5.120023e+09  -5.891653e+09  -1.101168e+10  139.682078 6657.598377 
36  -5.120126e+09  -5.873959e+09  -1.099409e+10  135.721890 6793.320267 
37  -5.121325e+09  -5.856751e+09  -1.097808e+10  135.919653 6929.239920 
38  -5.122126e+09  -5.840651e+09  -1.096278e+10  136.614778 7065.854698 
39  -5.122038e+09  -5.825418e+09  -1.094746e+10  136.060244 7201.914942 
40  -5.121877e+09  -5.810962e+09  -1.093284e+10  137.466046 7339.380988 
41  -5.121163e+09  -5.797402e+09  -1.091857e+10  134.466349 7473.847337 
42  -5.121527e+09  -5.784487e+09  -1.090601e+10  131.697937 7605.545274 
43  -5.121060e+09  -5.772208e+09  -1.089327e+10  135.189931 7740.735205 
44  -5.120327e+09  -5.760668e+09  -1.088100e+10  136.162794 7876.897999 
45  -5.120696e+09  -5.749603e+09  -1.087030e+10  139.190366 8016.088365 
46  -5.119952e+09  -5.739063e+09  -1.085901e+10  135.447131 8151.535496 
47  -5.119367e+09  -5.729139e+09  -1.084851e+10  139.070800 8290.606296 
48  -5.118771e+09  -5.719619e+09  -1.083839e+10  133.869434 8424.475730 
49  -5.118120e+09  -5.710596e+09  -1.082872e+10  134.106430 8558.582160 
50  -5.117425e+09  -5.701829e+09  -1.081925e+10  130.469132 8689.051292 
51  -5.116235e+09  -5.693566e+09  -1.080980e+10  134.673103 8823.724395 
52  -5.115015e+09  -5.685706e+09  -1.080072e+10  135.805750 8959.530145 
53  -5.114850e+09  -5.678223e+09  -1.079307e+10  133.200083 9092.730228 
54  -5.114534e+09  -5.670766e+09  -1.078530e+10  131.688120 9224.418348 
55  -5.112656e+09  -5.663894e+09  -1.077655e+10  138.909132 9363.327480 
56  -5.112846e+09  -5.657250e+09  -1.077010e+10  134.829958 9498.157438 
57  -5.111513e+09  -5.650965e+09  -1.076248e+10  135.504046 9633.661484 
58  -5.111143e+09  -5.644739e+09  -1.075588e+10  140.288219 9773.949703 
59  -5.110663e+09  -5.638757e+09  -1.074942e+10  134.949454 9908.899157 
60  -5.110283e+09  -5.633011e+09  -1.074329e+10  134.698536 10043.597693 
61  -5.108840e+09  -5.627607e+09  -1.073645e+10  133.596115 10177.193808 
62  -5.107120e+09  -5.622673e+09  -1.072979e+10  135.545594 10312.739402 
63  -5.107439e+09  -5.617312e+09  -1.072475e+10  136.636054 10449.375456 
64  -5.106719e+09  -5.612530e+09  -1.071925e+10  137.109794 10586.485250 
65  -5.105757e+09  -5.607856e+09  -1.071361e+10  137.675573 10724.160823 
66  -5.104549e+09  -5.603440e+09  -1.070799e+10  136.082391 10860.243214 
67  -5.103342e+09  -5.599301e+09  -1.070264e+10  132.542863 10992.786077 
68  -5.102248e+09  -5.595152e+09  -1.069740e+10  140.540928 11133.327005 
69  -5.101452e+09  -5.591300e+09  -1.069275e+10  131.898195 11265.225200 
70  -5.100639e+09  -5.587349e+09  -1.068799e+10  137.829961 11403.055161 
71  -5.099897e+09  -5.583587e+09  -1.068348e+10  137.429668 11540.484829 
72  -5.098773e+09  -5.580091e+09  -1.067886e+10  139.315528 11679.800357 
73  -5.097638e+09  -5.576896e+09  -1.067453e+10  133.782201 11813.582558 
74  -5.097463e+09  -5.573307e+09  -1.067077e+10  130.317951 11943.900509 
75  -5.096816e+09  -5.569843e+09  -1.066666e+10  128.400767 12072.301276 
76  -5.095266e+09  -5.566757e+09  -1.066202e+10  129.143898 12201.445174 
77  -5.094419e+09  -5.563741e+09  -1.065816e+10  135.342082 12336.787256 
78  -5.093429e+09  -5.560869e+09  -1.065430e+10  135.607545 12472.394801 
79  -5.093385e+09  -5.557900e+09  -1.065128e+10  134.478217 12606.873018 
80  -5.091634e+09  -5.555259e+09  -1.064689e+10  139.743294 12746.616312 
81  -5.090012e+09  -5.552703e+09  -1.064271e+10  139.463509 12886.079821 
82  -5.088560e+09  -5.550418e+09  -1.063898e+10  138.153693 13024.233514 
83  -5.089448e+09  -5.547658e+09  -1.063711e+10  140.854321 13165.087835 
84  -5.088765e+09  -5.545127e+09  -1.063389e+10  134.116448 13299.204283 
85  -5.088176e+09  -5.542761e+09  -1.063094e+10  131.715165 13430.919448 
86  -5.087367e+09  -5.540307e+09  -1.062767e+10  132.156066 13563.075514 
87  -5.086354e+09  -5.537994e+09  -1.062435e+10  131.803852 13694.879366 
88  -5.084938e+09  -5.536054e+09  -1.062099e+10  132.963031 13827.842397 
89  -5.083639e+09  -5.534071e+09  -1.061771e+10  134.188450 13962.030847 
90  -5.083309e+09  -5.531988e+09  -1.061530e+10  133.589036 14095.619883 
91  -5.083049e+09  -5.529846e+09  -1.061290e+10  136.560703 14232.180586 
92  -5.082588e+09  -5.527822e+09  -1.061041e+10  132.579988 14364.760574 
93  -5.081372e+09  -5.525931e+09  -1.060730e+10  133.411486 14498.172060 
94  -5.079365e+09  -5.524450e+09  -1.060381e+10  136.430093 14634.602153 
95  -5.079869e+09  -5.522572e+09  -1.060244e+10  129.349769 14763.951922 
96  -5.078375e+09  -5.520851e+09  -1.059923e+10  130.404364 14894.356286 
97  -5.078392e+09  -5.519014e+09  -1.059741e+10  130.494670 15024.850956 
98  -5.076928e+09  -5.517521e+09  -1.059445e+10  134.583747 15159.434703 
99  -5.076254e+09  -5.515872e+09  -1.059213e+10  134.295866 15293.730569 
100  -5.075581e+09  -5.514125e+09  -1.058971e+10  133.430785 15427.161354 
101  -5.074808e+09  -5.512784e+09  -1.058759e+10  133.332061 15560.493415 
102  -5.073761e+09  -5.511561e+09  -1.058532e+10  128.253255 15688.746670 
103  -5.072874e+09  -5.510001e+09  -1.058287e+10  131.874399 15820.621069 
104  -5.071645e+09  -5.508708e+09  -1.058035e+10  137.855746 15958.476815 
105  -5.071125e+09  -5.507554e+09  -1.057868e+10  136.685234 16095.162049 
106  -5.070493e+09  -5.506306e+09  -1.057680e+10  134.722038 16229.884087 
107  -5.070904e+09  -5.504722e+09  -1.057563e+10  135.284976 16365.169063 
108  -5.070064e+09  -5.503309e+09  -1.057337e+10  138.102859 16503.271922 
109  -5.069155e+09  -5.502060e+09  -1.057122e+10  136.931239 16640.203161 
110  -5.068509e+09  -5.500783e+09  -1.056929e+10  137.306698 16777.509859 
111  -5.067541e+09  -5.499678e+09  -1.056722e+10  135.770896 16913.280755 
112  -5.066443e+09  -5.498730e+09  -1.056517e+10  139.317388 17052.598143 
113  -5.066072e+09  -5.497709e+09  -1.056378e+10  133.368893 17185.967036 
114  -5.065352e+09  -5.496708e+09  -1.056206e+10  134.119459 17320.086495 
115  -5.064790e+09  -5.495660e+09  -1.056045e+10  136.758753 17456.845248 
116  -5.063883e+09  -5.494742e+09  -1.055863e+10  133.006992 17589.852240 
117  -5.063537e+09  -5.493694e+09  -1.055723e+10  137.184518 17727.036758 
118  -5.062376e+09  -5.492795e+09  -1.055517e+10  133.386262 17860.423020 
119  -5.062225e+09  -5.491735e+09  -1.055396e+10  132.075248 17992.498268 
